[0.033s] Invoking command in '/home/abdelrahman/Wall-Painting-Robot/build/realtime_tools': CMAKE_PREFIX_PATH=${CMAKE_PREFIX_PATH}:/home/abdelrahman/Wall-Painting-Robot/install/rqt_joint_trajectory_controller:/home/abdelrahman/Wall-Painting-Robot/install/rqt_controller_manager:/home/abdelrahman/Wall-Painting-Robot/install/ros2controlcli:/home/abdelrahman/Wall-Painting-Robot/install/ros2_controllers_test_nodes:/opt/ros/humble /usr/bin/cmake /home/abdelrahman/Wall-Painting-Robot/src/ros_ur_driver/src/realtime_tools -DAMENT_CMAKE_SYMLINK_INSTALL=1 -DCMAKE_INSTALL_PREFIX=/home/abdelrahman/Wall-Painting-Robot/install/realtime_tools
[0.215s] -- The CXX compiler identification is GNU 11.4.0
[0.215s] -- Detecting CXX compiler ABI info
[0.215s] -- Detecting CXX compiler ABI info - done
[0.216s] -- Check for working CXX compiler: /usr/bin/c++ - skipped
[0.216s] -- Detecting CXX compile features
[0.216s] -- Detecting CXX compile features - done
[0.216s] -- Found ament_cmake: 1.3.11 (/opt/ros/humble/share/ament_cmake/cmake)
[0.314s] -- Found Python3: /usr/bin/python3 (found version "3.10.12") found components: Interpreter 
[0.401s] -- Override CMake install command with custom implementation using symlinks instead of copying resources
[0.492s] -- Found rclcpp: 16.0.12 (/opt/ros/humble/share/rclcpp/cmake)
[0.543s] -- Found rosidl_generator_c: 3.1.6 (/opt/ros/humble/share/rosidl_generator_c/cmake)
[0.548s] -- Found rosidl_adapter: 3.1.6 (/opt/ros/humble/share/rosidl_adapter/cmake)
[0.558s] -- Found rosidl_generator_cpp: 3.1.6 (/opt/ros/humble/share/rosidl_generator_cpp/cmake)
[0.574s] -- Using all available rosidl_typesupport_c: rosidl_typesupport_fastrtps_c;rosidl_typesupport_introspection_c
[0.593s] -- Using all available rosidl_typesupport_cpp: rosidl_typesupport_fastrtps_cpp;rosidl_typesupport_introspection_cpp
[0.647s] -- Found rmw_implementation_cmake: 6.1.2 (/opt/ros/humble/share/rmw_implementation_cmake/cmake)
[0.653s] -- Found rmw_fastrtps_cpp: 6.2.7 (/opt/ros/humble/share/rmw_fastrtps_cpp/cmake)
[0.753s] -- Found OpenSSL: /usr/lib/x86_64-linux-gnu/libcrypto.so (found version "3.0.2")  
[0.811s] -- Found FastRTPS: /opt/ros/humble/include  
[0.899s] -- Using RMW implementation 'rmw_fastrtps_cpp' as default
[0.930s] -- Looking for C++ include pthread.h
[1.256s] -- Looking for C++ include pthread.h - found
[1.263s] -- Performing Test CMAKE_HAVE_LIBC_PTHREAD
[1.588s] -- Performing Test CMAKE_HAVE_LIBC_PTHREAD - Success
[1.589s] -- Found Threads: TRUE  
[1.676s] -- Found rclcpp_action: 16.0.12 (/opt/ros/humble/share/rclcpp_action/cmake)
[1.732s] -- Found Boost: /usr/lib/x86_64-linux-gnu/cmake/Boost-1.74.0/BoostConfig.cmake (found version "1.74.0") found components: headers 
[1.746s] -- Found ament_cmake_gmock: 1.3.11 (/opt/ros/humble/share/ament_cmake_gmock/cmake)
[1.748s] -- Found lifecycle_msgs: 1.2.1 (/opt/ros/humble/share/lifecycle_msgs/cmake)
[1.782s] -- Found rclcpp_lifecycle: 16.0.12 (/opt/ros/humble/share/rclcpp_lifecycle/cmake)
[1.806s] -- Found test_msgs: 1.2.1 (/opt/ros/humble/share/test_msgs/cmake)
[1.851s] -- Found gmock sources under '/opt/ros/humble/src/gmock_vendor': C++ tests using 'Google Mock' will be built
[1.988s] -- The C compiler identification is GNU 11.4.0
[2.004s] -- Detecting C compiler ABI info
[2.321s] -- Detecting C compiler ABI info - done
[2.337s] -- Check for working C compiler: /usr/bin/cc - skipped
[2.337s] -- Detecting C compile features
[2.338s] -- Detecting C compile features - done
[2.352s] -- Found ament_cmake_gtest: 1.3.11 (/opt/ros/humble/share/ament_cmake_gtest/cmake)
[2.356s] -- Found gtest sources under '/opt/ros/humble/src/gtest_vendor': C++ tests using 'Google Test' will be built
[2.515s] -- Configuring done
[2.589s] -- Generating done
[2.613s] -- Build files have been written to: /home/abdelrahman/Wall-Painting-Robot/build/realtime_tools
[2.650s] Invoked command in '/home/abdelrahman/Wall-Painting-Robot/build/realtime_tools' returned '0': CMAKE_PREFIX_PATH=${CMAKE_PREFIX_PATH}:/home/abdelrahman/Wall-Painting-Robot/install/rqt_joint_trajectory_controller:/home/abdelrahman/Wall-Painting-Robot/install/rqt_controller_manager:/home/abdelrahman/Wall-Painting-Robot/install/ros2controlcli:/home/abdelrahman/Wall-Painting-Robot/install/ros2_controllers_test_nodes:/opt/ros/humble /usr/bin/cmake /home/abdelrahman/Wall-Painting-Robot/src/ros_ur_driver/src/realtime_tools -DAMENT_CMAKE_SYMLINK_INSTALL=1 -DCMAKE_INSTALL_PREFIX=/home/abdelrahman/Wall-Painting-Robot/install/realtime_tools
[2.651s] Invoking command in '/home/abdelrahman/Wall-Painting-Robot/build/realtime_tools': CMAKE_PREFIX_PATH=${CMAKE_PREFIX_PATH}:/home/abdelrahman/Wall-Painting-Robot/install/rqt_joint_trajectory_controller:/home/abdelrahman/Wall-Painting-Robot/install/rqt_controller_manager:/home/abdelrahman/Wall-Painting-Robot/install/ros2controlcli:/home/abdelrahman/Wall-Painting-Robot/install/ros2_controllers_test_nodes:/opt/ros/humble /usr/bin/cmake --build /home/abdelrahman/Wall-Painting-Robot/build/realtime_tools -- -j22 -l22
[2.714s] [  3%] [32mBuilding CXX object CMakeFiles/realtime_tools.dir/src/realtime_clock.cpp.o[0m
[2.714s] [  6%] [32mBuilding CXX object gmock/CMakeFiles/gmock_main.dir/src/gmock_main.cc.o[0m
[2.714s] [ 10%] [32mBuilding CXX object CMakeFiles/realtime_tools.dir/src/realtime_helpers.cpp.o[0m
[2.718s] [ 13%] [32mBuilding CXX object CMakeFiles/thread_priority.dir/src/realtime_helpers.cpp.o[0m
[2.721s] [ 16%] [32mBuilding CXX object gmock/CMakeFiles/gmock.dir/opt/ros/humble/src/gtest_vendor/src/gtest-all.cc.o[0m
[2.729s] [ 20%] [32mBuilding CXX object gmock/CMakeFiles/gmock.dir/src/gmock-all.cc.o[0m
[3.202s] [ 23%] [32m[1mLinking CXX shared library libthread_priority.so[0m
[3.497s] [ 23%] Built target thread_priority
[3.642s] [ 26%] [32m[1mLinking CXX shared library librealtime_tools.so[0m
[3.842s] [ 26%] Built target realtime_tools
[4.437s] [ 30%] [32m[1mLinking CXX static library libgmock_main.a[0m
[4.511s] [ 30%] Built target gmock_main
[7.876s] [ 33%] [32m[1mLinking CXX static library libgmock.a[0m
[8.296s] [ 33%] Built target gmock
[8.399s] [ 36%] [32mBuilding CXX object CMakeFiles/realtime_box_tests.dir/test/realtime_box_tests.cpp.o[0m
[8.407s] [ 40%] [32mBuilding CXX object CMakeFiles/thread_priority_tests.dir/test/thread_priority_tests.cpp.o[0m
[8.415s] [ 43%] [32mBuilding CXX object CMakeFiles/realtime_buffer_tests.dir/test/realtime_buffer_tests.cpp.o[0m
[8.439s] [ 46%] [32mBuilding CXX object CMakeFiles/realtime_publisher_tests.dir/test/realtime_publisher_tests.cpp.o[0m
[8.467s] [ 50%] [32mBuilding CXX object CMakeFiles/realtime_server_goal_handle_tests.dir/test/realtime_server_goal_handle_tests.cpp.o[0m
[8.516s] [ 53%] [32mBuilding CXX object CMakeFiles/lock_free_queue_tests.dir/test/lock_free_queue_tests.cpp.o[0m
[8.517s] [ 56%] [32mBuilding CXX object CMakeFiles/realtime_mutex_tests.dir/test/realtime_mutex_tests.cpp.o[0m
[8.579s] [ 60%] [32mBuilding CXX object CMakeFiles/realtime_clock_tests.dir/test/realtime_clock_tests.cpp.o[0m
[8.583s] [ 63%] [32mBuilding CXX object CMakeFiles/realtime_box_best_effort_tests.dir/test/realtime_box_best_effort_tests.cpp.o[0m
[8.613s] [ 66%] [32mBuilding CXX object CMakeFiles/test_async_function_handler.dir/test/test_async_function_handler.cpp.o[0m
[13.507s] [ 70%] [32m[1mLinking CXX executable realtime_clock_tests[0m
[13.753s] [ 73%] [32m[1mLinking CXX executable realtime_box_tests[0m
[13.779s] [ 76%] [32m[1mLinking CXX executable thread_priority_tests[0m
[14.029s] [ 80%] [32m[1mLinking CXX executable realtime_buffer_tests[0m
[14.081s] [ 80%] Built target realtime_box_tests
[14.111s] [ 80%] Built target realtime_clock_tests
[14.458s] [ 83%] [32m[1mLinking CXX executable realtime_mutex_tests[0m
[14.597s] [ 83%] Built target realtime_buffer_tests
[14.768s] [ 83%] Built target realtime_mutex_tests
[15.054s] [ 83%] Built target thread_priority_tests
[15.246s] [01m[K/home/abdelrahman/Wall-Painting-Robot/src/ros_ur_driver/src/realtime_tools/test/realtime_publisher_tests.cpp:[m[K In member function ‘[01m[Kvirtual void RealtimePublisher_construct_destruct_Test::TestBody()[m[K’:
[15.246s] [01m[K/home/abdelrahman/Wall-Painting-Robot/src/ros_ur_driver/src/realtime_tools/test/realtime_publisher_tests.cpp:45:76:[m[K [01;35m[Kwarning: [m[K‘[01m[Krealtime_tools::RealtimePublisher<MessageT>::RealtimePublisher() [with MessageT = test_msgs::msg::Strings_<std::allocator<void> >][m[K’ is deprecated: Use constructor with rclcpp::Publisher<T>::SharedPtr instead - this class does not make sense without a real publisher [[01;35m[K]8;;https://gcc.gnu.org/onlinedocs/gcc/Warning-Options.html#index-Wdeprecated-declarations-Wdeprecated-declarations]8;;[m[K]
[15.246s]    45 | TEST(RealtimePublisher, construct_destruct) { RealtimePublisher<StringMsg> [01;35m[Krt_pub[m[K; }
[15.246s]       |                                                                            [01;35m[K^~~~~~[m[K
[15.246s] In file included from [01m[K/home/abdelrahman/Wall-Painting-Robot/src/ros_ur_driver/src/realtime_tools/test/realtime_publisher_tests.cpp:39[m[K:
[15.246s] [01m[K/home/abdelrahman/Wall-Painting-Robot/src/ros_ur_driver/src/realtime_tools/include/realtime_tools/realtime_publisher.hpp:94:3:[m[K [01;36m[Knote: [m[Kdeclared here
[15.246s]    94 |   [01;36m[KRealtimePublisher[m[K()
[15.246s]       |   [01;36m[K^~~~~~~~~~~~~~~~~[m[K
[15.516s] [ 86%] [32m[1mLinking CXX executable realtime_box_best_effort_tests[0m
[15.798s] [ 86%] Built target realtime_box_best_effort_tests
[16.511s] [ 90%] [32m[1mLinking CXX executable lock_free_queue_tests[0m
[16.959s] [ 90%] Built target lock_free_queue_tests
[19.946s] [ 93%] [32m[1mLinking CXX executable test_async_function_handler[0m
[20.455s] [ 93%] Built target test_async_function_handler
[20.582s] [ 96%] [32m[1mLinking CXX executable realtime_server_goal_handle_tests[0m
[21.372s] [ 96%] Built target realtime_server_goal_handle_tests
[23.864s] [100%] [32m[1mLinking CXX executable realtime_publisher_tests[0m
[24.902s] [100%] Built target realtime_publisher_tests
[24.933s] Invoked command in '/home/abdelrahman/Wall-Painting-Robot/build/realtime_tools' returned '0': CMAKE_PREFIX_PATH=${CMAKE_PREFIX_PATH}:/home/abdelrahman/Wall-Painting-Robot/install/rqt_joint_trajectory_controller:/home/abdelrahman/Wall-Painting-Robot/install/rqt_controller_manager:/home/abdelrahman/Wall-Painting-Robot/install/ros2controlcli:/home/abdelrahman/Wall-Painting-Robot/install/ros2_controllers_test_nodes:/opt/ros/humble /usr/bin/cmake --build /home/abdelrahman/Wall-Painting-Robot/build/realtime_tools -- -j22 -l22
[24.939s] Invoking command in '/home/abdelrahman/Wall-Painting-Robot/build/realtime_tools': CMAKE_PREFIX_PATH=${CMAKE_PREFIX_PATH}:/home/abdelrahman/Wall-Painting-Robot/install/rqt_joint_trajectory_controller:/home/abdelrahman/Wall-Painting-Robot/install/rqt_controller_manager:/home/abdelrahman/Wall-Painting-Robot/install/ros2controlcli:/home/abdelrahman/Wall-Painting-Robot/install/ros2_controllers_test_nodes:/opt/ros/humble /usr/bin/cmake --install /home/abdelrahman/Wall-Painting-Robot/build/realtime_tools
[24.949s] -- Install configuration: ""
[24.950s] -- Execute custom install script
[24.951s] -- Symlinking: /home/abdelrahman/Wall-Painting-Robot/install/realtime_tools/include/realtime_tools/realtime_tools/async_function_handler.hpp
[24.963s] -- Symlinking: /home/abdelrahman/Wall-Painting-Robot/install/realtime_tools/include/realtime_tools/realtime_tools/lock_free_queue.hpp
[24.981s] -- Symlinking: /home/abdelrahman/Wall-Painting-Robot/install/realtime_tools/include/realtime_tools/realtime_tools/mutex.hpp
[24.995s] -- Symlinking: /home/abdelrahman/Wall-Painting-Robot/install/realtime_tools/include/realtime_tools/realtime_tools/realtime_box.h
[25.011s] -- Symlinking: /home/abdelrahman/Wall-Painting-Robot/install/realtime_tools/include/realtime_tools/realtime_tools/realtime_box.hpp
[25.027s] -- Symlinking: /home/abdelrahman/Wall-Painting-Robot/install/realtime_tools/include/realtime_tools/realtime_tools/realtime_box_best_effort.h
[25.044s] -- Symlinking: /home/abdelrahman/Wall-Painting-Robot/install/realtime_tools/include/realtime_tools/realtime_tools/realtime_box_best_effort.hpp
[25.062s] -- Symlinking: /home/abdelrahman/Wall-Painting-Robot/install/realtime_tools/include/realtime_tools/realtime_tools/realtime_buffer.h
[25.076s] -- Symlinking: /home/abdelrahman/Wall-Painting-Robot/install/realtime_tools/include/realtime_tools/realtime_tools/realtime_buffer.hpp
[25.095s] -- Symlinking: /home/abdelrahman/Wall-Painting-Robot/install/realtime_tools/include/realtime_tools/realtime_tools/realtime_clock.h
[25.110s] -- Symlinking: /home/abdelrahman/Wall-Painting-Robot/install/realtime_tools/include/realtime_tools/realtime_tools/realtime_clock.hpp
[25.133s] -- Symlinking: /home/abdelrahman/Wall-Painting-Robot/install/realtime_tools/include/realtime_tools/realtime_tools/realtime_helpers.hpp
[25.155s] -- Symlinking: /home/abdelrahman/Wall-Painting-Robot/install/realtime_tools/include/realtime_tools/realtime_tools/realtime_publisher.h
[25.171s] -- Symlinking: /home/abdelrahman/Wall-Painting-Robot/install/realtime_tools/include/realtime_tools/realtime_tools/realtime_publisher.hpp
[25.189s] -- Symlinking: /home/abdelrahman/Wall-Painting-Robot/install/realtime_tools/include/realtime_tools/realtime_tools/realtime_server_goal_handle.h
[25.214s] -- Symlinking: /home/abdelrahman/Wall-Painting-Robot/install/realtime_tools/include/realtime_tools/realtime_tools/realtime_server_goal_handle.hpp
[25.228s] -- Symlinking: /home/abdelrahman/Wall-Painting-Robot/install/realtime_tools/include/realtime_tools/realtime_tools/thread_priority.hpp
[25.240s] -- Symlinking: /home/abdelrahman/Wall-Painting-Robot/install/realtime_tools/share/realtime_tools/environment/library_path.sh
[25.258s] -- Symlinking: /home/abdelrahman/Wall-Painting-Robot/install/realtime_tools/share/realtime_tools/environment/library_path.dsv
[25.276s] -- Symlinking: /home/abdelrahman/Wall-Painting-Robot/install/realtime_tools/share/ament_index/resource_index/package_run_dependencies/realtime_tools
[25.290s] -- Symlinking: /home/abdelrahman/Wall-Painting-Robot/install/realtime_tools/share/ament_index/resource_index/parent_prefix_path/realtime_tools
[25.304s] -- Symlinking: /home/abdelrahman/Wall-Painting-Robot/install/realtime_tools/share/realtime_tools/environment/ament_prefix_path.sh
[25.319s] -- Symlinking: /home/abdelrahman/Wall-Painting-Robot/install/realtime_tools/share/realtime_tools/environment/ament_prefix_path.dsv
[25.344s] -- Symlinking: /home/abdelrahman/Wall-Painting-Robot/install/realtime_tools/share/realtime_tools/environment/path.sh
[25.368s] -- Symlinking: /home/abdelrahman/Wall-Painting-Robot/install/realtime_tools/share/realtime_tools/environment/path.dsv
[25.392s] -- Symlinking: /home/abdelrahman/Wall-Painting-Robot/install/realtime_tools/share/realtime_tools/local_setup.bash
[25.410s] -- Symlinking: /home/abdelrahman/Wall-Painting-Robot/install/realtime_tools/share/realtime_tools/local_setup.sh
[25.428s] -- Symlinking: /home/abdelrahman/Wall-Painting-Robot/install/realtime_tools/share/realtime_tools/local_setup.zsh
[25.444s] -- Symlinking: /home/abdelrahman/Wall-Painting-Robot/install/realtime_tools/share/realtime_tools/local_setup.dsv
[25.464s] -- Symlinking: /home/abdelrahman/Wall-Painting-Robot/install/realtime_tools/share/realtime_tools/package.dsv
[25.487s] -- Symlinking: /home/abdelrahman/Wall-Painting-Robot/install/realtime_tools/share/ament_index/resource_index/packages/realtime_tools
[25.500s] -- Symlinking: /home/abdelrahman/Wall-Painting-Robot/install/realtime_tools/share/realtime_tools/cmake/ament_cmake_export_targets-extras.cmake
[25.523s] -- Symlinking: /home/abdelrahman/Wall-Painting-Robot/install/realtime_tools/share/realtime_tools/cmake/ament_cmake_export_dependencies-extras.cmake
[25.540s] -- Symlinking: /home/abdelrahman/Wall-Painting-Robot/install/realtime_tools/share/realtime_tools/cmake/realtime_toolsConfig.cmake
[25.563s] -- Symlinking: /home/abdelrahman/Wall-Painting-Robot/install/realtime_tools/share/realtime_tools/cmake/realtime_toolsConfig-version.cmake
[25.578s] -- Symlinking: /home/abdelrahman/Wall-Painting-Robot/install/realtime_tools/share/realtime_tools/package.xml
[25.603s] -- Installing: /home/abdelrahman/Wall-Painting-Robot/install/realtime_tools/lib/librealtime_tools.so
[25.605s] -- Set runtime path of "/home/abdelrahman/Wall-Painting-Robot/install/realtime_tools/lib/librealtime_tools.so" to ""
[25.605s] -- Installing: /home/abdelrahman/Wall-Painting-Robot/install/realtime_tools/lib/libthread_priority.so
[25.605s] -- Set runtime path of "/home/abdelrahman/Wall-Painting-Robot/install/realtime_tools/lib/libthread_priority.so" to ""
[25.606s] -- Installing: /home/abdelrahman/Wall-Painting-Robot/install/realtime_tools/share/realtime_tools/cmake/export_realtime_toolsExport.cmake
[25.606s] -- Installing: /home/abdelrahman/Wall-Painting-Robot/install/realtime_tools/share/realtime_tools/cmake/export_realtime_toolsExport-noconfig.cmake
[25.612s] Invoked command in '/home/abdelrahman/Wall-Painting-Robot/build/realtime_tools' returned '0': CMAKE_PREFIX_PATH=${CMAKE_PREFIX_PATH}:/home/abdelrahman/Wall-Painting-Robot/install/rqt_joint_trajectory_controller:/home/abdelrahman/Wall-Painting-Robot/install/rqt_controller_manager:/home/abdelrahman/Wall-Painting-Robot/install/ros2controlcli:/home/abdelrahman/Wall-Painting-Robot/install/ros2_controllers_test_nodes:/opt/ros/humble /usr/bin/cmake --install /home/abdelrahman/Wall-Painting-Robot/build/realtime_tools
