[0.189s] Invoking command in '/home/abdelrahman/Wall-Painting-Robot/build/kinematics_interface': CMAKE_PREFIX_PATH=${CMAKE_PREFIX_PATH}:/home/abdelrahman/Wall-Painting-Robot/install/rqt_joint_trajectory_controller:/home/abdelrahman/Wall-Painting-Robot/install/rqt_controller_manager:/home/abdelrahman/Wall-Painting-Robot/install/ros2controlcli:/home/abdelrahman/Wall-Painting-Robot/install/ros2_controllers_test_nodes:/opt/ros/humble /usr/bin/cmake /home/abdelrahman/Wall-Painting-Robot/src/ros_ur_driver/src/kinematics_interface/kinematics_interface -DAMENT_CMAKE_SYMLINK_INSTALL=1 -DCMAKE_INSTALL_PREFIX=/home/abdelrahman/Wall-Painting-Robot/install/kinematics_interface
[0.234s] -- The CXX compiler identification is GNU 11.4.0
[0.239s] -- Detecting CXX compiler ABI info
[0.294s] -- Detecting CXX compiler ABI info - done
[0.300s] -- Check for working CXX compiler: /usr/bin/c++ - skipped
[0.300s] -- Detecting CXX compile features
[0.300s] -- Detecting CXX compile features - done
[0.302s] -- Found ament_cmake: 1.3.11 (/opt/ros/humble/share/ament_cmake/cmake)
[0.457s] -- Found Python3: /usr/bin/python3 (found version "3.10.12") found components: Interpreter 
[0.522s] -- Override CMake install command with custom implementation using symlinks instead of copying resources
[0.542s] -- Found rclcpp: 16.0.12 (/opt/ros/humble/share/rclcpp/cmake)
[0.591s] -- Found rosidl_generator_c: 3.1.6 (/opt/ros/humble/share/rosidl_generator_c/cmake)
[0.597s] -- Found rosidl_adapter: 3.1.6 (/opt/ros/humble/share/rosidl_adapter/cmake)
[0.606s] -- Found rosidl_generator_cpp: 3.1.6 (/opt/ros/humble/share/rosidl_generator_cpp/cmake)
[0.623s] -- Using all available rosidl_typesupport_c: rosidl_typesupport_fastrtps_c;rosidl_typesupport_introspection_c
[0.643s] -- Using all available rosidl_typesupport_cpp: rosidl_typesupport_fastrtps_cpp;rosidl_typesupport_introspection_cpp
[0.698s] -- Found rmw_implementation_cmake: 6.1.2 (/opt/ros/humble/share/rmw_implementation_cmake/cmake)
[0.703s] -- Found rmw_fastrtps_cpp: 6.2.7 (/opt/ros/humble/share/rmw_fastrtps_cpp/cmake)
[0.839s] -- Found OpenSSL: /usr/lib/x86_64-linux-gnu/libcrypto.so (found version "3.0.2")  
[0.897s] -- Found FastRTPS: /opt/ros/humble/include  
[0.985s] -- Using RMW implementation 'rmw_fastrtps_cpp' as default
[1.008s] -- Looking for C++ include pthread.h
[1.389s] -- Looking for C++ include pthread.h - found
[1.389s] -- Performing Test CMAKE_HAVE_LIBC_PTHREAD
[1.722s] -- Performing Test CMAKE_HAVE_LIBC_PTHREAD - Success
[1.723s] -- Found Threads: TRUE  
[1.797s] -- Found rclcpp_lifecycle: 16.0.12 (/opt/ros/humble/share/rclcpp_lifecycle/cmake)
[2.097s] -- Configuring done
[2.107s] -- Generating done
[2.111s] -- Build files have been written to: /home/abdelrahman/Wall-Painting-Robot/build/kinematics_interface
[2.146s] Invoked command in '/home/abdelrahman/Wall-Painting-Robot/build/kinematics_interface' returned '0': CMAKE_PREFIX_PATH=${CMAKE_PREFIX_PATH}:/home/abdelrahman/Wall-Painting-Robot/install/rqt_joint_trajectory_controller:/home/abdelrahman/Wall-Painting-Robot/install/rqt_controller_manager:/home/abdelrahman/Wall-Painting-Robot/install/ros2controlcli:/home/abdelrahman/Wall-Painting-Robot/install/ros2_controllers_test_nodes:/opt/ros/humble /usr/bin/cmake /home/abdelrahman/Wall-Painting-Robot/src/ros_ur_driver/src/kinematics_interface/kinematics_interface -DAMENT_CMAKE_SYMLINK_INSTALL=1 -DCMAKE_INSTALL_PREFIX=/home/abdelrahman/Wall-Painting-Robot/install/kinematics_interface
[2.147s] Invoking command in '/home/abdelrahman/Wall-Painting-Robot/build/kinematics_interface': CMAKE_PREFIX_PATH=${CMAKE_PREFIX_PATH}:/home/abdelrahman/Wall-Painting-Robot/install/rqt_joint_trajectory_controller:/home/abdelrahman/Wall-Painting-Robot/install/rqt_controller_manager:/home/abdelrahman/Wall-Painting-Robot/install/ros2controlcli:/home/abdelrahman/Wall-Painting-Robot/install/ros2_controllers_test_nodes:/opt/ros/humble /usr/bin/cmake --build /home/abdelrahman/Wall-Painting-Robot/build/kinematics_interface -- -j22 -l22
[2.356s] [ 50%] [32mBuilding CXX object CMakeFiles/kinematics_interface.dir/src/kinematics_interface.cpp.o[0m
[4.077s] [100%] [32m[1mLinking CXX shared library libkinematics_interface.so[0m
[4.324s] [100%] Built target kinematics_interface
[4.380s] Invoked command in '/home/abdelrahman/Wall-Painting-Robot/build/kinematics_interface' returned '0': CMAKE_PREFIX_PATH=${CMAKE_PREFIX_PATH}:/home/abdelrahman/Wall-Painting-Robot/install/rqt_joint_trajectory_controller:/home/abdelrahman/Wall-Painting-Robot/install/rqt_controller_manager:/home/abdelrahman/Wall-Painting-Robot/install/ros2controlcli:/home/abdelrahman/Wall-Painting-Robot/install/ros2_controllers_test_nodes:/opt/ros/humble /usr/bin/cmake --build /home/abdelrahman/Wall-Painting-Robot/build/kinematics_interface -- -j22 -l22
[4.381s] Invoking command in '/home/abdelrahman/Wall-Painting-Robot/build/kinematics_interface': CMAKE_PREFIX_PATH=${CMAKE_PREFIX_PATH}:/home/abdelrahman/Wall-Painting-Robot/install/rqt_joint_trajectory_controller:/home/abdelrahman/Wall-Painting-Robot/install/rqt_controller_manager:/home/abdelrahman/Wall-Painting-Robot/install/ros2controlcli:/home/abdelrahman/Wall-Painting-Robot/install/ros2_controllers_test_nodes:/opt/ros/humble /usr/bin/cmake --install /home/abdelrahman/Wall-Painting-Robot/build/kinematics_interface
[4.386s] -- Install configuration: ""
[4.386s] -- Execute custom install script
[4.388s] -- Symlinking: /home/abdelrahman/Wall-Painting-Robot/install/kinematics_interface/include/kinematics_interface/kinematics_interface/kinematics_interface.hpp
[4.402s] -- Symlinking: /home/abdelrahman/Wall-Painting-Robot/install/kinematics_interface/include/kinematics_interface/kinematics_interface/visibility_control.h
[4.419s] -- Symlinking: /home/abdelrahman/Wall-Painting-Robot/install/kinematics_interface/share/kinematics_interface/environment/library_path.sh
[4.432s] -- Symlinking: /home/abdelrahman/Wall-Painting-Robot/install/kinematics_interface/share/kinematics_interface/environment/library_path.dsv
[4.449s] -- Symlinking: /home/abdelrahman/Wall-Painting-Robot/install/kinematics_interface/share/ament_index/resource_index/package_run_dependencies/kinematics_interface
[4.463s] -- Symlinking: /home/abdelrahman/Wall-Painting-Robot/install/kinematics_interface/share/ament_index/resource_index/parent_prefix_path/kinematics_interface
[4.475s] -- Symlinking: /home/abdelrahman/Wall-Painting-Robot/install/kinematics_interface/share/kinematics_interface/environment/ament_prefix_path.sh
[4.486s] -- Symlinking: /home/abdelrahman/Wall-Painting-Robot/install/kinematics_interface/share/kinematics_interface/environment/ament_prefix_path.dsv
[4.498s] -- Symlinking: /home/abdelrahman/Wall-Painting-Robot/install/kinematics_interface/share/kinematics_interface/environment/path.sh
[4.508s] -- Symlinking: /home/abdelrahman/Wall-Painting-Robot/install/kinematics_interface/share/kinematics_interface/environment/path.dsv
[4.517s] -- Symlinking: /home/abdelrahman/Wall-Painting-Robot/install/kinematics_interface/share/kinematics_interface/local_setup.bash
[4.525s] -- Symlinking: /home/abdelrahman/Wall-Painting-Robot/install/kinematics_interface/share/kinematics_interface/local_setup.sh
[4.534s] -- Symlinking: /home/abdelrahman/Wall-Painting-Robot/install/kinematics_interface/share/kinematics_interface/local_setup.zsh
[4.543s] -- Symlinking: /home/abdelrahman/Wall-Painting-Robot/install/kinematics_interface/share/kinematics_interface/local_setup.dsv
[4.553s] -- Symlinking: /home/abdelrahman/Wall-Painting-Robot/install/kinematics_interface/share/kinematics_interface/package.dsv
[4.563s] -- Symlinking: /home/abdelrahman/Wall-Painting-Robot/install/kinematics_interface/share/ament_index/resource_index/packages/kinematics_interface
[4.572s] -- Symlinking: /home/abdelrahman/Wall-Painting-Robot/install/kinematics_interface/share/kinematics_interface/cmake/ament_cmake_export_targets-extras.cmake
[4.581s] -- Symlinking: /home/abdelrahman/Wall-Painting-Robot/install/kinematics_interface/share/kinematics_interface/cmake/ament_cmake_export_dependencies-extras.cmake
[4.591s] -- Symlinking: /home/abdelrahman/Wall-Painting-Robot/install/kinematics_interface/share/kinematics_interface/cmake/kinematics_interfaceConfig.cmake
[4.599s] -- Symlinking: /home/abdelrahman/Wall-Painting-Robot/install/kinematics_interface/share/kinematics_interface/cmake/kinematics_interfaceConfig-version.cmake
[4.610s] -- Symlinking: /home/abdelrahman/Wall-Painting-Robot/install/kinematics_interface/share/kinematics_interface/package.xml
[4.618s] -- Installing: /home/abdelrahman/Wall-Painting-Robot/install/kinematics_interface/lib/libkinematics_interface.so
[4.618s] -- Set runtime path of "/home/abdelrahman/Wall-Painting-Robot/install/kinematics_interface/lib/libkinematics_interface.so" to ""
[4.618s] -- Installing: /home/abdelrahman/Wall-Painting-Robot/install/kinematics_interface/share/kinematics_interface/cmake/export_kinematics_interfaceExport.cmake
[4.618s] -- Installing: /home/abdelrahman/Wall-Painting-Robot/install/kinematics_interface/share/kinematics_interface/cmake/export_kinematics_interfaceExport-noconfig.cmake
[4.623s] Invoked command in '/home/abdelrahman/Wall-Painting-Robot/build/kinematics_interface' returned '0': CMAKE_PREFIX_PATH=${CMAKE_PREFIX_PATH}:/home/abdelrahman/Wall-Painting-Robot/install/rqt_joint_trajectory_controller:/home/abdelrahman/Wall-Painting-Robot/install/rqt_controller_manager:/home/abdelrahman/Wall-Painting-Robot/install/ros2controlcli:/home/abdelrahman/Wall-Painting-Robot/install/ros2_controllers_test_nodes:/opt/ros/humble /usr/bin/cmake --install /home/abdelrahman/Wall-Painting-Robot/build/kinematics_interface
