[0.188s] Invoking command in '/home/abdelrahman/Wall-Painting-Robot/build/joint_limits': CMAKE_PREFIX_PATH=${CMAKE_PREFIX_PATH}:/home/abdelrahman/Wall-Painting-Robot/install/rqt_joint_trajectory_controller:/home/abdelrahman/Wall-Painting-Robot/install/rqt_controller_manager:/home/abdelrahman/Wall-Painting-Robot/install/ros2controlcli:/home/abdelrahman/Wall-Painting-Robot/install/ros2_controllers_test_nodes:/opt/ros/humble /usr/bin/cmake /home/abdelrahman/Wall-Painting-Robot/src/ros_ur_driver/src/ros2_control/joint_limits -DAMENT_CMAKE_SYMLINK_INSTALL=1 -DCMAKE_INSTALL_PREFIX=/home/abdelrahman/Wall-Painting-Robot/install/joint_limits
[0.231s] -- The C compiler identification is GNU 11.4.0
[0.272s] -- The CXX compiler identification is GNU 11.4.0
[0.277s] -- Detecting C compiler ABI info
[0.322s] -- Detecting C compiler ABI info - done
[0.330s] -- Check for working C compiler: /usr/bin/cc - skipped
[0.330s] -- Detecting C compile features
[0.330s] -- Detecting C compile features - done
[0.334s] -- Detecting CXX compiler ABI info
[0.501s] -- Detecting CXX compiler ABI info - done
[0.509s] -- Check for working CXX compiler: /usr/bin/c++ - skipped
[0.510s] -- Detecting CXX compile features
[0.510s] -- Detecting CXX compile features - done
[0.513s] -- Found ament_cmake: 1.3.11 (/opt/ros/humble/share/ament_cmake/cmake)
[0.633s] -- Found Python3: /usr/bin/python3 (found version "3.10.12") found components: Interpreter 
[0.692s] -- Override CMake install command with custom implementation using symlinks instead of copying resources
[0.716s] -- Found rclcpp: 16.0.12 (/opt/ros/humble/share/rclcpp/cmake)
[0.769s] -- Found rosidl_generator_c: 3.1.6 (/opt/ros/humble/share/rosidl_generator_c/cmake)
[0.781s] -- Found rosidl_adapter: 3.1.6 (/opt/ros/humble/share/rosidl_adapter/cmake)
[0.781s] -- Found rosidl_generator_cpp: 3.1.6 (/opt/ros/humble/share/rosidl_generator_cpp/cmake)
[0.794s] -- Using all available rosidl_typesupport_c: rosidl_typesupport_fastrtps_c;rosidl_typesupport_introspection_c
[0.811s] -- Using all available rosidl_typesupport_cpp: rosidl_typesupport_fastrtps_cpp;rosidl_typesupport_introspection_cpp
[0.886s] -- Found rmw_implementation_cmake: 6.1.2 (/opt/ros/humble/share/rmw_implementation_cmake/cmake)
[0.891s] -- Found rmw_fastrtps_cpp: 6.2.7 (/opt/ros/humble/share/rmw_fastrtps_cpp/cmake)
[1.192s] -- Found OpenSSL: /usr/lib/x86_64-linux-gnu/libcrypto.so (found version "3.0.2")  
[1.230s] -- Found FastRTPS: /opt/ros/humble/include  
[1.305s] -- Using RMW implementation 'rmw_fastrtps_cpp' as default
[1.333s] -- Looking for pthread.h
[1.652s] -- Looking for pthread.h - found
[1.652s] -- Performing Test CMAKE_HAVE_LIBC_PTHREAD
[1.856s] -- Performing Test CMAKE_HAVE_LIBC_PTHREAD - Success
[1.858s] -- Found Threads: TRUE  
[1.991s] -- Found rclcpp_lifecycle: 16.0.12 (/opt/ros/humble/share/rclcpp_lifecycle/cmake)
[2.090s] -- Found urdf: 2.6.1 (/opt/ros/humble/share/urdf/cmake)
[2.199s] -- Found ament_cmake_gtest: 1.3.11 (/opt/ros/humble/share/ament_cmake_gtest/cmake)
[2.206s] -- Found launch_testing_ament_cmake: 1.0.8 (/opt/ros/humble/share/launch_testing_ament_cmake/cmake)
[2.208s] -- Found python_cmake_module: 0.10.0 (/opt/ros/humble/share/python_cmake_module/cmake)
[2.352s] -- Found PythonInterp: /usr/bin/python3 (found suitable version "3.10.12", minimum required is "3.6") 
[2.368s] -- Found PythonLibs: /usr/lib/x86_64-linux-gnu/libpython3.10.so (found suitable version "3.10.12", minimum required is "3.5") 
[2.372s] -- Using PYTHON_EXECUTABLE: /usr/bin/python3
[2.372s] -- Using PYTHON_INCLUDE_DIRS: /usr/include/python3.10
[2.372s] -- Using PYTHON_LIBRARIES: /usr/lib/x86_64-linux-gnu/libpython3.10.so
[2.411s] -- Found PythonExtra: .so  
[2.417s] -- Found gtest sources under '/opt/ros/humble/src/gtest_vendor': C++ tests using 'Google Test' will be built
[2.589s] -- Configuring done
[2.609s] -- Generating done
[2.623s] -- Build files have been written to: /home/abdelrahman/Wall-Painting-Robot/build/joint_limits
[2.652s] Invoked command in '/home/abdelrahman/Wall-Painting-Robot/build/joint_limits' returned '0': CMAKE_PREFIX_PATH=${CMAKE_PREFIX_PATH}:/home/abdelrahman/Wall-Painting-Robot/install/rqt_joint_trajectory_controller:/home/abdelrahman/Wall-Painting-Robot/install/rqt_controller_manager:/home/abdelrahman/Wall-Painting-Robot/install/ros2controlcli:/home/abdelrahman/Wall-Painting-Robot/install/ros2_controllers_test_nodes:/opt/ros/humble /usr/bin/cmake /home/abdelrahman/Wall-Painting-Robot/src/ros_ur_driver/src/ros2_control/joint_limits -DAMENT_CMAKE_SYMLINK_INSTALL=1 -DCMAKE_INSTALL_PREFIX=/home/abdelrahman/Wall-Painting-Robot/install/joint_limits
[2.656s] Invoking command in '/home/abdelrahman/Wall-Painting-Robot/build/joint_limits': CMAKE_PREFIX_PATH=${CMAKE_PREFIX_PATH}:/home/abdelrahman/Wall-Painting-Robot/install/rqt_joint_trajectory_controller:/home/abdelrahman/Wall-Painting-Robot/install/rqt_controller_manager:/home/abdelrahman/Wall-Painting-Robot/install/ros2controlcli:/home/abdelrahman/Wall-Painting-Robot/install/ros2_controllers_test_nodes:/opt/ros/humble /usr/bin/cmake --build /home/abdelrahman/Wall-Painting-Robot/build/joint_limits -- -j22 -l22
[2.761s] [ 11%] [32mBuilding CXX object gtest/CMakeFiles/gtest.dir/src/gtest-all.cc.o[0m
[2.764s] [ 22%] [32mBuilding CXX object gtest/CMakeFiles/gtest_main.dir/src/gtest_main.cc.o[0m
[2.764s] [ 33%] [34m[1mGenerating joint_limits/version.h[0m
[2.813s] [ 33%] Built target ament_generate_version_header__joint_limits
[3.454s] [ 44%] [32m[1mLinking CXX static library libgtest_main.a[0m
[3.694s] [ 44%] Built target gtest_main
[6.165s] [ 55%] [32m[1mLinking CXX static library libgtest.a[0m
[6.446s] [ 55%] Built target gtest
[6.517s] [ 66%] [32mBuilding CXX object CMakeFiles/joint_limits_rosparam_test.dir/test/joint_limits_rosparam_test.cpp.o[0m
[6.524s] [ 77%] [32mBuilding CXX object CMakeFiles/joint_limits_urdf_test.dir/test/joint_limits_urdf_test.cpp.o[0m
[12.607s] [ 88%] [32m[1mLinking CXX executable joint_limits_urdf_test[0m
[13.077s] [ 88%] Built target joint_limits_urdf_test
[16.753s] [100%] [32m[1mLinking CXX executable joint_limits_rosparam_test[0m
[17.287s] [100%] Built target joint_limits_rosparam_test
[17.326s] Invoked command in '/home/abdelrahman/Wall-Painting-Robot/build/joint_limits' returned '0': CMAKE_PREFIX_PATH=${CMAKE_PREFIX_PATH}:/home/abdelrahman/Wall-Painting-Robot/install/rqt_joint_trajectory_controller:/home/abdelrahman/Wall-Painting-Robot/install/rqt_controller_manager:/home/abdelrahman/Wall-Painting-Robot/install/ros2controlcli:/home/abdelrahman/Wall-Painting-Robot/install/ros2_controllers_test_nodes:/opt/ros/humble /usr/bin/cmake --build /home/abdelrahman/Wall-Painting-Robot/build/joint_limits -- -j22 -l22
[17.328s] Invoking command in '/home/abdelrahman/Wall-Painting-Robot/build/joint_limits': CMAKE_PREFIX_PATH=${CMAKE_PREFIX_PATH}:/home/abdelrahman/Wall-Painting-Robot/install/rqt_joint_trajectory_controller:/home/abdelrahman/Wall-Painting-Robot/install/rqt_controller_manager:/home/abdelrahman/Wall-Painting-Robot/install/ros2controlcli:/home/abdelrahman/Wall-Painting-Robot/install/ros2_controllers_test_nodes:/opt/ros/humble /usr/bin/cmake --install /home/abdelrahman/Wall-Painting-Robot/build/joint_limits
[17.349s] -- Install configuration: ""
[17.349s] -- Execute custom install script
[17.349s] -- Symlinking: /home/abdelrahman/Wall-Painting-Robot/install/joint_limits/include/joint_limits/joint_limits.hpp
[17.371s] -- Symlinking: /home/abdelrahman/Wall-Painting-Robot/install/joint_limits/include/joint_limits/joint_limits_rosparam.hpp
[17.394s] -- Symlinking: /home/abdelrahman/Wall-Painting-Robot/install/joint_limits/include/joint_limits/joint_limits_urdf.hpp
[17.415s] -- Symlinking: /home/abdelrahman/Wall-Painting-Robot/install/joint_limits/lib/joint_limits/joint_limits_rosparam_test
[17.444s] -- Symlinking: /home/abdelrahman/Wall-Painting-Robot/install/joint_limits/share/joint_limits/test/joint_limits_rosparam.yaml
[17.461s] -- Symlinking: /home/abdelrahman/Wall-Painting-Robot/install/joint_limits/include/joint_limits/joint_limits/joint_limits.hpp
[17.509s] -- Symlinking: /home/abdelrahman/Wall-Painting-Robot/install/joint_limits/include/joint_limits/joint_limits/joint_limits_rosparam.hpp
[17.530s] -- Symlinking: /home/abdelrahman/Wall-Painting-Robot/install/joint_limits/include/joint_limits/joint_limits/joint_limits_urdf.hpp
[17.551s] -- Symlinking: /home/abdelrahman/Wall-Painting-Robot/install/joint_limits/share/joint_limits/environment/library_path.sh
[17.573s] -- Symlinking: /home/abdelrahman/Wall-Painting-Robot/install/joint_limits/share/joint_limits/environment/library_path.dsv
[17.599s] -- Symlinking: /home/abdelrahman/Wall-Painting-Robot/install/joint_limits/share/ament_index/resource_index/package_run_dependencies/joint_limits
[17.619s] -- Symlinking: /home/abdelrahman/Wall-Painting-Robot/install/joint_limits/share/ament_index/resource_index/parent_prefix_path/joint_limits
[17.640s] -- Symlinking: /home/abdelrahman/Wall-Painting-Robot/install/joint_limits/share/joint_limits/environment/ament_prefix_path.sh
[17.659s] -- Symlinking: /home/abdelrahman/Wall-Painting-Robot/install/joint_limits/share/joint_limits/environment/ament_prefix_path.dsv
[17.681s] -- Symlinking: /home/abdelrahman/Wall-Painting-Robot/install/joint_limits/share/joint_limits/environment/path.sh
[17.705s] -- Symlinking: /home/abdelrahman/Wall-Painting-Robot/install/joint_limits/share/joint_limits/environment/path.dsv
[17.730s] -- Symlinking: /home/abdelrahman/Wall-Painting-Robot/install/joint_limits/share/joint_limits/local_setup.bash
[17.777s] -- Symlinking: /home/abdelrahman/Wall-Painting-Robot/install/joint_limits/share/joint_limits/local_setup.sh
[17.799s] -- Symlinking: /home/abdelrahman/Wall-Painting-Robot/install/joint_limits/share/joint_limits/local_setup.zsh
[17.817s] -- Symlinking: /home/abdelrahman/Wall-Painting-Robot/install/joint_limits/share/joint_limits/local_setup.dsv
[17.839s] -- Symlinking: /home/abdelrahman/Wall-Painting-Robot/install/joint_limits/share/joint_limits/package.dsv
[17.859s] -- Symlinking: /home/abdelrahman/Wall-Painting-Robot/install/joint_limits/share/ament_index/resource_index/packages/joint_limits
[17.878s] -- Symlinking: /home/abdelrahman/Wall-Painting-Robot/install/joint_limits/share/joint_limits/cmake/ament_cmake_export_targets-extras.cmake
[17.901s] -- Symlinking: /home/abdelrahman/Wall-Painting-Robot/install/joint_limits/share/joint_limits/cmake/ament_cmake_export_dependencies-extras.cmake
[17.921s] -- Symlinking: /home/abdelrahman/Wall-Painting-Robot/install/joint_limits/share/joint_limits/cmake/ament_cmake_export_include_directories-extras.cmake
[17.944s] -- Symlinking: /home/abdelrahman/Wall-Painting-Robot/install/joint_limits/share/joint_limits/cmake/joint_limitsConfig.cmake
[17.962s] -- Symlinking: /home/abdelrahman/Wall-Painting-Robot/install/joint_limits/share/joint_limits/cmake/joint_limitsConfig-version.cmake
[17.986s] -- Symlinking: /home/abdelrahman/Wall-Painting-Robot/install/joint_limits/share/joint_limits/package.xml
[18.007s] -- Symlinking: /home/abdelrahman/Wall-Painting-Robot/install/joint_limits/include/joint_limits/joint_limits/version.h
[18.026s] -- Installing: /home/abdelrahman/Wall-Painting-Robot/install/joint_limits/share/joint_limits/cmake/export_joint_limitsExport.cmake
[18.029s] Invoked command in '/home/abdelrahman/Wall-Painting-Robot/build/joint_limits' returned '0': CMAKE_PREFIX_PATH=${CMAKE_PREFIX_PATH}:/home/abdelrahman/Wall-Painting-Robot/install/rqt_joint_trajectory_controller:/home/abdelrahman/Wall-Painting-Robot/install/rqt_controller_manager:/home/abdelrahman/Wall-Painting-Robot/install/ros2controlcli:/home/abdelrahman/Wall-Painting-Robot/install/ros2_controllers_test_nodes:/opt/ros/humble /usr/bin/cmake --install /home/abdelrahman/Wall-Painting-Robot/build/joint_limits
