[0.057s] DEBUG:colcon:Command line arguments: ['/usr/bin/colcon', 'build']
[0.057s] DEBUG:colcon:Parsed command line arguments: Namespace(log_base=None, log_level=None, verb_name='build', build_base='build', install_base='install', merge_install=False, symlink_install=False, test_result_base=None, continue_on_error=False, executor='parallel', parallel_workers=22, event_handlers=None, ignore_user_meta=False, metas=['./colcon.meta'], base_paths=['.'], packages_ignore=None, packages_ignore_regex=None, paths=None, packages_up_to=None, packages_up_to_regex=None, packages_above=None, packages_above_and_dependencies=None, packages_above_depth=None, packages_select_by_dep=None, packages_skip_by_dep=None, packages_skip_up_to=None, packages_select_build_failed=False, packages_skip_build_finished=False, packages_select_test_failures=False, packages_skip_test_passed=False, packages_select=None, packages_skip=None, packages_select_regex=None, packages_skip_regex=None, packages_start=None, packages_end=None, allow_overriding=[], cmake_args=None, cmake_target=None, cmake_target_skip_unavailable=False, cmake_clean_cache=False, cmake_clean_first=False, cmake_force_configure=False, ament_cmake_args=None, catkin_cmake_args=None, catkin_skip_building_tests=False, mixin_files=None, mixin=None, verb_parser=<colcon_mixin.mixin.mixin_argument.MixinArgumentDecorator object at 0x7ac80b35b4c0>, verb_extension=<colcon_core.verb.build.BuildVerb object at 0x7ac80b35b010>, main=<bound method BuildVerb.main of <colcon_core.verb.build.BuildVerb object at 0x7ac80b35b010>>, mixin_verb=('build',))
[0.142s] Level 1:colcon.colcon_core.package_discovery:discover_packages(colcon_meta) check parameters
[0.142s] Level 1:colcon.colcon_core.package_discovery:discover_packages(recursive) check parameters
[0.142s] Level 1:colcon.colcon_core.package_discovery:discover_packages(ignore) check parameters
[0.142s] Level 1:colcon.colcon_core.package_discovery:discover_packages(path) check parameters
[0.142s] Level 1:colcon.colcon_core.package_discovery:discover_packages(colcon_meta) discover
[0.142s] Level 1:colcon.colcon_core.package_discovery:discover_packages(recursive) discover
[0.142s] INFO:colcon.colcon_core.package_discovery:Crawling recursively for packages in '/home/abdelrahman/livox_laser_simulation_ros2'
[0.142s] Level 1:colcon.colcon_core.package_identification:_identify(.) by extensions ['ignore', 'ignore_ament_install']
[0.142s] Level 1:colcon.colcon_core.package_identification:_identify(.) by extension 'ignore'
[0.142s] Level 1:colcon.colcon_core.package_identification:_identify(.) by extension 'ignore_ament_install'
[0.142s] Level 1:colcon.colcon_core.package_identification:_identify(.) by extensions ['colcon_pkg']
[0.142s] Level 1:colcon.colcon_core.package_identification:_identify(.) by extension 'colcon_pkg'
[0.142s] Level 1:colcon.colcon_core.package_identification:_identify(.) by extensions ['colcon_meta']
[0.142s] Level 1:colcon.colcon_core.package_identification:_identify(.) by extension 'colcon_meta'
[0.142s] Level 1:colcon.colcon_core.package_identification:_identify(.) by extensions ['ros']
[0.142s] Level 1:colcon.colcon_core.package_identification:_identify(.) by extension 'ros'
[0.155s] DEBUG:colcon.colcon_core.package_identification:Package '.' with type 'ros.ament_cmake' and name 'ros2_livox_simulation'
[0.155s] Level 1:colcon.colcon_core.package_discovery:discover_packages(recursive) using defaults
[0.155s] Level 1:colcon.colcon_core.package_discovery:discover_packages(ignore) discover
[0.155s] Level 1:colcon.colcon_core.package_discovery:discover_packages(ignore) using defaults
[0.155s] Level 1:colcon.colcon_core.package_discovery:discover_packages(path) discover
[0.155s] Level 1:colcon.colcon_core.package_discovery:discover_packages(path) using defaults
[0.165s] Level 1:colcon.colcon_core.package_discovery:discover_packages(prefix_path) check parameters
[0.165s] Level 1:colcon.colcon_core.package_discovery:discover_packages(prefix_path) discover
[0.166s] DEBUG:colcon.colcon_installed_package_information.package_discovery:Found 6 installed packages in /home/abdelrahman/workspace/ur_gz/install
[0.167s] DEBUG:colcon.colcon_installed_package_information.package_discovery:Found 408 installed packages in /opt/ros/humble
[0.168s] Level 1:colcon.colcon_core.package_discovery:discover_packages(prefix_path) using defaults
[0.192s] Level 5:colcon.colcon_core.verb:set package 'ros2_livox_simulation' build argument 'cmake_args' from command line to 'None'
[0.192s] Level 5:colcon.colcon_core.verb:set package 'ros2_livox_simulation' build argument 'cmake_target' from command line to 'None'
[0.192s] Level 5:colcon.colcon_core.verb:set package 'ros2_livox_simulation' build argument 'cmake_target_skip_unavailable' from command line to 'False'
[0.192s] Level 5:colcon.colcon_core.verb:set package 'ros2_livox_simulation' build argument 'cmake_clean_cache' from command line to 'False'
[0.193s] Level 5:colcon.colcon_core.verb:set package 'ros2_livox_simulation' build argument 'cmake_clean_first' from command line to 'False'
[0.193s] Level 5:colcon.colcon_core.verb:set package 'ros2_livox_simulation' build argument 'cmake_force_configure' from command line to 'False'
[0.193s] Level 5:colcon.colcon_core.verb:set package 'ros2_livox_simulation' build argument 'ament_cmake_args' from command line to 'None'
[0.193s] Level 5:colcon.colcon_core.verb:set package 'ros2_livox_simulation' build argument 'catkin_cmake_args' from command line to 'None'
[0.193s] Level 5:colcon.colcon_core.verb:set package 'ros2_livox_simulation' build argument 'catkin_skip_building_tests' from command line to 'False'
[0.193s] DEBUG:colcon.colcon_core.verb:Building package 'ros2_livox_simulation' with the following arguments: {'ament_cmake_args': None, 'build_base': '/home/abdelrahman/livox_laser_simulation_ros2/build/ros2_livox_simulation', 'catkin_cmake_args': None, 'catkin_skip_building_tests': False, 'cmake_args': None, 'cmake_clean_cache': False, 'cmake_clean_first': False, 'cmake_force_configure': False, 'cmake_target': None, 'cmake_target_skip_unavailable': False, 'install_base': '/home/abdelrahman/livox_laser_simulation_ros2/install/ros2_livox_simulation', 'merge_install': False, 'path': '/home/abdelrahman/livox_laser_simulation_ros2', 'symlink_install': False, 'test_result_base': None}
[0.193s] INFO:colcon.colcon_core.executor:Executing jobs using 'parallel' executor
[0.194s] DEBUG:colcon.colcon_parallel_executor.executor.parallel:run_until_complete
[0.194s] INFO:colcon.colcon_ros.task.ament_cmake.build:Building ROS package in '/home/abdelrahman/livox_laser_simulation_ros2' with build type 'ament_cmake'
[0.194s] INFO:colcon.colcon_cmake.task.cmake.build:Building CMake package in '/home/abdelrahman/livox_laser_simulation_ros2'
[0.195s] INFO:colcon.colcon_core.plugin_system:Skipping extension 'colcon_core.shell.bat': Not used on non-Windows systems
[0.195s] INFO:colcon.colcon_core.shell:Skip shell extension 'powershell' for command environment: Not usable outside of PowerShell
[0.195s] DEBUG:colcon.colcon_core.shell:Skip shell extension 'dsv' for command environment
[0.202s] DEBUG:colcon.colcon_core.event_handler.log_command:Invoking command in '/home/abdelrahman/livox_laser_simulation_ros2/build/ros2_livox_simulation': CMAKE_PREFIX_PATH=${CMAKE_PREFIX_PATH}:/opt/ros/humble /usr/bin/cmake /home/abdelrahman/livox_laser_simulation_ros2 -DCMAKE_INSTALL_PREFIX=/home/abdelrahman/livox_laser_simulation_ros2/install/ros2_livox_simulation
[1.815s] DEBUG:colcon.colcon_core.event_handler.log_command:Invoked command in '/home/abdelrahman/livox_laser_simulation_ros2/build/ros2_livox_simulation' returned '1': CMAKE_PREFIX_PATH=${CMAKE_PREFIX_PATH}:/opt/ros/humble /usr/bin/cmake /home/abdelrahman/livox_laser_simulation_ros2 -DCMAKE_INSTALL_PREFIX=/home/abdelrahman/livox_laser_simulation_ros2/install/ros2_livox_simulation
[1.828s] Level 1:colcon.colcon_core.environment:create_environment_scripts_only(ros2_livox_simulation)
[1.830s] Level 1:colcon.colcon_core.environment:checking '/home/abdelrahman/livox_laser_simulation_ros2/install/ros2_livox_simulation' for CMake module files
[1.830s] Level 1:colcon.colcon_core.environment:checking '/home/abdelrahman/livox_laser_simulation_ros2/install/ros2_livox_simulation' for CMake config files
[1.831s] Level 1:colcon.colcon_core.environment:checking '/home/abdelrahman/livox_laser_simulation_ros2/install/ros2_livox_simulation/bin'
[1.831s] Level 1:colcon.colcon_core.environment:checking '/home/abdelrahman/livox_laser_simulation_ros2/install/ros2_livox_simulation/lib/pkgconfig/ros2_livox_simulation.pc'
[1.831s] Level 1:colcon.colcon_core.environment:checking '/home/abdelrahman/livox_laser_simulation_ros2/install/ros2_livox_simulation/lib/python3.10/site-packages'
[1.831s] Level 1:colcon.colcon_core.environment:checking '/home/abdelrahman/livox_laser_simulation_ros2/install/ros2_livox_simulation/bin'
[1.831s] INFO:colcon.colcon_core.shell:Creating package script '/home/abdelrahman/livox_laser_simulation_ros2/install/ros2_livox_simulation/share/ros2_livox_simulation/package.ps1'
[1.831s] INFO:colcon.colcon_core.shell:Creating package descriptor '/home/abdelrahman/livox_laser_simulation_ros2/install/ros2_livox_simulation/share/ros2_livox_simulation/package.dsv'
[1.832s] INFO:colcon.colcon_core.shell:Creating package script '/home/abdelrahman/livox_laser_simulation_ros2/install/ros2_livox_simulation/share/ros2_livox_simulation/package.sh'
[1.832s] INFO:colcon.colcon_core.shell:Creating package script '/home/abdelrahman/livox_laser_simulation_ros2/install/ros2_livox_simulation/share/ros2_livox_simulation/package.bash'
[1.832s] INFO:colcon.colcon_core.shell:Creating package script '/home/abdelrahman/livox_laser_simulation_ros2/install/ros2_livox_simulation/share/ros2_livox_simulation/package.zsh'
[1.833s] Level 1:colcon.colcon_core.environment:create_file_with_runtime_dependencies(/home/abdelrahman/livox_laser_simulation_ros2/install/ros2_livox_simulation/share/colcon-core/packages/ros2_livox_simulation)
[1.843s] DEBUG:colcon.colcon_parallel_executor.executor.parallel:closing loop
[1.843s] DEBUG:colcon.colcon_parallel_executor.executor.parallel:loop closed
[1.843s] DEBUG:colcon.colcon_parallel_executor.executor.parallel:run_until_complete finished with '1'
[1.843s] DEBUG:colcon.colcon_core.event_reactor:joining thread
[1.847s] INFO:colcon.colcon_core.plugin_system:Skipping extension 'colcon_notification.desktop_notification.terminal_notifier': Not used on non-Darwin systems
[1.847s] INFO:colcon.colcon_core.plugin_system:Skipping extension 'colcon_notification.desktop_notification.win32': Not used on non-Windows systems
[1.847s] INFO:colcon.colcon_notification.desktop_notification:Sending desktop notification using 'notify2'
[1.855s] DEBUG:colcon.colcon_core.event_reactor:joined thread
[1.855s] INFO:colcon.colcon_core.shell:Creating prefix script '/home/abdelrahman/livox_laser_simulation_ros2/install/local_setup.ps1'
[1.856s] INFO:colcon.colcon_core.shell:Creating prefix util module '/home/abdelrahman/livox_laser_simulation_ros2/install/_local_setup_util_ps1.py'
[1.856s] INFO:colcon.colcon_core.shell:Creating prefix chain script '/home/abdelrahman/livox_laser_simulation_ros2/install/setup.ps1'
[1.857s] INFO:colcon.colcon_core.shell:Creating prefix script '/home/abdelrahman/livox_laser_simulation_ros2/install/local_setup.sh'
[1.857s] INFO:colcon.colcon_core.shell:Creating prefix util module '/home/abdelrahman/livox_laser_simulation_ros2/install/_local_setup_util_sh.py'
[1.857s] INFO:colcon.colcon_core.shell:Creating prefix chain script '/home/abdelrahman/livox_laser_simulation_ros2/install/setup.sh'
[1.858s] INFO:colcon.colcon_core.shell:Creating prefix script '/home/abdelrahman/livox_laser_simulation_ros2/install/local_setup.bash'
[1.858s] INFO:colcon.colcon_core.shell:Creating prefix chain script '/home/abdelrahman/livox_laser_simulation_ros2/install/setup.bash'
[1.858s] INFO:colcon.colcon_core.shell:Creating prefix script '/home/abdelrahman/livox_laser_simulation_ros2/install/local_setup.zsh'
[1.859s] INFO:colcon.colcon_core.shell:Creating prefix chain script '/home/abdelrahman/livox_laser_simulation_ros2/install/setup.zsh'
