[0.033s] Invoking command in '/home/abdelrahman/Wall-Painting-Robot/build/ur_msgs': CMAKE_PREFIX_PATH=${CMAKE_PREFIX_PATH}:/home/abdelrahman/Wall-Painting-Robot/install/rqt_joint_trajectory_controller:/home/abdelrahman/Wall-Painting-Robot/install/rqt_controller_manager:/home/abdelrahman/Wall-Painting-Robot/install/ros2controlcli:/home/abdelrahman/Wall-Painting-Robot/install/ros2_controllers_test_nodes:/opt/ros/humble /usr/bin/cmake /home/abdelrahman/Wall-Painting-Robot/src/ros_ur_driver/src/ur_msgs -DAMENT_CMAKE_SYMLINK_INSTALL=1 -DCMAKE_INSTALL_PREFIX=/home/abdelrahman/Wall-Painting-Robot/install/ur_msgs
[0.212s] -- The C compiler identification is GNU 11.4.0
[0.212s] -- The CXX compiler identification is GNU 11.4.0
[0.212s] -- Detecting C compiler ABI info
[0.212s] -- Detecting C compiler ABI info - done
[0.212s] -- Check for working C compiler: /usr/bin/cc - skipped
[0.212s] -- Detecting C compile features
[0.212s] -- Detecting C compile features - done
[0.213s] -- Detecting CXX compiler ABI info
[0.255s] -- Detecting CXX compiler ABI info - done
[0.260s] -- Check for working CXX compiler: /usr/bin/c++ - skipped
[0.260s] -- Detecting CXX compile features
[0.260s] -- Detecting CXX compile features - done
[0.262s] -- Found ament_cmake: 1.3.11 (/opt/ros/humble/share/ament_cmake/cmake)
[0.373s] -- Found Python3: /usr/bin/python3 (found version "3.10.12") found components: Interpreter 
[0.413s] -- Override CMake install command with custom implementation using symlinks instead of copying resources
[0.484s] -- Found builtin_interfaces: 1.2.1 (/opt/ros/humble/share/builtin_interfaces/cmake)
[0.506s] -- Found rosidl_generator_c: 3.1.6 (/opt/ros/humble/share/rosidl_generator_c/cmake)
[0.509s] -- Found rosidl_adapter: 3.1.6 (/opt/ros/humble/share/rosidl_adapter/cmake)
[0.514s] -- Found rosidl_generator_cpp: 3.1.6 (/opt/ros/humble/share/rosidl_generator_cpp/cmake)
[0.523s] -- Using all available rosidl_typesupport_c: rosidl_typesupport_fastrtps_c;rosidl_typesupport_introspection_c
[0.534s] -- Using all available rosidl_typesupport_cpp: rosidl_typesupport_fastrtps_cpp;rosidl_typesupport_introspection_cpp
[0.545s] -- Found rosidl_default_generators: 1.2.0 (/opt/ros/humble/share/rosidl_default_generators/cmake)
[0.554s] -- Found geometry_msgs: 4.8.0 (/opt/ros/humble/share/geometry_msgs/cmake)
[0.571s] -- Found ament_lint_auto: 0.12.12 (/opt/ros/humble/share/ament_lint_auto/cmake)
[1.279s] -- Found ament_cmake_ros: 0.10.0 (/opt/ros/humble/share/ament_cmake_ros/cmake)
[2.331s] -- Using all available rosidl_typesupport_c: rosidl_typesupport_fastrtps_c;rosidl_typesupport_introspection_c
[2.615s] -- Using all available rosidl_typesupport_cpp: rosidl_typesupport_fastrtps_cpp;rosidl_typesupport_introspection_cpp
[2.650s] -- Found PythonInterp: /usr/bin/python3 (found suitable version "3.10.12", minimum required is "3.6") 
[2.652s] -- Found python_cmake_module: 0.10.0 (/opt/ros/humble/share/python_cmake_module/cmake)
[2.696s] -- Found PythonLibs: /usr/lib/x86_64-linux-gnu/libpython3.10.so (found suitable version "3.10.12", minimum required is "3.5") 
[2.696s] -- Using PYTHON_EXECUTABLE: /usr/bin/python3
[2.696s] -- Using PYTHON_INCLUDE_DIRS: /usr/include/python3.10
[2.697s] -- Using PYTHON_LIBRARIES: /usr/lib/x86_64-linux-gnu/libpython3.10.so
[2.726s] -- Found PythonExtra: .so  
[2.916s] -- Added test 'copyright' to check source files copyright and LICENSE
[2.923s] -- Added test 'lint_cmake' to check CMake code style
[2.923s] -- Added test 'xmllint' to check XML markup files
[2.932s] -- Configuring done
[3.021s] -- Generating done
[3.044s] -- Build files have been written to: /home/abdelrahman/Wall-Painting-Robot/build/ur_msgs
[3.060s] Invoked command in '/home/abdelrahman/Wall-Painting-Robot/build/ur_msgs' returned '0': CMAKE_PREFIX_PATH=${CMAKE_PREFIX_PATH}:/home/abdelrahman/Wall-Painting-Robot/install/rqt_joint_trajectory_controller:/home/abdelrahman/Wall-Painting-Robot/install/rqt_controller_manager:/home/abdelrahman/Wall-Painting-Robot/install/ros2controlcli:/home/abdelrahman/Wall-Painting-Robot/install/ros2_controllers_test_nodes:/opt/ros/humble /usr/bin/cmake /home/abdelrahman/Wall-Painting-Robot/src/ros_ur_driver/src/ur_msgs -DAMENT_CMAKE_SYMLINK_INSTALL=1 -DCMAKE_INSTALL_PREFIX=/home/abdelrahman/Wall-Painting-Robot/install/ur_msgs
[3.061s] Invoking command in '/home/abdelrahman/Wall-Painting-Robot/build/ur_msgs': CMAKE_PREFIX_PATH=${CMAKE_PREFIX_PATH}:/home/abdelrahman/Wall-Painting-Robot/install/rqt_joint_trajectory_controller:/home/abdelrahman/Wall-Painting-Robot/install/rqt_controller_manager:/home/abdelrahman/Wall-Painting-Robot/install/ros2controlcli:/home/abdelrahman/Wall-Painting-Robot/install/ros2_controllers_test_nodes:/opt/ros/humble /usr/bin/cmake --build /home/abdelrahman/Wall-Painting-Robot/build/ur_msgs -- -j22 -l22
[3.148s] [  1%] [34m[1mGenerating C code for ROS interfaces[0m
[3.177s] [  1%] [34m[1mGenerating C++ code for ROS interfaces[0m
[3.222s] [  1%] Built target ament_cmake_python_symlink_ur_msgs
[3.864s] running egg_info
[3.864s] creating ur_msgs.egg-info
[3.864s] writing ur_msgs.egg-info/PKG-INFO
[3.864s] writing dependency_links to ur_msgs.egg-info/dependency_links.txt
[3.864s] writing top-level names to ur_msgs.egg-info/top_level.txt
[3.864s] writing manifest file 'ur_msgs.egg-info/SOURCES.txt'
[3.867s] reading manifest file 'ur_msgs.egg-info/SOURCES.txt'
[3.868s] writing manifest file 'ur_msgs.egg-info/SOURCES.txt'
[3.954s] [  1%] Built target ament_cmake_python_build_ur_msgs_egg
[5.688s] [  2%] [32mBuilding C object CMakeFiles/ur_msgs__rosidl_generator_c.dir/rosidl_generator_c/ur_msgs/msg/detail/io_states__functions.c.o[0m
[5.688s] [  3%] [32mBuilding C object CMakeFiles/ur_msgs__rosidl_generator_c.dir/rosidl_generator_c/ur_msgs/msg/detail/digital__functions.c.o[0m
[5.693s] [  3%] [32mBuilding C object CMakeFiles/ur_msgs__rosidl_generator_c.dir/rosidl_generator_c/ur_msgs/msg/detail/analog__functions.c.o[0m
[5.703s] [  4%] [32mBuilding C object CMakeFiles/ur_msgs__rosidl_generator_c.dir/rosidl_generator_c/ur_msgs/msg/detail/robot_mode_data_msg__functions.c.o[0m
[5.708s] [  5%] [32mBuilding C object CMakeFiles/ur_msgs__rosidl_generator_c.dir/rosidl_generator_c/ur_msgs/srv/detail/set_analog_output__functions.c.o[0m
[5.719s] [  6%] [32mBuilding C object CMakeFiles/ur_msgs__rosidl_generator_c.dir/rosidl_generator_c/ur_msgs/msg/detail/robot_state_rt_msg__functions.c.o[0m
[5.719s] [  7%] [32mBuilding C object CMakeFiles/ur_msgs__rosidl_generator_c.dir/rosidl_generator_c/ur_msgs/srv/detail/set_speed_slider_fraction__functions.c.o[0m
[5.724s] [  8%] [32mBuilding C object CMakeFiles/ur_msgs__rosidl_generator_c.dir/rosidl_generator_c/ur_msgs/srv/detail/set_io__functions.c.o[0m
[5.726s] [  9%] [32mBuilding C object CMakeFiles/ur_msgs__rosidl_generator_c.dir/rosidl_generator_c/ur_msgs/srv/detail/get_robot_software_version__functions.c.o[0m
[5.726s] [  9%] [32mBuilding C object CMakeFiles/ur_msgs__rosidl_generator_c.dir/rosidl_generator_c/ur_msgs/msg/detail/masterboard_data_msg__functions.c.o[0m
[5.730s] [ 10%] [32mBuilding C object CMakeFiles/ur_msgs__rosidl_generator_c.dir/rosidl_generator_c/ur_msgs/action/detail/tool_contact__functions.c.o[0m
[5.735s] [ 11%] [32mBuilding C object CMakeFiles/ur_msgs__rosidl_generator_c.dir/rosidl_generator_c/ur_msgs/msg/detail/tool_data_msg__functions.c.o[0m
[5.742s] [ 11%] [32mBuilding C object CMakeFiles/ur_msgs__rosidl_generator_c.dir/rosidl_generator_c/ur_msgs/srv/detail/set_payload__functions.c.o[0m
[5.747s] [ 11%] Built target ur_msgs__cpp
[5.752s] [ 11%] [32mBuilding C object CMakeFiles/ur_msgs__rosidl_generator_c.dir/rosidl_generator_c/ur_msgs/srv/detail/set_force_mode__functions.c.o[0m
[5.784s] [ 12%] [34m[1mGenerating C++ type support dispatch for ROS interfaces[0m
[5.792s] [ 13%] [34m[1mGenerating C++ type support for eProsima Fast-RTPS[0m
[5.794s] [ 13%] [34m[1mGenerating C++ introspection for ROS interfaces[0m
[5.940s] [ 14%] [32m[1mLinking C shared library libur_msgs__rosidl_generator_c.so[0m
[6.065s] [ 14%] Built target ur_msgs__rosidl_generator_c
[6.102s] [ 15%] [34m[1mGenerating C introspection for ROS interfaces[0m
[6.106s] [ 16%] [34m[1mGenerating C type support for eProsima Fast-RTPS[0m
[6.106s] [ 17%] [34m[1mGenerating C type support dispatch for ROS interfaces[0m
[7.316s] [ 18%] [32mBuilding CXX object CMakeFiles/ur_msgs__rosidl_typesupport_cpp.dir/rosidl_typesupport_cpp/ur_msgs/msg/analog__type_support.cpp.o[0m
[7.333s] [ 18%] [32mBuilding CXX object CMakeFiles/ur_msgs__rosidl_typesupport_cpp.dir/rosidl_typesupport_cpp/ur_msgs/msg/io_states__type_support.cpp.o[0m
[7.341s] [ 19%] [32mBuilding CXX object CMakeFiles/ur_msgs__rosidl_typesupport_cpp.dir/rosidl_typesupport_cpp/ur_msgs/msg/digital__type_support.cpp.o[0m
[7.343s] [ 20%] [32mBuilding CXX object CMakeFiles/ur_msgs__rosidl_typesupport_cpp.dir/rosidl_typesupport_cpp/ur_msgs/msg/robot_state_rt_msg__type_support.cpp.o[0m
[7.348s] [ 21%] [32mBuilding CXX object CMakeFiles/ur_msgs__rosidl_typesupport_cpp.dir/rosidl_typesupport_cpp/ur_msgs/msg/masterboard_data_msg__type_support.cpp.o[0m
[7.349s] [ 22%] [32mBuilding CXX object CMakeFiles/ur_msgs__rosidl_typesupport_cpp.dir/rosidl_typesupport_cpp/ur_msgs/msg/tool_data_msg__type_support.cpp.o[0m
[7.351s] [ 23%] [32mBuilding CXX object CMakeFiles/ur_msgs__rosidl_typesupport_cpp.dir/rosidl_typesupport_cpp/ur_msgs/srv/set_payload__type_support.cpp.o[0m
[7.351s] [ 23%] [32mBuilding CXX object CMakeFiles/ur_msgs__rosidl_typesupport_cpp.dir/rosidl_typesupport_cpp/ur_msgs/msg/robot_mode_data_msg__type_support.cpp.o[0m
[7.365s] [ 24%] [32mBuilding CXX object CMakeFiles/ur_msgs__rosidl_typesupport_cpp.dir/rosidl_typesupport_cpp/ur_msgs/srv/set_analog_output__type_support.cpp.o[0m
[7.368s] [ 25%] [32mBuilding CXX object CMakeFiles/ur_msgs__rosidl_typesupport_cpp.dir/rosidl_typesupport_cpp/ur_msgs/srv/set_io__type_support.cpp.o[0m
[7.406s] [ 26%] [32mBuilding CXX object CMakeFiles/ur_msgs__rosidl_typesupport_cpp.dir/rosidl_typesupport_cpp/ur_msgs/srv/get_robot_software_version__type_support.cpp.o[0m
[7.410s] [ 27%] [32mBuilding CXX object CMakeFiles/ur_msgs__rosidl_typesupport_cpp.dir/rosidl_typesupport_cpp/ur_msgs/srv/set_force_mode__type_support.cpp.o[0m
[7.411s] [ 27%] [32mBuilding CXX object CMakeFiles/ur_msgs__rosidl_typesupport_cpp.dir/rosidl_typesupport_cpp/ur_msgs/action/tool_contact__type_support.cpp.o[0m
[7.443s] [ 27%] [32mBuilding CXX object CMakeFiles/ur_msgs__rosidl_typesupport_cpp.dir/rosidl_typesupport_cpp/ur_msgs/srv/set_speed_slider_fraction__type_support.cpp.o[0m
[8.749s] [ 28%] [32m[1mLinking CXX shared library libur_msgs__rosidl_typesupport_cpp.so[0m
[8.826s] [ 29%] [32mBuilding CXX object CMakeFiles/ur_msgs__rosidl_typesupport_introspection_cpp.dir/rosidl_typesupport_introspection_cpp/ur_msgs/msg/detail/robot_mode_data_msg__type_support.cpp.o[0m
[8.826s] [ 30%] [32mBuilding CXX object CMakeFiles/ur_msgs__rosidl_typesupport_introspection_cpp.dir/rosidl_typesupport_introspection_cpp/ur_msgs/msg/detail/analog__type_support.cpp.o[0m
[8.826s] [ 31%] [32mBuilding CXX object CMakeFiles/ur_msgs__rosidl_typesupport_introspection_cpp.dir/rosidl_typesupport_introspection_cpp/ur_msgs/msg/detail/digital__type_support.cpp.o[0m
[8.831s] [ 32%] [32mBuilding CXX object CMakeFiles/ur_msgs__rosidl_typesupport_introspection_cpp.dir/rosidl_typesupport_introspection_cpp/ur_msgs/msg/detail/io_states__type_support.cpp.o[0m
[8.832s] [ 33%] [32mBuilding CXX object CMakeFiles/ur_msgs__rosidl_typesupport_introspection_cpp.dir/rosidl_typesupport_introspection_cpp/ur_msgs/msg/detail/masterboard_data_msg__type_support.cpp.o[0m
[8.833s] [ 33%] [32mBuilding CXX object CMakeFiles/ur_msgs__rosidl_typesupport_introspection_cpp.dir/rosidl_typesupport_introspection_cpp/ur_msgs/msg/detail/robot_state_rt_msg__type_support.cpp.o[0m
[8.858s] [ 34%] [32mBuilding CXX object CMakeFiles/ur_msgs__rosidl_typesupport_introspection_cpp.dir/rosidl_typesupport_introspection_cpp/ur_msgs/msg/detail/tool_data_msg__type_support.cpp.o[0m
[8.864s] [ 34%] [32mBuilding CXX object CMakeFiles/ur_msgs__rosidl_typesupport_introspection_cpp.dir/rosidl_typesupport_introspection_cpp/ur_msgs/srv/detail/set_analog_output__type_support.cpp.o[0m
[8.876s] [ 35%] [32mBuilding CXX object CMakeFiles/ur_msgs__rosidl_typesupport_introspection_cpp.dir/rosidl_typesupport_introspection_cpp/ur_msgs/srv/detail/set_payload__type_support.cpp.o[0m
[8.901s] [ 36%] [32mBuilding CXX object CMakeFiles/ur_msgs__rosidl_typesupport_introspection_cpp.dir/rosidl_typesupport_introspection_cpp/ur_msgs/srv/detail/set_speed_slider_fraction__type_support.cpp.o[0m
[8.901s] [ 37%] [32mBuilding CXX object CMakeFiles/ur_msgs__rosidl_typesupport_introspection_cpp.dir/rosidl_typesupport_introspection_cpp/ur_msgs/srv/detail/set_io__type_support.cpp.o[0m
[8.917s] [ 37%] Built target ur_msgs__rosidl_typesupport_cpp
[8.949s] [ 38%] [32mBuilding CXX object CMakeFiles/ur_msgs__rosidl_typesupport_introspection_cpp.dir/rosidl_typesupport_introspection_cpp/ur_msgs/srv/detail/set_force_mode__type_support.cpp.o[0m
[8.954s] [ 38%] [32mBuilding CXX object CMakeFiles/ur_msgs__rosidl_typesupport_introspection_cpp.dir/rosidl_typesupport_introspection_cpp/ur_msgs/srv/detail/get_robot_software_version__type_support.cpp.o[0m
[8.977s] [ 39%] [32mBuilding CXX object CMakeFiles/ur_msgs__rosidl_typesupport_introspection_cpp.dir/rosidl_typesupport_introspection_cpp/ur_msgs/action/detail/tool_contact__type_support.cpp.o[0m
[9.225s] [ 40%] [32mBuilding C object CMakeFiles/ur_msgs__rosidl_typesupport_introspection_c.dir/rosidl_typesupport_introspection_c/ur_msgs/msg/detail/digital__type_support.c.o[0m
[9.234s] [ 41%] [32mBuilding C object CMakeFiles/ur_msgs__rosidl_typesupport_introspection_c.dir/rosidl_typesupport_introspection_c/ur_msgs/msg/detail/analog__type_support.c.o[0m
[9.255s] [ 42%] [32mBuilding C object CMakeFiles/ur_msgs__rosidl_typesupport_introspection_c.dir/rosidl_typesupport_introspection_c/ur_msgs/msg/detail/robot_state_rt_msg__type_support.c.o[0m
[9.265s] [ 42%] [32mBuilding C object CMakeFiles/ur_msgs__rosidl_typesupport_introspection_c.dir/rosidl_typesupport_introspection_c/ur_msgs/msg/detail/io_states__type_support.c.o[0m
[9.275s] [ 43%] [32mBuilding C object CMakeFiles/ur_msgs__rosidl_typesupport_introspection_c.dir/rosidl_typesupport_introspection_c/ur_msgs/msg/detail/masterboard_data_msg__type_support.c.o[0m
[9.327s] [ 44%] [32mBuilding C object CMakeFiles/ur_msgs__rosidl_typesupport_introspection_c.dir/rosidl_typesupport_introspection_c/ur_msgs/msg/detail/robot_mode_data_msg__type_support.c.o[0m
[9.485s] [ 44%] [32mBuilding C object CMakeFiles/ur_msgs__rosidl_typesupport_introspection_c.dir/rosidl_typesupport_introspection_c/ur_msgs/srv/detail/set_speed_slider_fraction__type_support.c.o[0m
[9.492s] [ 44%] [32mBuilding C object CMakeFiles/ur_msgs__rosidl_typesupport_introspection_c.dir/rosidl_typesupport_introspection_c/ur_msgs/msg/detail/tool_data_msg__type_support.c.o[0m
[9.505s] [ 45%] [32mBuilding C object CMakeFiles/ur_msgs__rosidl_typesupport_introspection_c.dir/rosidl_typesupport_introspection_c/ur_msgs/srv/detail/set_analog_output__type_support.c.o[0m
[9.516s] [ 46%] [32mBuilding C object CMakeFiles/ur_msgs__rosidl_typesupport_introspection_c.dir/rosidl_typesupport_introspection_c/ur_msgs/srv/detail/set_payload__type_support.c.o[0m
[9.590s] [ 47%] [32mBuilding C object CMakeFiles/ur_msgs__rosidl_typesupport_introspection_c.dir/rosidl_typesupport_introspection_c/ur_msgs/srv/detail/set_io__type_support.c.o[0m
[9.706s] [ 48%] [32mBuilding C object CMakeFiles/ur_msgs__rosidl_typesupport_introspection_c.dir/rosidl_typesupport_introspection_c/ur_msgs/srv/detail/get_robot_software_version__type_support.c.o[0m
[9.721s] [ 48%] [32mBuilding C object CMakeFiles/ur_msgs__rosidl_typesupport_introspection_c.dir/rosidl_typesupport_introspection_c/ur_msgs/action/detail/tool_contact__type_support.c.o[0m
[9.729s] [ 49%] [32mBuilding C object CMakeFiles/ur_msgs__rosidl_typesupport_introspection_c.dir/rosidl_typesupport_introspection_c/ur_msgs/srv/detail/set_force_mode__type_support.c.o[0m
[10.151s] [ 50%] [32mBuilding CXX object CMakeFiles/ur_msgs__rosidl_typesupport_fastrtps_cpp.dir/rosidl_typesupport_fastrtps_cpp/ur_msgs/msg/detail/dds_fastrtps/masterboard_data_msg__type_support.cpp.o[0m
[10.153s] [ 50%] [32mBuilding CXX object CMakeFiles/ur_msgs__rosidl_typesupport_fastrtps_cpp.dir/rosidl_typesupport_fastrtps_cpp/ur_msgs/msg/detail/dds_fastrtps/io_states__type_support.cpp.o[0m
[10.161s] [ 51%] [32mBuilding CXX object CMakeFiles/ur_msgs__rosidl_typesupport_fastrtps_cpp.dir/rosidl_typesupport_fastrtps_cpp/ur_msgs/msg/detail/dds_fastrtps/robot_mode_data_msg__type_support.cpp.o[0m
[10.170s] [ 54%] [32mBuilding CXX object CMakeFiles/ur_msgs__rosidl_typesupport_fastrtps_cpp.dir/rosidl_typesupport_fastrtps_cpp/ur_msgs/srv/detail/dds_fastrtps/set_analog_output__type_support.cpp.o[0m
[10.170s] [ 54%] [32mBuilding CXX object CMakeFiles/ur_msgs__rosidl_typesupport_fastrtps_cpp.dir/rosidl_typesupport_fastrtps_cpp/ur_msgs/msg/detail/dds_fastrtps/robot_state_rt_msg__type_support.cpp.o[0m
[10.170s] [ 54%] [32mBuilding CXX object CMakeFiles/ur_msgs__rosidl_typesupport_fastrtps_cpp.dir/rosidl_typesupport_fastrtps_cpp/ur_msgs/msg/detail/dds_fastrtps/digital__type_support.cpp.o[0m
[10.195s] [ 55%] [32mBuilding CXX object CMakeFiles/ur_msgs__rosidl_typesupport_fastrtps_cpp.dir/rosidl_typesupport_fastrtps_cpp/ur_msgs/msg/detail/dds_fastrtps/analog__type_support.cpp.o[0m
[10.207s] [ 55%] [32mBuilding CXX object CMakeFiles/ur_msgs__rosidl_typesupport_fastrtps_cpp.dir/rosidl_typesupport_fastrtps_cpp/ur_msgs/msg/detail/dds_fastrtps/tool_data_msg__type_support.cpp.o[0m
[10.214s] [ 56%] [32m[1mLinking C shared library libur_msgs__rosidl_typesupport_introspection_c.so[0m
[10.396s] [ 56%] Built target ur_msgs__rosidl_typesupport_introspection_c
[10.550s] [ 57%] [32mBuilding CXX object CMakeFiles/ur_msgs__rosidl_typesupport_fastrtps_cpp.dir/rosidl_typesupport_fastrtps_cpp/ur_msgs/srv/detail/dds_fastrtps/set_payload__type_support.cpp.o[0m
[10.560s] [ 58%] [32mBuilding CXX object CMakeFiles/ur_msgs__rosidl_typesupport_fastrtps_cpp.dir/rosidl_typesupport_fastrtps_cpp/ur_msgs/srv/detail/dds_fastrtps/set_speed_slider_fraction__type_support.cpp.o[0m
[10.725s] [ 58%] [32mBuilding CXX object CMakeFiles/ur_msgs__rosidl_typesupport_fastrtps_cpp.dir/rosidl_typesupport_fastrtps_cpp/ur_msgs/srv/detail/dds_fastrtps/set_io__type_support.cpp.o[0m
[10.784s] [ 59%] [32mBuilding CXX object CMakeFiles/ur_msgs__rosidl_typesupport_fastrtps_cpp.dir/rosidl_typesupport_fastrtps_cpp/ur_msgs/srv/detail/dds_fastrtps/get_robot_software_version__type_support.cpp.o[0m
[10.828s] [ 59%] [32mBuilding CXX object CMakeFiles/ur_msgs__rosidl_typesupport_c.dir/rosidl_typesupport_c/ur_msgs/msg/analog__type_support.cpp.o[0m
[10.880s] [ 60%] [32mBuilding CXX object CMakeFiles/ur_msgs__rosidl_typesupport_fastrtps_cpp.dir/rosidl_typesupport_fastrtps_cpp/ur_msgs/srv/detail/dds_fastrtps/set_force_mode__type_support.cpp.o[0m
[10.977s] [ 61%] [32mBuilding CXX object CMakeFiles/ur_msgs__rosidl_typesupport_c.dir/rosidl_typesupport_c/ur_msgs/msg/digital__type_support.cpp.o[0m
[10.986s] [ 62%] [32mBuilding CXX object CMakeFiles/ur_msgs__rosidl_typesupport_fastrtps_cpp.dir/rosidl_typesupport_fastrtps_cpp/ur_msgs/action/detail/dds_fastrtps/tool_contact__type_support.cpp.o[0m
[11.002s] [ 63%] [32mBuilding CXX object CMakeFiles/ur_msgs__rosidl_typesupport_c.dir/rosidl_typesupport_c/ur_msgs/msg/io_states__type_support.cpp.o[0m
[11.167s] [ 64%] [32mBuilding CXX object CMakeFiles/ur_msgs__rosidl_typesupport_c.dir/rosidl_typesupport_c/ur_msgs/msg/masterboard_data_msg__type_support.cpp.o[0m
[11.169s] [ 64%] [32mBuilding CXX object CMakeFiles/ur_msgs__rosidl_typesupport_c.dir/rosidl_typesupport_c/ur_msgs/msg/robot_state_rt_msg__type_support.cpp.o[0m
[11.212s] [ 65%] [32mBuilding CXX object CMakeFiles/ur_msgs__rosidl_typesupport_c.dir/rosidl_typesupport_c/ur_msgs/msg/robot_mode_data_msg__type_support.cpp.o[0m
[11.286s] [ 66%] [32mBuilding CXX object CMakeFiles/ur_msgs__rosidl_typesupport_c.dir/rosidl_typesupport_c/ur_msgs/msg/tool_data_msg__type_support.cpp.o[0m
[11.318s] [ 67%] [32mBuilding CXX object CMakeFiles/ur_msgs__rosidl_typesupport_c.dir/rosidl_typesupport_c/ur_msgs/srv/set_analog_output__type_support.cpp.o[0m
[11.323s] [ 67%] [32mBuilding CXX object CMakeFiles/ur_msgs__rosidl_typesupport_c.dir/rosidl_typesupport_c/ur_msgs/srv/set_payload__type_support.cpp.o[0m
[11.393s] [ 68%] [32mBuilding CXX object CMakeFiles/ur_msgs__rosidl_typesupport_c.dir/rosidl_typesupport_c/ur_msgs/srv/set_speed_slider_fraction__type_support.cpp.o[0m
[11.416s] [ 69%] [32mBuilding CXX object CMakeFiles/ur_msgs__rosidl_typesupport_c.dir/rosidl_typesupport_c/ur_msgs/srv/set_io__type_support.cpp.o[0m
[11.432s] [ 70%] [32mBuilding CXX object CMakeFiles/ur_msgs__rosidl_typesupport_c.dir/rosidl_typesupport_c/ur_msgs/srv/get_robot_software_version__type_support.cpp.o[0m
[11.441s] [ 70%] [32mBuilding CXX object CMakeFiles/ur_msgs__rosidl_typesupport_c.dir/rosidl_typesupport_c/ur_msgs/srv/set_force_mode__type_support.cpp.o[0m
[11.486s] [ 71%] [32mBuilding CXX object CMakeFiles/ur_msgs__rosidl_typesupport_c.dir/rosidl_typesupport_c/ur_msgs/action/tool_contact__type_support.cpp.o[0m
[11.644s] [ 72%] [32mBuilding CXX object CMakeFiles/ur_msgs__rosidl_typesupport_fastrtps_c.dir/rosidl_typesupport_fastrtps_c/ur_msgs/msg/detail/analog__type_support_c.cpp.o[0m
[11.651s] [ 72%] [32mBuilding CXX object CMakeFiles/ur_msgs__rosidl_typesupport_fastrtps_c.dir/rosidl_typesupport_fastrtps_c/ur_msgs/msg/detail/digital__type_support_c.cpp.o[0m
[11.654s] [ 73%] [32mBuilding CXX object CMakeFiles/ur_msgs__rosidl_typesupport_fastrtps_c.dir/rosidl_typesupport_fastrtps_c/ur_msgs/msg/detail/io_states__type_support_c.cpp.o[0m
[11.667s] [ 74%] [32mBuilding CXX object CMakeFiles/ur_msgs__rosidl_typesupport_fastrtps_c.dir/rosidl_typesupport_fastrtps_c/ur_msgs/msg/detail/robot_state_rt_msg__type_support_c.cpp.o[0m
[11.671s] [ 75%] [32mBuilding CXX object CMakeFiles/ur_msgs__rosidl_typesupport_fastrtps_c.dir/rosidl_typesupport_fastrtps_c/ur_msgs/msg/detail/masterboard_data_msg__type_support_c.cpp.o[0m
[11.702s] [ 76%] [32mBuilding CXX object CMakeFiles/ur_msgs__rosidl_typesupport_fastrtps_c.dir/rosidl_typesupport_fastrtps_c/ur_msgs/msg/detail/tool_data_msg__type_support_c.cpp.o[0m
[11.702s] [ 76%] [32mBuilding CXX object CMakeFiles/ur_msgs__rosidl_typesupport_fastrtps_c.dir/rosidl_typesupport_fastrtps_c/ur_msgs/msg/detail/robot_mode_data_msg__type_support_c.cpp.o[0m
[11.726s] [ 77%] [32m[1mLinking CXX shared library libur_msgs__rosidl_typesupport_c.so[0m
[11.865s] [ 78%] [32mBuilding CXX object CMakeFiles/ur_msgs__rosidl_typesupport_fastrtps_c.dir/rosidl_typesupport_fastrtps_c/ur_msgs/srv/detail/set_analog_output__type_support_c.cpp.o[0m
[11.903s] [ 78%] Built target ur_msgs__rosidl_typesupport_c
[11.938s] [ 79%] [32mBuilding CXX object CMakeFiles/ur_msgs__rosidl_typesupport_fastrtps_c.dir/rosidl_typesupport_fastrtps_c/ur_msgs/srv/detail/set_payload__type_support_c.cpp.o[0m
[11.972s] [ 79%] [32mBuilding CXX object CMakeFiles/ur_msgs__rosidl_typesupport_fastrtps_c.dir/rosidl_typesupport_fastrtps_c/ur_msgs/srv/detail/set_speed_slider_fraction__type_support_c.cpp.o[0m
[12.037s] [ 80%] [32mBuilding CXX object CMakeFiles/ur_msgs__rosidl_typesupport_fastrtps_c.dir/rosidl_typesupport_fastrtps_c/ur_msgs/srv/detail/set_io__type_support_c.cpp.o[0m
[12.227s] [ 81%] [32mBuilding CXX object CMakeFiles/ur_msgs__rosidl_typesupport_fastrtps_c.dir/rosidl_typesupport_fastrtps_c/ur_msgs/srv/detail/get_robot_software_version__type_support_c.cpp.o[0m
[12.350s] [ 82%] [32mBuilding CXX object CMakeFiles/ur_msgs__rosidl_typesupport_fastrtps_c.dir/rosidl_typesupport_fastrtps_c/ur_msgs/srv/detail/set_force_mode__type_support_c.cpp.o[0m
[12.367s] [ 82%] [32mBuilding CXX object CMakeFiles/ur_msgs__rosidl_typesupport_fastrtps_c.dir/rosidl_typesupport_fastrtps_c/ur_msgs/action/detail/tool_contact__type_support_c.cpp.o[0m
[12.721s] [ 83%] [32m[1mLinking CXX shared library libur_msgs__rosidl_typesupport_introspection_cpp.so[0m
[12.906s] [ 83%] Built target ur_msgs__rosidl_typesupport_introspection_cpp
[13.523s] [ 83%] [32m[1mLinking CXX shared library libur_msgs__rosidl_typesupport_fastrtps_cpp.so[0m
[13.845s] [ 83%] Built target ur_msgs__rosidl_typesupport_fastrtps_cpp
[14.097s] [ 84%] [32m[1mLinking CXX shared library libur_msgs__rosidl_typesupport_fastrtps_c.so[0m
[14.407s] [ 84%] Built target ur_msgs__rosidl_typesupport_fastrtps_c
[14.466s] [ 84%] Built target ur_msgs
[14.534s] [ 85%] [34m[1mGenerating Python code for ROS interfaces[0m
[20.638s] [ 85%] Built target ur_msgs__py
[20.754s] [ 86%] [32mBuilding C object CMakeFiles/ur_msgs__rosidl_generator_py.dir/rosidl_generator_py/ur_msgs/msg/_masterboard_data_msg_s.c.o[0m
[20.759s] [ 86%] [32mBuilding C object CMakeFiles/ur_msgs__rosidl_generator_py.dir/rosidl_generator_py/ur_msgs/srv/_set_speed_slider_fraction_s.c.o[0m
[20.759s] [ 87%] [32mBuilding C object CMakeFiles/ur_msgs__rosidl_generator_py.dir/rosidl_generator_py/ur_msgs/srv/_set_io_s.c.o[0m
[20.760s] [ 87%] [32mBuilding C object CMakeFiles/ur_msgs__rosidl_generator_py.dir/rosidl_generator_py/ur_msgs/msg/_robot_mode_data_msg_s.c.o[0m
[20.771s] [ 88%] [32mBuilding C object CMakeFiles/ur_msgs__rosidl_generator_py.dir/rosidl_generator_py/ur_msgs/msg/_analog_s.c.o[0m
[20.772s] [ 89%] [32mBuilding C object CMakeFiles/ur_msgs__rosidl_generator_py.dir/rosidl_generator_py/ur_msgs/srv/_set_analog_output_s.c.o[0m
[20.772s] [ 89%] [32mBuilding C object CMakeFiles/ur_msgs__rosidl_generator_py.dir/rosidl_generator_py/ur_msgs/msg/_digital_s.c.o[0m
[20.774s] [ 90%] [32mBuilding C object CMakeFiles/ur_msgs__rosidl_generator_py.dir/rosidl_generator_py/ur_msgs/action/_tool_contact_s.c.o[0m
[20.777s] [ 91%] [32mBuilding C object CMakeFiles/ur_msgs__rosidl_generator_py.dir/rosidl_generator_py/ur_msgs/srv/_set_payload_s.c.o[0m
[20.779s] [ 91%] [32mBuilding C object CMakeFiles/ur_msgs__rosidl_generator_py.dir/rosidl_generator_py/ur_msgs/srv/_set_force_mode_s.c.o[0m
[20.805s] [ 92%] [32mBuilding C object CMakeFiles/ur_msgs__rosidl_generator_py.dir/rosidl_generator_py/ur_msgs/msg/_robot_state_rt_msg_s.c.o[0m
[20.805s] [ 93%] [32mBuilding C object CMakeFiles/ur_msgs__rosidl_generator_py.dir/rosidl_generator_py/ur_msgs/msg/_io_states_s.c.o[0m
[20.818s] [ 94%] [32mBuilding C object CMakeFiles/ur_msgs__rosidl_generator_py.dir/rosidl_generator_py/ur_msgs/srv/_get_robot_software_version_s.c.o[0m
[20.831s] [ 95%] [32mBuilding C object CMakeFiles/ur_msgs__rosidl_generator_py.dir/rosidl_generator_py/ur_msgs/msg/_tool_data_msg_s.c.o[0m
[21.262s] [ 96%] [32m[1mLinking C shared library rosidl_generator_py/ur_msgs/libur_msgs__rosidl_generator_py.so[0m
[21.311s] [ 96%] Built target ur_msgs__rosidl_generator_py
[21.363s] [ 98%] [32mBuilding C object CMakeFiles/ur_msgs__rosidl_typesupport_c__pyext.dir/rosidl_generator_py/ur_msgs/_ur_msgs_s.ep.rosidl_typesupport_c.c.o[0m
[21.365s] [ 98%] [32mBuilding C object CMakeFiles/ur_msgs__rosidl_typesupport_fastrtps_c__pyext.dir/rosidl_generator_py/ur_msgs/_ur_msgs_s.ep.rosidl_typesupport_fastrtps_c.c.o[0m
[21.365s] [ 99%] [32mBuilding C object CMakeFiles/ur_msgs__rosidl_typesupport_introspection_c__pyext.dir/rosidl_generator_py/ur_msgs/_ur_msgs_s.ep.rosidl_typesupport_introspection_c.c.o[0m
[21.595s] [ 99%] [32m[1mLinking C shared library rosidl_generator_py/ur_msgs/ur_msgs_s__rosidl_typesupport_c.cpython-310-x86_64-linux-gnu.so[0m
[21.596s] [ 99%] [32m[1mLinking C shared library rosidl_generator_py/ur_msgs/ur_msgs_s__rosidl_typesupport_fastrtps_c.cpython-310-x86_64-linux-gnu.so[0m
[21.598s] [100%] [32m[1mLinking C shared library rosidl_generator_py/ur_msgs/ur_msgs_s__rosidl_typesupport_introspection_c.cpython-310-x86_64-linux-gnu.so[0m
[21.648s] [100%] Built target ur_msgs__rosidl_typesupport_fastrtps_c__pyext
[21.649s] [100%] Built target ur_msgs__rosidl_typesupport_c__pyext
[21.650s] [100%] Built target ur_msgs__rosidl_typesupport_introspection_c__pyext
[21.666s] Invoked command in '/home/abdelrahman/Wall-Painting-Robot/build/ur_msgs' returned '0': CMAKE_PREFIX_PATH=${CMAKE_PREFIX_PATH}:/home/abdelrahman/Wall-Painting-Robot/install/rqt_joint_trajectory_controller:/home/abdelrahman/Wall-Painting-Robot/install/rqt_controller_manager:/home/abdelrahman/Wall-Painting-Robot/install/ros2controlcli:/home/abdelrahman/Wall-Painting-Robot/install/ros2_controllers_test_nodes:/opt/ros/humble /usr/bin/cmake --build /home/abdelrahman/Wall-Painting-Robot/build/ur_msgs -- -j22 -l22
[21.669s] Invoking command in '/home/abdelrahman/Wall-Painting-Robot/build/ur_msgs': CMAKE_PREFIX_PATH=${CMAKE_PREFIX_PATH}:/home/abdelrahman/Wall-Painting-Robot/install/rqt_joint_trajectory_controller:/home/abdelrahman/Wall-Painting-Robot/install/rqt_controller_manager:/home/abdelrahman/Wall-Painting-Robot/install/ros2controlcli:/home/abdelrahman/Wall-Painting-Robot/install/ros2_controllers_test_nodes:/opt/ros/humble /usr/bin/cmake --install /home/abdelrahman/Wall-Painting-Robot/build/ur_msgs
[21.682s] -- Install configuration: ""
[21.683s] -- Execute custom install script
[21.683s] -- Symlinking: /home/abdelrahman/Wall-Painting-Robot/install/ur_msgs/share/ament_index/resource_index/rosidl_interfaces/ur_msgs
[21.700s] -- Symlinking: /home/abdelrahman/Wall-Painting-Robot/install/ur_msgs/include/ur_msgs/ur_msgs/action/detail/tool_contact__functions.h
[21.709s] -- Symlinking: /home/abdelrahman/Wall-Painting-Robot/install/ur_msgs/include/ur_msgs/ur_msgs/action/detail/tool_contact__struct.h
[21.722s] -- Symlinking: /home/abdelrahman/Wall-Painting-Robot/install/ur_msgs/include/ur_msgs/ur_msgs/action/detail/tool_contact__type_support.h
[21.733s] -- Symlinking: /home/abdelrahman/Wall-Painting-Robot/install/ur_msgs/include/ur_msgs/ur_msgs/action/tool_contact.h
[21.742s] -- Symlinking: /home/abdelrahman/Wall-Painting-Robot/install/ur_msgs/include/ur_msgs/ur_msgs/msg/analog.h
[21.753s] -- Symlinking: /home/abdelrahman/Wall-Painting-Robot/install/ur_msgs/include/ur_msgs/ur_msgs/msg/detail/analog__functions.h
[21.763s] -- Symlinking: /home/abdelrahman/Wall-Painting-Robot/install/ur_msgs/include/ur_msgs/ur_msgs/msg/detail/analog__struct.h
[21.776s] -- Symlinking: /home/abdelrahman/Wall-Painting-Robot/install/ur_msgs/include/ur_msgs/ur_msgs/msg/detail/analog__type_support.h
[21.786s] -- Symlinking: /home/abdelrahman/Wall-Painting-Robot/install/ur_msgs/include/ur_msgs/ur_msgs/msg/detail/digital__functions.h
[21.796s] -- Symlinking: /home/abdelrahman/Wall-Painting-Robot/install/ur_msgs/include/ur_msgs/ur_msgs/msg/detail/digital__struct.h
[21.807s] -- Symlinking: /home/abdelrahman/Wall-Painting-Robot/install/ur_msgs/include/ur_msgs/ur_msgs/msg/detail/digital__type_support.h
[21.818s] -- Symlinking: /home/abdelrahman/Wall-Painting-Robot/install/ur_msgs/include/ur_msgs/ur_msgs/msg/detail/io_states__functions.h
[21.828s] -- Symlinking: /home/abdelrahman/Wall-Painting-Robot/install/ur_msgs/include/ur_msgs/ur_msgs/msg/detail/io_states__struct.h
[21.839s] -- Symlinking: /home/abdelrahman/Wall-Painting-Robot/install/ur_msgs/include/ur_msgs/ur_msgs/msg/detail/io_states__type_support.h
[21.854s] -- Symlinking: /home/abdelrahman/Wall-Painting-Robot/install/ur_msgs/include/ur_msgs/ur_msgs/msg/detail/masterboard_data_msg__functions.h
[21.870s] -- Symlinking: /home/abdelrahman/Wall-Painting-Robot/install/ur_msgs/include/ur_msgs/ur_msgs/msg/detail/masterboard_data_msg__struct.h
[21.885s] -- Symlinking: /home/abdelrahman/Wall-Painting-Robot/install/ur_msgs/include/ur_msgs/ur_msgs/msg/detail/masterboard_data_msg__type_support.h
[21.899s] -- Symlinking: /home/abdelrahman/Wall-Painting-Robot/install/ur_msgs/include/ur_msgs/ur_msgs/msg/detail/robot_mode_data_msg__functions.h
[21.914s] -- Symlinking: /home/abdelrahman/Wall-Painting-Robot/install/ur_msgs/include/ur_msgs/ur_msgs/msg/detail/robot_mode_data_msg__struct.h
[21.929s] -- Symlinking: /home/abdelrahman/Wall-Painting-Robot/install/ur_msgs/include/ur_msgs/ur_msgs/msg/detail/robot_mode_data_msg__type_support.h
[21.944s] -- Symlinking: /home/abdelrahman/Wall-Painting-Robot/install/ur_msgs/include/ur_msgs/ur_msgs/msg/detail/robot_state_rt_msg__functions.h
[21.960s] -- Symlinking: /home/abdelrahman/Wall-Painting-Robot/install/ur_msgs/include/ur_msgs/ur_msgs/msg/detail/robot_state_rt_msg__struct.h
[21.972s] -- Symlinking: /home/abdelrahman/Wall-Painting-Robot/install/ur_msgs/include/ur_msgs/ur_msgs/msg/detail/robot_state_rt_msg__type_support.h
[21.983s] -- Symlinking: /home/abdelrahman/Wall-Painting-Robot/install/ur_msgs/include/ur_msgs/ur_msgs/msg/detail/tool_data_msg__functions.h
[21.997s] -- Symlinking: /home/abdelrahman/Wall-Painting-Robot/install/ur_msgs/include/ur_msgs/ur_msgs/msg/detail/tool_data_msg__struct.h
[22.008s] -- Symlinking: /home/abdelrahman/Wall-Painting-Robot/install/ur_msgs/include/ur_msgs/ur_msgs/msg/detail/tool_data_msg__type_support.h
[22.019s] -- Symlinking: /home/abdelrahman/Wall-Painting-Robot/install/ur_msgs/include/ur_msgs/ur_msgs/msg/digital.h
[22.030s] -- Symlinking: /home/abdelrahman/Wall-Painting-Robot/install/ur_msgs/include/ur_msgs/ur_msgs/msg/io_states.h
[22.041s] -- Symlinking: /home/abdelrahman/Wall-Painting-Robot/install/ur_msgs/include/ur_msgs/ur_msgs/msg/masterboard_data_msg.h
[22.052s] -- Symlinking: /home/abdelrahman/Wall-Painting-Robot/install/ur_msgs/include/ur_msgs/ur_msgs/msg/robot_mode_data_msg.h
[22.063s] -- Symlinking: /home/abdelrahman/Wall-Painting-Robot/install/ur_msgs/include/ur_msgs/ur_msgs/msg/robot_state_rt_msg.h
[22.074s] -- Symlinking: /home/abdelrahman/Wall-Painting-Robot/install/ur_msgs/include/ur_msgs/ur_msgs/msg/rosidl_generator_c__visibility_control.h
[22.085s] -- Symlinking: /home/abdelrahman/Wall-Painting-Robot/install/ur_msgs/include/ur_msgs/ur_msgs/msg/tool_data_msg.h
[22.096s] -- Symlinking: /home/abdelrahman/Wall-Painting-Robot/install/ur_msgs/include/ur_msgs/ur_msgs/srv/detail/get_robot_software_version__functions.h
[22.113s] -- Symlinking: /home/abdelrahman/Wall-Painting-Robot/install/ur_msgs/include/ur_msgs/ur_msgs/srv/detail/get_robot_software_version__struct.h
[22.124s] -- Symlinking: /home/abdelrahman/Wall-Painting-Robot/install/ur_msgs/include/ur_msgs/ur_msgs/srv/detail/get_robot_software_version__type_support.h
[22.135s] -- Symlinking: /home/abdelrahman/Wall-Painting-Robot/install/ur_msgs/include/ur_msgs/ur_msgs/srv/detail/set_analog_output__functions.h
[22.146s] -- Symlinking: /home/abdelrahman/Wall-Painting-Robot/install/ur_msgs/include/ur_msgs/ur_msgs/srv/detail/set_analog_output__struct.h
[22.160s] -- Symlinking: /home/abdelrahman/Wall-Painting-Robot/install/ur_msgs/include/ur_msgs/ur_msgs/srv/detail/set_analog_output__type_support.h
[22.173s] -- Symlinking: /home/abdelrahman/Wall-Painting-Robot/install/ur_msgs/include/ur_msgs/ur_msgs/srv/detail/set_force_mode__functions.h
[22.188s] -- Symlinking: /home/abdelrahman/Wall-Painting-Robot/install/ur_msgs/include/ur_msgs/ur_msgs/srv/detail/set_force_mode__struct.h
[22.200s] -- Symlinking: /home/abdelrahman/Wall-Painting-Robot/install/ur_msgs/include/ur_msgs/ur_msgs/srv/detail/set_force_mode__type_support.h
[22.211s] -- Symlinking: /home/abdelrahman/Wall-Painting-Robot/install/ur_msgs/include/ur_msgs/ur_msgs/srv/detail/set_io__functions.h
[22.222s] -- Symlinking: /home/abdelrahman/Wall-Painting-Robot/install/ur_msgs/include/ur_msgs/ur_msgs/srv/detail/set_io__struct.h
[22.234s] -- Symlinking: /home/abdelrahman/Wall-Painting-Robot/install/ur_msgs/include/ur_msgs/ur_msgs/srv/detail/set_io__type_support.h
[22.246s] -- Symlinking: /home/abdelrahman/Wall-Painting-Robot/install/ur_msgs/include/ur_msgs/ur_msgs/srv/detail/set_payload__functions.h
[22.258s] -- Symlinking: /home/abdelrahman/Wall-Painting-Robot/install/ur_msgs/include/ur_msgs/ur_msgs/srv/detail/set_payload__struct.h
[22.273s] -- Symlinking: /home/abdelrahman/Wall-Painting-Robot/install/ur_msgs/include/ur_msgs/ur_msgs/srv/detail/set_payload__type_support.h
[22.289s] -- Symlinking: /home/abdelrahman/Wall-Painting-Robot/install/ur_msgs/include/ur_msgs/ur_msgs/srv/detail/set_speed_slider_fraction__functions.h
[22.302s] -- Symlinking: /home/abdelrahman/Wall-Painting-Robot/install/ur_msgs/include/ur_msgs/ur_msgs/srv/detail/set_speed_slider_fraction__struct.h
[22.314s] -- Symlinking: /home/abdelrahman/Wall-Painting-Robot/install/ur_msgs/include/ur_msgs/ur_msgs/srv/detail/set_speed_slider_fraction__type_support.h
[22.328s] -- Symlinking: /home/abdelrahman/Wall-Painting-Robot/install/ur_msgs/include/ur_msgs/ur_msgs/srv/get_robot_software_version.h
[22.343s] -- Symlinking: /home/abdelrahman/Wall-Painting-Robot/install/ur_msgs/include/ur_msgs/ur_msgs/srv/set_analog_output.h
[22.353s] -- Symlinking: /home/abdelrahman/Wall-Painting-Robot/install/ur_msgs/include/ur_msgs/ur_msgs/srv/set_force_mode.h
[22.365s] -- Symlinking: /home/abdelrahman/Wall-Painting-Robot/install/ur_msgs/include/ur_msgs/ur_msgs/srv/set_io.h
[22.377s] -- Symlinking: /home/abdelrahman/Wall-Painting-Robot/install/ur_msgs/include/ur_msgs/ur_msgs/srv/set_payload.h
[22.394s] -- Symlinking: /home/abdelrahman/Wall-Painting-Robot/install/ur_msgs/include/ur_msgs/ur_msgs/srv/set_speed_slider_fraction.h
[22.410s] -- Symlinking: /home/abdelrahman/Wall-Painting-Robot/install/ur_msgs/share/ur_msgs/environment/library_path.sh
[22.421s] -- Symlinking: /home/abdelrahman/Wall-Painting-Robot/install/ur_msgs/share/ur_msgs/environment/library_path.dsv
[22.433s] -- Symlinking: /home/abdelrahman/Wall-Painting-Robot/install/ur_msgs/include/ur_msgs/ur_msgs/action/detail/tool_contact__rosidl_typesupport_fastrtps_c.h
[22.445s] -- Symlinking: /home/abdelrahman/Wall-Painting-Robot/install/ur_msgs/include/ur_msgs/ur_msgs/msg/detail/analog__rosidl_typesupport_fastrtps_c.h
[22.460s] -- Symlinking: /home/abdelrahman/Wall-Painting-Robot/install/ur_msgs/include/ur_msgs/ur_msgs/msg/detail/digital__rosidl_typesupport_fastrtps_c.h
[22.478s] -- Symlinking: /home/abdelrahman/Wall-Painting-Robot/install/ur_msgs/include/ur_msgs/ur_msgs/msg/detail/io_states__rosidl_typesupport_fastrtps_c.h
[22.490s] -- Symlinking: /home/abdelrahman/Wall-Painting-Robot/install/ur_msgs/include/ur_msgs/ur_msgs/msg/detail/masterboard_data_msg__rosidl_typesupport_fastrtps_c.h
[22.502s] -- Symlinking: /home/abdelrahman/Wall-Painting-Robot/install/ur_msgs/include/ur_msgs/ur_msgs/msg/detail/robot_mode_data_msg__rosidl_typesupport_fastrtps_c.h
[22.515s] -- Symlinking: /home/abdelrahman/Wall-Painting-Robot/install/ur_msgs/include/ur_msgs/ur_msgs/msg/detail/robot_state_rt_msg__rosidl_typesupport_fastrtps_c.h
[22.527s] -- Symlinking: /home/abdelrahman/Wall-Painting-Robot/install/ur_msgs/include/ur_msgs/ur_msgs/msg/detail/tool_data_msg__rosidl_typesupport_fastrtps_c.h
[22.539s] -- Symlinking: /home/abdelrahman/Wall-Painting-Robot/install/ur_msgs/include/ur_msgs/ur_msgs/msg/rosidl_typesupport_fastrtps_c__visibility_control.h
[22.551s] -- Symlinking: /home/abdelrahman/Wall-Painting-Robot/install/ur_msgs/include/ur_msgs/ur_msgs/srv/detail/get_robot_software_version__rosidl_typesupport_fastrtps_c.h
[22.562s] -- Symlinking: /home/abdelrahman/Wall-Painting-Robot/install/ur_msgs/include/ur_msgs/ur_msgs/srv/detail/set_analog_output__rosidl_typesupport_fastrtps_c.h
[22.574s] -- Symlinking: /home/abdelrahman/Wall-Painting-Robot/install/ur_msgs/include/ur_msgs/ur_msgs/srv/detail/set_force_mode__rosidl_typesupport_fastrtps_c.h
[22.595s] -- Symlinking: /home/abdelrahman/Wall-Painting-Robot/install/ur_msgs/include/ur_msgs/ur_msgs/srv/detail/set_io__rosidl_typesupport_fastrtps_c.h
[22.608s] -- Symlinking: /home/abdelrahman/Wall-Painting-Robot/install/ur_msgs/include/ur_msgs/ur_msgs/srv/detail/set_payload__rosidl_typesupport_fastrtps_c.h
[22.619s] -- Symlinking: /home/abdelrahman/Wall-Painting-Robot/install/ur_msgs/include/ur_msgs/ur_msgs/srv/detail/set_speed_slider_fraction__rosidl_typesupport_fastrtps_c.h
[22.638s] -- Symlinking: /home/abdelrahman/Wall-Painting-Robot/install/ur_msgs/include/ur_msgs/ur_msgs/action/detail/tool_contact__builder.hpp
[22.649s] -- Symlinking: /home/abdelrahman/Wall-Painting-Robot/install/ur_msgs/include/ur_msgs/ur_msgs/action/detail/tool_contact__struct.hpp
[22.663s] -- Symlinking: /home/abdelrahman/Wall-Painting-Robot/install/ur_msgs/include/ur_msgs/ur_msgs/action/detail/tool_contact__traits.hpp
[22.677s] -- Symlinking: /home/abdelrahman/Wall-Painting-Robot/install/ur_msgs/include/ur_msgs/ur_msgs/action/detail/tool_contact__type_support.hpp
[22.693s] -- Symlinking: /home/abdelrahman/Wall-Painting-Robot/install/ur_msgs/include/ur_msgs/ur_msgs/action/tool_contact.hpp
[22.704s] -- Symlinking: /home/abdelrahman/Wall-Painting-Robot/install/ur_msgs/include/ur_msgs/ur_msgs/msg/analog.hpp
[22.714s] -- Symlinking: /home/abdelrahman/Wall-Painting-Robot/install/ur_msgs/include/ur_msgs/ur_msgs/msg/detail/analog__builder.hpp
[22.725s] -- Symlinking: /home/abdelrahman/Wall-Painting-Robot/install/ur_msgs/include/ur_msgs/ur_msgs/msg/detail/analog__struct.hpp
[22.740s] -- Symlinking: /home/abdelrahman/Wall-Painting-Robot/install/ur_msgs/include/ur_msgs/ur_msgs/msg/detail/analog__traits.hpp
[22.751s] -- Symlinking: /home/abdelrahman/Wall-Painting-Robot/install/ur_msgs/include/ur_msgs/ur_msgs/msg/detail/analog__type_support.hpp
[22.762s] -- Symlinking: /home/abdelrahman/Wall-Painting-Robot/install/ur_msgs/include/ur_msgs/ur_msgs/msg/detail/digital__builder.hpp
[22.774s] -- Symlinking: /home/abdelrahman/Wall-Painting-Robot/install/ur_msgs/include/ur_msgs/ur_msgs/msg/detail/digital__struct.hpp
[22.786s] -- Symlinking: /home/abdelrahman/Wall-Painting-Robot/install/ur_msgs/include/ur_msgs/ur_msgs/msg/detail/digital__traits.hpp
[22.798s] -- Symlinking: /home/abdelrahman/Wall-Painting-Robot/install/ur_msgs/include/ur_msgs/ur_msgs/msg/detail/digital__type_support.hpp
[22.813s] -- Symlinking: /home/abdelrahman/Wall-Painting-Robot/install/ur_msgs/include/ur_msgs/ur_msgs/msg/detail/io_states__builder.hpp
[22.825s] -- Symlinking: /home/abdelrahman/Wall-Painting-Robot/install/ur_msgs/include/ur_msgs/ur_msgs/msg/detail/io_states__struct.hpp
[22.836s] -- Symlinking: /home/abdelrahman/Wall-Painting-Robot/install/ur_msgs/include/ur_msgs/ur_msgs/msg/detail/io_states__traits.hpp
[22.847s] -- Symlinking: /home/abdelrahman/Wall-Painting-Robot/install/ur_msgs/include/ur_msgs/ur_msgs/msg/detail/io_states__type_support.hpp
[22.859s] -- Symlinking: /home/abdelrahman/Wall-Painting-Robot/install/ur_msgs/include/ur_msgs/ur_msgs/msg/detail/masterboard_data_msg__builder.hpp
[22.874s] -- Symlinking: /home/abdelrahman/Wall-Painting-Robot/install/ur_msgs/include/ur_msgs/ur_msgs/msg/detail/masterboard_data_msg__struct.hpp
[22.886s] -- Symlinking: /home/abdelrahman/Wall-Painting-Robot/install/ur_msgs/include/ur_msgs/ur_msgs/msg/detail/masterboard_data_msg__traits.hpp
[22.902s] -- Symlinking: /home/abdelrahman/Wall-Painting-Robot/install/ur_msgs/include/ur_msgs/ur_msgs/msg/detail/masterboard_data_msg__type_support.hpp
[22.922s] -- Symlinking: /home/abdelrahman/Wall-Painting-Robot/install/ur_msgs/include/ur_msgs/ur_msgs/msg/detail/robot_mode_data_msg__builder.hpp
[22.938s] -- Symlinking: /home/abdelrahman/Wall-Painting-Robot/install/ur_msgs/include/ur_msgs/ur_msgs/msg/detail/robot_mode_data_msg__struct.hpp
[22.952s] -- Symlinking: /home/abdelrahman/Wall-Painting-Robot/install/ur_msgs/include/ur_msgs/ur_msgs/msg/detail/robot_mode_data_msg__traits.hpp
[22.967s] -- Symlinking: /home/abdelrahman/Wall-Painting-Robot/install/ur_msgs/include/ur_msgs/ur_msgs/msg/detail/robot_mode_data_msg__type_support.hpp
[22.985s] -- Symlinking: /home/abdelrahman/Wall-Painting-Robot/install/ur_msgs/include/ur_msgs/ur_msgs/msg/detail/robot_state_rt_msg__builder.hpp
[22.998s] -- Symlinking: /home/abdelrahman/Wall-Painting-Robot/install/ur_msgs/include/ur_msgs/ur_msgs/msg/detail/robot_state_rt_msg__struct.hpp
[23.022s] -- Symlinking: /home/abdelrahman/Wall-Painting-Robot/install/ur_msgs/include/ur_msgs/ur_msgs/msg/detail/robot_state_rt_msg__traits.hpp
[23.036s] -- Symlinking: /home/abdelrahman/Wall-Painting-Robot/install/ur_msgs/include/ur_msgs/ur_msgs/msg/detail/robot_state_rt_msg__type_support.hpp
[23.046s] -- Symlinking: /home/abdelrahman/Wall-Painting-Robot/install/ur_msgs/include/ur_msgs/ur_msgs/msg/detail/tool_data_msg__builder.hpp
[23.059s] -- Symlinking: /home/abdelrahman/Wall-Painting-Robot/install/ur_msgs/include/ur_msgs/ur_msgs/msg/detail/tool_data_msg__struct.hpp
[23.072s] -- Symlinking: /home/abdelrahman/Wall-Painting-Robot/install/ur_msgs/include/ur_msgs/ur_msgs/msg/detail/tool_data_msg__traits.hpp
[23.086s] -- Symlinking: /home/abdelrahman/Wall-Painting-Robot/install/ur_msgs/include/ur_msgs/ur_msgs/msg/detail/tool_data_msg__type_support.hpp
[23.098s] -- Symlinking: /home/abdelrahman/Wall-Painting-Robot/install/ur_msgs/include/ur_msgs/ur_msgs/msg/digital.hpp
[23.113s] -- Symlinking: /home/abdelrahman/Wall-Painting-Robot/install/ur_msgs/include/ur_msgs/ur_msgs/msg/io_states.hpp
[23.128s] -- Symlinking: /home/abdelrahman/Wall-Painting-Robot/install/ur_msgs/include/ur_msgs/ur_msgs/msg/masterboard_data_msg.hpp
[23.151s] -- Symlinking: /home/abdelrahman/Wall-Painting-Robot/install/ur_msgs/include/ur_msgs/ur_msgs/msg/robot_mode_data_msg.hpp
[23.166s] -- Symlinking: /home/abdelrahman/Wall-Painting-Robot/install/ur_msgs/include/ur_msgs/ur_msgs/msg/robot_state_rt_msg.hpp
[23.177s] -- Symlinking: /home/abdelrahman/Wall-Painting-Robot/install/ur_msgs/include/ur_msgs/ur_msgs/msg/rosidl_generator_cpp__visibility_control.hpp
[23.191s] -- Symlinking: /home/abdelrahman/Wall-Painting-Robot/install/ur_msgs/include/ur_msgs/ur_msgs/msg/tool_data_msg.hpp
[23.205s] -- Symlinking: /home/abdelrahman/Wall-Painting-Robot/install/ur_msgs/include/ur_msgs/ur_msgs/srv/detail/get_robot_software_version__builder.hpp
[23.227s] -- Symlinking: /home/abdelrahman/Wall-Painting-Robot/install/ur_msgs/include/ur_msgs/ur_msgs/srv/detail/get_robot_software_version__struct.hpp
[23.244s] -- Symlinking: /home/abdelrahman/Wall-Painting-Robot/install/ur_msgs/include/ur_msgs/ur_msgs/srv/detail/get_robot_software_version__traits.hpp
[23.261s] -- Symlinking: /home/abdelrahman/Wall-Painting-Robot/install/ur_msgs/include/ur_msgs/ur_msgs/srv/detail/get_robot_software_version__type_support.hpp
[23.272s] -- Symlinking: /home/abdelrahman/Wall-Painting-Robot/install/ur_msgs/include/ur_msgs/ur_msgs/srv/detail/set_analog_output__builder.hpp
[23.289s] -- Symlinking: /home/abdelrahman/Wall-Painting-Robot/install/ur_msgs/include/ur_msgs/ur_msgs/srv/detail/set_analog_output__struct.hpp
[23.307s] -- Symlinking: /home/abdelrahman/Wall-Painting-Robot/install/ur_msgs/include/ur_msgs/ur_msgs/srv/detail/set_analog_output__traits.hpp
[23.319s] -- Symlinking: /home/abdelrahman/Wall-Painting-Robot/install/ur_msgs/include/ur_msgs/ur_msgs/srv/detail/set_analog_output__type_support.hpp
[23.331s] -- Symlinking: /home/abdelrahman/Wall-Painting-Robot/install/ur_msgs/include/ur_msgs/ur_msgs/srv/detail/set_force_mode__builder.hpp
[23.347s] -- Symlinking: /home/abdelrahman/Wall-Painting-Robot/install/ur_msgs/include/ur_msgs/ur_msgs/srv/detail/set_force_mode__struct.hpp
[23.370s] -- Symlinking: /home/abdelrahman/Wall-Painting-Robot/install/ur_msgs/include/ur_msgs/ur_msgs/srv/detail/set_force_mode__traits.hpp
[23.384s] -- Symlinking: /home/abdelrahman/Wall-Painting-Robot/install/ur_msgs/include/ur_msgs/ur_msgs/srv/detail/set_force_mode__type_support.hpp
[23.397s] -- Symlinking: /home/abdelrahman/Wall-Painting-Robot/install/ur_msgs/include/ur_msgs/ur_msgs/srv/detail/set_io__builder.hpp
[23.409s] -- Symlinking: /home/abdelrahman/Wall-Painting-Robot/install/ur_msgs/include/ur_msgs/ur_msgs/srv/detail/set_io__struct.hpp
[23.426s] -- Symlinking: /home/abdelrahman/Wall-Painting-Robot/install/ur_msgs/include/ur_msgs/ur_msgs/srv/detail/set_io__traits.hpp
[23.438s] -- Symlinking: /home/abdelrahman/Wall-Painting-Robot/install/ur_msgs/include/ur_msgs/ur_msgs/srv/detail/set_io__type_support.hpp
[23.457s] -- Symlinking: /home/abdelrahman/Wall-Painting-Robot/install/ur_msgs/include/ur_msgs/ur_msgs/srv/detail/set_payload__builder.hpp
[23.469s] -- Symlinking: /home/abdelrahman/Wall-Painting-Robot/install/ur_msgs/include/ur_msgs/ur_msgs/srv/detail/set_payload__struct.hpp
[23.492s] -- Symlinking: /home/abdelrahman/Wall-Painting-Robot/install/ur_msgs/include/ur_msgs/ur_msgs/srv/detail/set_payload__traits.hpp
[23.510s] -- Symlinking: /home/abdelrahman/Wall-Painting-Robot/install/ur_msgs/include/ur_msgs/ur_msgs/srv/detail/set_payload__type_support.hpp
[23.527s] -- Symlinking: /home/abdelrahman/Wall-Painting-Robot/install/ur_msgs/include/ur_msgs/ur_msgs/srv/detail/set_speed_slider_fraction__builder.hpp
[23.550s] -- Symlinking: /home/abdelrahman/Wall-Painting-Robot/install/ur_msgs/include/ur_msgs/ur_msgs/srv/detail/set_speed_slider_fraction__struct.hpp
[23.568s] -- Symlinking: /home/abdelrahman/Wall-Painting-Robot/install/ur_msgs/include/ur_msgs/ur_msgs/srv/detail/set_speed_slider_fraction__traits.hpp
[23.581s] -- Symlinking: /home/abdelrahman/Wall-Painting-Robot/install/ur_msgs/include/ur_msgs/ur_msgs/srv/detail/set_speed_slider_fraction__type_support.hpp
[23.597s] -- Symlinking: /home/abdelrahman/Wall-Painting-Robot/install/ur_msgs/include/ur_msgs/ur_msgs/srv/get_robot_software_version.hpp
[23.612s] -- Symlinking: /home/abdelrahman/Wall-Painting-Robot/install/ur_msgs/include/ur_msgs/ur_msgs/srv/set_analog_output.hpp
[23.630s] -- Symlinking: /home/abdelrahman/Wall-Painting-Robot/install/ur_msgs/include/ur_msgs/ur_msgs/srv/set_force_mode.hpp
[23.646s] -- Symlinking: /home/abdelrahman/Wall-Painting-Robot/install/ur_msgs/include/ur_msgs/ur_msgs/srv/set_io.hpp
[23.661s] -- Symlinking: /home/abdelrahman/Wall-Painting-Robot/install/ur_msgs/include/ur_msgs/ur_msgs/srv/set_payload.hpp
[23.672s] -- Symlinking: /home/abdelrahman/Wall-Painting-Robot/install/ur_msgs/include/ur_msgs/ur_msgs/srv/set_speed_slider_fraction.hpp
[23.697s] -- Symlinking: /home/abdelrahman/Wall-Painting-Robot/install/ur_msgs/include/ur_msgs/ur_msgs/action/detail/tool_contact__rosidl_typesupport_fastrtps_cpp.hpp
[23.710s] -- Symlinking: /home/abdelrahman/Wall-Painting-Robot/install/ur_msgs/include/ur_msgs/ur_msgs/msg/detail/analog__rosidl_typesupport_fastrtps_cpp.hpp
[23.733s] -- Symlinking: /home/abdelrahman/Wall-Painting-Robot/install/ur_msgs/include/ur_msgs/ur_msgs/msg/detail/digital__rosidl_typesupport_fastrtps_cpp.hpp
[23.747s] -- Symlinking: /home/abdelrahman/Wall-Painting-Robot/install/ur_msgs/include/ur_msgs/ur_msgs/msg/detail/io_states__rosidl_typesupport_fastrtps_cpp.hpp
[23.764s] -- Symlinking: /home/abdelrahman/Wall-Painting-Robot/install/ur_msgs/include/ur_msgs/ur_msgs/msg/detail/masterboard_data_msg__rosidl_typesupport_fastrtps_cpp.hpp
[23.777s] -- Symlinking: /home/abdelrahman/Wall-Painting-Robot/install/ur_msgs/include/ur_msgs/ur_msgs/msg/detail/robot_mode_data_msg__rosidl_typesupport_fastrtps_cpp.hpp
[23.795s] -- Symlinking: /home/abdelrahman/Wall-Painting-Robot/install/ur_msgs/include/ur_msgs/ur_msgs/msg/detail/robot_state_rt_msg__rosidl_typesupport_fastrtps_cpp.hpp
[23.809s] -- Symlinking: /home/abdelrahman/Wall-Painting-Robot/install/ur_msgs/include/ur_msgs/ur_msgs/msg/detail/tool_data_msg__rosidl_typesupport_fastrtps_cpp.hpp
[23.832s] -- Symlinking: /home/abdelrahman/Wall-Painting-Robot/install/ur_msgs/include/ur_msgs/ur_msgs/msg/rosidl_typesupport_fastrtps_cpp__visibility_control.h
[23.850s] -- Symlinking: /home/abdelrahman/Wall-Painting-Robot/install/ur_msgs/include/ur_msgs/ur_msgs/srv/detail/get_robot_software_version__rosidl_typesupport_fastrtps_cpp.hpp
[23.871s] -- Symlinking: /home/abdelrahman/Wall-Painting-Robot/install/ur_msgs/include/ur_msgs/ur_msgs/srv/detail/set_analog_output__rosidl_typesupport_fastrtps_cpp.hpp
[23.885s] -- Symlinking: /home/abdelrahman/Wall-Painting-Robot/install/ur_msgs/include/ur_msgs/ur_msgs/srv/detail/set_force_mode__rosidl_typesupport_fastrtps_cpp.hpp
[23.906s] -- Symlinking: /home/abdelrahman/Wall-Painting-Robot/install/ur_msgs/include/ur_msgs/ur_msgs/srv/detail/set_io__rosidl_typesupport_fastrtps_cpp.hpp
[23.920s] -- Symlinking: /home/abdelrahman/Wall-Painting-Robot/install/ur_msgs/include/ur_msgs/ur_msgs/srv/detail/set_payload__rosidl_typesupport_fastrtps_cpp.hpp
[23.937s] -- Symlinking: /home/abdelrahman/Wall-Painting-Robot/install/ur_msgs/include/ur_msgs/ur_msgs/srv/detail/set_speed_slider_fraction__rosidl_typesupport_fastrtps_cpp.hpp
[23.957s] -- Symlinking: /home/abdelrahman/Wall-Painting-Robot/install/ur_msgs/include/ur_msgs/ur_msgs/action/detail/tool_contact__rosidl_typesupport_introspection_c.h
[23.975s] -- Symlinking: /home/abdelrahman/Wall-Painting-Robot/install/ur_msgs/include/ur_msgs/ur_msgs/msg/detail/analog__rosidl_typesupport_introspection_c.h
[24.000s] -- Symlinking: /home/abdelrahman/Wall-Painting-Robot/install/ur_msgs/include/ur_msgs/ur_msgs/msg/detail/digital__rosidl_typesupport_introspection_c.h
[24.023s] -- Symlinking: /home/abdelrahman/Wall-Painting-Robot/install/ur_msgs/include/ur_msgs/ur_msgs/msg/detail/io_states__rosidl_typesupport_introspection_c.h
[24.048s] -- Symlinking: /home/abdelrahman/Wall-Painting-Robot/install/ur_msgs/include/ur_msgs/ur_msgs/msg/detail/masterboard_data_msg__rosidl_typesupport_introspection_c.h
[24.063s] -- Symlinking: /home/abdelrahman/Wall-Painting-Robot/install/ur_msgs/include/ur_msgs/ur_msgs/msg/detail/robot_mode_data_msg__rosidl_typesupport_introspection_c.h
[24.078s] -- Symlinking: /home/abdelrahman/Wall-Painting-Robot/install/ur_msgs/include/ur_msgs/ur_msgs/msg/detail/robot_state_rt_msg__rosidl_typesupport_introspection_c.h
[24.104s] -- Symlinking: /home/abdelrahman/Wall-Painting-Robot/install/ur_msgs/include/ur_msgs/ur_msgs/msg/detail/tool_data_msg__rosidl_typesupport_introspection_c.h
[24.120s] -- Symlinking: /home/abdelrahman/Wall-Painting-Robot/install/ur_msgs/include/ur_msgs/ur_msgs/msg/rosidl_typesupport_introspection_c__visibility_control.h
[24.133s] -- Symlinking: /home/abdelrahman/Wall-Painting-Robot/install/ur_msgs/include/ur_msgs/ur_msgs/srv/detail/get_robot_software_version__rosidl_typesupport_introspection_c.h
[24.160s] -- Symlinking: /home/abdelrahman/Wall-Painting-Robot/install/ur_msgs/include/ur_msgs/ur_msgs/srv/detail/set_analog_output__rosidl_typesupport_introspection_c.h
[24.175s] -- Symlinking: /home/abdelrahman/Wall-Painting-Robot/install/ur_msgs/include/ur_msgs/ur_msgs/srv/detail/set_force_mode__rosidl_typesupport_introspection_c.h
[24.188s] -- Symlinking: /home/abdelrahman/Wall-Painting-Robot/install/ur_msgs/include/ur_msgs/ur_msgs/srv/detail/set_io__rosidl_typesupport_introspection_c.h
[24.212s] -- Symlinking: /home/abdelrahman/Wall-Painting-Robot/install/ur_msgs/include/ur_msgs/ur_msgs/srv/detail/set_payload__rosidl_typesupport_introspection_c.h
[24.226s] -- Symlinking: /home/abdelrahman/Wall-Painting-Robot/install/ur_msgs/include/ur_msgs/ur_msgs/srv/detail/set_speed_slider_fraction__rosidl_typesupport_introspection_c.h
[24.245s] -- Symlinking: /home/abdelrahman/Wall-Painting-Robot/install/ur_msgs/include/ur_msgs/ur_msgs/action/detail/tool_contact__rosidl_typesupport_introspection_cpp.hpp
[24.259s] -- Symlinking: /home/abdelrahman/Wall-Painting-Robot/install/ur_msgs/include/ur_msgs/ur_msgs/msg/detail/analog__rosidl_typesupport_introspection_cpp.hpp
[24.275s] -- Symlinking: /home/abdelrahman/Wall-Painting-Robot/install/ur_msgs/include/ur_msgs/ur_msgs/msg/detail/digital__rosidl_typesupport_introspection_cpp.hpp
[24.293s] -- Symlinking: /home/abdelrahman/Wall-Painting-Robot/install/ur_msgs/include/ur_msgs/ur_msgs/msg/detail/io_states__rosidl_typesupport_introspection_cpp.hpp
[24.308s] -- Symlinking: /home/abdelrahman/Wall-Painting-Robot/install/ur_msgs/include/ur_msgs/ur_msgs/msg/detail/masterboard_data_msg__rosidl_typesupport_introspection_cpp.hpp
[24.323s] -- Symlinking: /home/abdelrahman/Wall-Painting-Robot/install/ur_msgs/include/ur_msgs/ur_msgs/msg/detail/robot_mode_data_msg__rosidl_typesupport_introspection_cpp.hpp
[24.340s] -- Symlinking: /home/abdelrahman/Wall-Painting-Robot/install/ur_msgs/include/ur_msgs/ur_msgs/msg/detail/robot_state_rt_msg__rosidl_typesupport_introspection_cpp.hpp
[24.358s] -- Symlinking: /home/abdelrahman/Wall-Painting-Robot/install/ur_msgs/include/ur_msgs/ur_msgs/msg/detail/tool_data_msg__rosidl_typesupport_introspection_cpp.hpp
[24.371s] -- Symlinking: /home/abdelrahman/Wall-Painting-Robot/install/ur_msgs/include/ur_msgs/ur_msgs/srv/detail/get_robot_software_version__rosidl_typesupport_introspection_cpp.hpp
[24.385s] -- Symlinking: /home/abdelrahman/Wall-Painting-Robot/install/ur_msgs/include/ur_msgs/ur_msgs/srv/detail/set_analog_output__rosidl_typesupport_introspection_cpp.hpp
[24.409s] -- Symlinking: /home/abdelrahman/Wall-Painting-Robot/install/ur_msgs/include/ur_msgs/ur_msgs/srv/detail/set_force_mode__rosidl_typesupport_introspection_cpp.hpp
[24.432s] -- Symlinking: /home/abdelrahman/Wall-Painting-Robot/install/ur_msgs/include/ur_msgs/ur_msgs/srv/detail/set_io__rosidl_typesupport_introspection_cpp.hpp
[24.457s] -- Symlinking: /home/abdelrahman/Wall-Painting-Robot/install/ur_msgs/include/ur_msgs/ur_msgs/srv/detail/set_payload__rosidl_typesupport_introspection_cpp.hpp
[24.470s] -- Symlinking: /home/abdelrahman/Wall-Painting-Robot/install/ur_msgs/include/ur_msgs/ur_msgs/srv/detail/set_speed_slider_fraction__rosidl_typesupport_introspection_cpp.hpp
[24.492s] -- Symlinking: /home/abdelrahman/Wall-Painting-Robot/install/ur_msgs/share/ur_msgs/environment/pythonpath.sh
[24.507s] -- Symlinking: /home/abdelrahman/Wall-Painting-Robot/install/ur_msgs/share/ur_msgs/environment/pythonpath.dsv
[24.529s] -- Symlinking: /home/abdelrahman/Wall-Painting-Robot/install/ur_msgs/local/lib/python3.10/dist-packages/ur_msgs-2.2.0-py3.10.egg-info/PKG-INFO
[24.543s] -- Symlinking: /home/abdelrahman/Wall-Painting-Robot/install/ur_msgs/local/lib/python3.10/dist-packages/ur_msgs-2.2.0-py3.10.egg-info/SOURCES.txt
[24.556s] -- Symlinking: /home/abdelrahman/Wall-Painting-Robot/install/ur_msgs/local/lib/python3.10/dist-packages/ur_msgs-2.2.0-py3.10.egg-info/dependency_links.txt
[24.581s] -- Symlinking: /home/abdelrahman/Wall-Painting-Robot/install/ur_msgs/local/lib/python3.10/dist-packages/ur_msgs-2.2.0-py3.10.egg-info/top_level.txt
[24.608s] -- Symlinking: /home/abdelrahman/Wall-Painting-Robot/install/ur_msgs/local/lib/python3.10/dist-packages/ur_msgs/__init__.py
[24.625s] -- Symlinking: /home/abdelrahman/Wall-Painting-Robot/install/ur_msgs/local/lib/python3.10/dist-packages/ur_msgs/_ur_msgs_s.ep.rosidl_typesupport_c.c
[24.645s] -- Symlinking: /home/abdelrahman/Wall-Painting-Robot/install/ur_msgs/local/lib/python3.10/dist-packages/ur_msgs/_ur_msgs_s.ep.rosidl_typesupport_fastrtps_c.c
[24.663s] -- Symlinking: /home/abdelrahman/Wall-Painting-Robot/install/ur_msgs/local/lib/python3.10/dist-packages/ur_msgs/_ur_msgs_s.ep.rosidl_typesupport_introspection_c.c
[24.683s] -- Symlinking: /home/abdelrahman/Wall-Painting-Robot/install/ur_msgs/local/lib/python3.10/dist-packages/ur_msgs/action/__init__.py
[24.697s] -- Symlinking: /home/abdelrahman/Wall-Painting-Robot/install/ur_msgs/local/lib/python3.10/dist-packages/ur_msgs/action/_tool_contact.py
[24.717s] -- Symlinking: /home/abdelrahman/Wall-Painting-Robot/install/ur_msgs/local/lib/python3.10/dist-packages/ur_msgs/action/_tool_contact_s.c
[24.740s] -- Symlinking: /home/abdelrahman/Wall-Painting-Robot/install/ur_msgs/local/lib/python3.10/dist-packages/ur_msgs/libur_msgs__rosidl_generator_py.so
[24.757s] -- Symlinking: /home/abdelrahman/Wall-Painting-Robot/install/ur_msgs/local/lib/python3.10/dist-packages/ur_msgs/msg/__init__.py
[24.777s] -- Symlinking: /home/abdelrahman/Wall-Painting-Robot/install/ur_msgs/local/lib/python3.10/dist-packages/ur_msgs/msg/_analog.py
[24.794s] -- Symlinking: /home/abdelrahman/Wall-Painting-Robot/install/ur_msgs/local/lib/python3.10/dist-packages/ur_msgs/msg/_analog_s.c
[24.816s] -- Symlinking: /home/abdelrahman/Wall-Painting-Robot/install/ur_msgs/local/lib/python3.10/dist-packages/ur_msgs/msg/_digital.py
[24.833s] -- Symlinking: /home/abdelrahman/Wall-Painting-Robot/install/ur_msgs/local/lib/python3.10/dist-packages/ur_msgs/msg/_digital_s.c
[24.849s] -- Symlinking: /home/abdelrahman/Wall-Painting-Robot/install/ur_msgs/local/lib/python3.10/dist-packages/ur_msgs/msg/_io_states.py
[24.870s] -- Symlinking: /home/abdelrahman/Wall-Painting-Robot/install/ur_msgs/local/lib/python3.10/dist-packages/ur_msgs/msg/_io_states_s.c
[24.887s] -- Symlinking: /home/abdelrahman/Wall-Painting-Robot/install/ur_msgs/local/lib/python3.10/dist-packages/ur_msgs/msg/_masterboard_data_msg.py
[24.904s] -- Symlinking: /home/abdelrahman/Wall-Painting-Robot/install/ur_msgs/local/lib/python3.10/dist-packages/ur_msgs/msg/_masterboard_data_msg_s.c
[24.928s] -- Symlinking: /home/abdelrahman/Wall-Painting-Robot/install/ur_msgs/local/lib/python3.10/dist-packages/ur_msgs/msg/_robot_mode_data_msg.py
[24.950s] -- Symlinking: /home/abdelrahman/Wall-Painting-Robot/install/ur_msgs/local/lib/python3.10/dist-packages/ur_msgs/msg/_robot_mode_data_msg_s.c
[24.973s] -- Symlinking: /home/abdelrahman/Wall-Painting-Robot/install/ur_msgs/local/lib/python3.10/dist-packages/ur_msgs/msg/_robot_state_rt_msg.py
[24.996s] -- Symlinking: /home/abdelrahman/Wall-Painting-Robot/install/ur_msgs/local/lib/python3.10/dist-packages/ur_msgs/msg/_robot_state_rt_msg_s.c
[25.013s] -- Symlinking: /home/abdelrahman/Wall-Painting-Robot/install/ur_msgs/local/lib/python3.10/dist-packages/ur_msgs/msg/_tool_data_msg.py
[25.027s] -- Symlinking: /home/abdelrahman/Wall-Painting-Robot/install/ur_msgs/local/lib/python3.10/dist-packages/ur_msgs/msg/_tool_data_msg_s.c
[25.045s] -- Symlinking: /home/abdelrahman/Wall-Painting-Robot/install/ur_msgs/local/lib/python3.10/dist-packages/ur_msgs/srv/__init__.py
[25.068s] -- Symlinking: /home/abdelrahman/Wall-Painting-Robot/install/ur_msgs/local/lib/python3.10/dist-packages/ur_msgs/srv/_get_robot_software_version.py
[25.081s] -- Symlinking: /home/abdelrahman/Wall-Painting-Robot/install/ur_msgs/local/lib/python3.10/dist-packages/ur_msgs/srv/_get_robot_software_version_s.c
[25.094s] -- Symlinking: /home/abdelrahman/Wall-Painting-Robot/install/ur_msgs/local/lib/python3.10/dist-packages/ur_msgs/srv/_set_analog_output.py
[25.112s] -- Symlinking: /home/abdelrahman/Wall-Painting-Robot/install/ur_msgs/local/lib/python3.10/dist-packages/ur_msgs/srv/_set_analog_output_s.c
[25.131s] -- Symlinking: /home/abdelrahman/Wall-Painting-Robot/install/ur_msgs/local/lib/python3.10/dist-packages/ur_msgs/srv/_set_force_mode.py
[25.145s] -- Symlinking: /home/abdelrahman/Wall-Painting-Robot/install/ur_msgs/local/lib/python3.10/dist-packages/ur_msgs/srv/_set_force_mode_s.c
[25.159s] -- Symlinking: /home/abdelrahman/Wall-Painting-Robot/install/ur_msgs/local/lib/python3.10/dist-packages/ur_msgs/srv/_set_io.py
[25.179s] -- Symlinking: /home/abdelrahman/Wall-Painting-Robot/install/ur_msgs/local/lib/python3.10/dist-packages/ur_msgs/srv/_set_io_s.c
[25.202s] -- Symlinking: /home/abdelrahman/Wall-Painting-Robot/install/ur_msgs/local/lib/python3.10/dist-packages/ur_msgs/srv/_set_payload.py
[25.225s] -- Symlinking: /home/abdelrahman/Wall-Painting-Robot/install/ur_msgs/local/lib/python3.10/dist-packages/ur_msgs/srv/_set_payload_s.c
[25.245s] -- Symlinking: /home/abdelrahman/Wall-Painting-Robot/install/ur_msgs/local/lib/python3.10/dist-packages/ur_msgs/srv/_set_speed_slider_fraction.py
[25.261s] -- Symlinking: /home/abdelrahman/Wall-Painting-Robot/install/ur_msgs/local/lib/python3.10/dist-packages/ur_msgs/srv/_set_speed_slider_fraction_s.c
[25.278s] -- Symlinking: /home/abdelrahman/Wall-Painting-Robot/install/ur_msgs/local/lib/python3.10/dist-packages/ur_msgs/ur_msgs_s__rosidl_typesupport_c.cpython-310-x86_64-linux-gnu.so
[25.297s] -- Symlinking: /home/abdelrahman/Wall-Painting-Robot/install/ur_msgs/local/lib/python3.10/dist-packages/ur_msgs/ur_msgs_s__rosidl_typesupport_fastrtps_c.cpython-310-x86_64-linux-gnu.so
[25.310s] -- Symlinking: /home/abdelrahman/Wall-Painting-Robot/install/ur_msgs/local/lib/python3.10/dist-packages/ur_msgs/ur_msgs_s__rosidl_typesupport_introspection_c.cpython-310-x86_64-linux-gnu.so
[25.327s] -- Up-to-date symlink: /home/abdelrahman/Wall-Painting-Robot/install/ur_msgs/local/lib/python3.10/dist-packages/ur_msgs/ur_msgs_s__rosidl_typesupport_fastrtps_c.cpython-310-x86_64-linux-gnu.so
[25.328s] -- Up-to-date symlink: /home/abdelrahman/Wall-Painting-Robot/install/ur_msgs/local/lib/python3.10/dist-packages/ur_msgs/ur_msgs_s__rosidl_typesupport_introspection_c.cpython-310-x86_64-linux-gnu.so
[25.328s] -- Up-to-date symlink: /home/abdelrahman/Wall-Painting-Robot/install/ur_msgs/local/lib/python3.10/dist-packages/ur_msgs/ur_msgs_s__rosidl_typesupport_c.cpython-310-x86_64-linux-gnu.so
[25.328s] -- Symlinking: /home/abdelrahman/Wall-Painting-Robot/install/ur_msgs/share/ur_msgs/msg/Analog.idl
[25.343s] -- Symlinking: /home/abdelrahman/Wall-Painting-Robot/install/ur_msgs/share/ur_msgs/msg/Digital.idl
[25.361s] -- Symlinking: /home/abdelrahman/Wall-Painting-Robot/install/ur_msgs/share/ur_msgs/msg/IOStates.idl
[25.376s] -- Symlinking: /home/abdelrahman/Wall-Painting-Robot/install/ur_msgs/share/ur_msgs/msg/RobotStateRTMsg.idl
[25.390s] -- Symlinking: /home/abdelrahman/Wall-Painting-Robot/install/ur_msgs/share/ur_msgs/msg/MasterboardDataMsg.idl
[25.404s] -- Symlinking: /home/abdelrahman/Wall-Painting-Robot/install/ur_msgs/share/ur_msgs/msg/RobotModeDataMsg.idl
[25.427s] -- Symlinking: /home/abdelrahman/Wall-Painting-Robot/install/ur_msgs/share/ur_msgs/msg/ToolDataMsg.idl
[25.450s] -- Symlinking: /home/abdelrahman/Wall-Painting-Robot/install/ur_msgs/share/ur_msgs/srv/SetAnalogOutput.idl
[25.473s] -- Symlinking: /home/abdelrahman/Wall-Painting-Robot/install/ur_msgs/share/ur_msgs/srv/SetPayload.idl
[25.487s] -- Symlinking: /home/abdelrahman/Wall-Painting-Robot/install/ur_msgs/share/ur_msgs/srv/SetSpeedSliderFraction.idl
[25.503s] -- Symlinking: /home/abdelrahman/Wall-Painting-Robot/install/ur_msgs/share/ur_msgs/srv/SetIO.idl
[25.525s] -- Symlinking: /home/abdelrahman/Wall-Painting-Robot/install/ur_msgs/share/ur_msgs/srv/GetRobotSoftwareVersion.idl
[25.538s] -- Symlinking: /home/abdelrahman/Wall-Painting-Robot/install/ur_msgs/share/ur_msgs/srv/SetForceMode.idl
[25.560s] -- Symlinking: /home/abdelrahman/Wall-Painting-Robot/install/ur_msgs/share/ur_msgs/action/ToolContact.idl
[25.583s] -- Symlinking: /home/abdelrahman/Wall-Painting-Robot/install/ur_msgs/share/ur_msgs/msg/Analog.msg
[25.597s] -- Symlinking: /home/abdelrahman/Wall-Painting-Robot/install/ur_msgs/share/ur_msgs/msg/Digital.msg
[25.610s] -- Symlinking: /home/abdelrahman/Wall-Painting-Robot/install/ur_msgs/share/ur_msgs/msg/IOStates.msg
[25.635s] -- Symlinking: /home/abdelrahman/Wall-Painting-Robot/install/ur_msgs/share/ur_msgs/msg/RobotStateRTMsg.msg
[25.656s] -- Symlinking: /home/abdelrahman/Wall-Painting-Robot/install/ur_msgs/share/ur_msgs/msg/MasterboardDataMsg.msg
[25.681s] -- Symlinking: /home/abdelrahman/Wall-Painting-Robot/install/ur_msgs/share/ur_msgs/msg/RobotModeDataMsg.msg
[25.695s] -- Symlinking: /home/abdelrahman/Wall-Painting-Robot/install/ur_msgs/share/ur_msgs/msg/ToolDataMsg.msg
[25.706s] -- Symlinking: /home/abdelrahman/Wall-Painting-Robot/install/ur_msgs/share/ur_msgs/srv/SetAnalogOutput.srv
[25.727s] -- Symlinking: /home/abdelrahman/Wall-Painting-Robot/install/ur_msgs/share/ur_msgs/srv/SetAnalogOutput_Request.msg
[25.749s] -- Symlinking: /home/abdelrahman/Wall-Painting-Robot/install/ur_msgs/share/ur_msgs/srv/SetAnalogOutput_Response.msg
[25.761s] -- Symlinking: /home/abdelrahman/Wall-Painting-Robot/install/ur_msgs/share/ur_msgs/srv/SetPayload.srv
[25.775s] -- Symlinking: /home/abdelrahman/Wall-Painting-Robot/install/ur_msgs/share/ur_msgs/srv/SetPayload_Request.msg
[25.789s] -- Symlinking: /home/abdelrahman/Wall-Painting-Robot/install/ur_msgs/share/ur_msgs/srv/SetPayload_Response.msg
[25.803s] -- Symlinking: /home/abdelrahman/Wall-Painting-Robot/install/ur_msgs/share/ur_msgs/srv/SetSpeedSliderFraction.srv
[25.817s] -- Symlinking: /home/abdelrahman/Wall-Painting-Robot/install/ur_msgs/share/ur_msgs/srv/SetSpeedSliderFraction_Request.msg
[25.834s] -- Symlinking: /home/abdelrahman/Wall-Painting-Robot/install/ur_msgs/share/ur_msgs/srv/SetSpeedSliderFraction_Response.msg
[25.851s] -- Symlinking: /home/abdelrahman/Wall-Painting-Robot/install/ur_msgs/share/ur_msgs/srv/SetIO.srv
[25.867s] -- Symlinking: /home/abdelrahman/Wall-Painting-Robot/install/ur_msgs/share/ur_msgs/srv/SetIO_Request.msg
[25.879s] -- Symlinking: /home/abdelrahman/Wall-Painting-Robot/install/ur_msgs/share/ur_msgs/srv/SetIO_Response.msg
[25.895s] -- Symlinking: /home/abdelrahman/Wall-Painting-Robot/install/ur_msgs/share/ur_msgs/srv/GetRobotSoftwareVersion.srv
[25.907s] -- Symlinking: /home/abdelrahman/Wall-Painting-Robot/install/ur_msgs/share/ur_msgs/srv/GetRobotSoftwareVersion_Request.msg
[25.922s] -- Symlinking: /home/abdelrahman/Wall-Painting-Robot/install/ur_msgs/share/ur_msgs/srv/GetRobotSoftwareVersion_Response.msg
[25.939s] -- Symlinking: /home/abdelrahman/Wall-Painting-Robot/install/ur_msgs/share/ur_msgs/srv/SetForceMode.srv
[25.954s] -- Symlinking: /home/abdelrahman/Wall-Painting-Robot/install/ur_msgs/share/ur_msgs/srv/SetForceMode_Request.msg
[25.971s] -- Symlinking: /home/abdelrahman/Wall-Painting-Robot/install/ur_msgs/share/ur_msgs/srv/SetForceMode_Response.msg
[25.992s] -- Symlinking: /home/abdelrahman/Wall-Painting-Robot/install/ur_msgs/share/ur_msgs/action/ToolContact.action
[26.006s] -- Symlinking: /home/abdelrahman/Wall-Painting-Robot/install/ur_msgs/share/ament_index/resource_index/package_run_dependencies/ur_msgs
[26.028s] -- Symlinking: /home/abdelrahman/Wall-Painting-Robot/install/ur_msgs/share/ament_index/resource_index/parent_prefix_path/ur_msgs
[26.049s] -- Symlinking: /home/abdelrahman/Wall-Painting-Robot/install/ur_msgs/share/ur_msgs/environment/ament_prefix_path.sh
[26.065s] -- Symlinking: /home/abdelrahman/Wall-Painting-Robot/install/ur_msgs/share/ur_msgs/environment/ament_prefix_path.dsv
[26.078s] -- Symlinking: /home/abdelrahman/Wall-Painting-Robot/install/ur_msgs/share/ur_msgs/environment/path.sh
[26.095s] -- Symlinking: /home/abdelrahman/Wall-Painting-Robot/install/ur_msgs/share/ur_msgs/environment/path.dsv
[26.112s] -- Symlinking: /home/abdelrahman/Wall-Painting-Robot/install/ur_msgs/share/ur_msgs/local_setup.bash
[26.125s] -- Symlinking: /home/abdelrahman/Wall-Painting-Robot/install/ur_msgs/share/ur_msgs/local_setup.sh
[26.140s] -- Symlinking: /home/abdelrahman/Wall-Painting-Robot/install/ur_msgs/share/ur_msgs/local_setup.zsh
[26.153s] -- Symlinking: /home/abdelrahman/Wall-Painting-Robot/install/ur_msgs/share/ur_msgs/local_setup.dsv
[26.176s] -- Symlinking: /home/abdelrahman/Wall-Painting-Robot/install/ur_msgs/share/ur_msgs/package.dsv
[26.191s] -- Symlinking: /home/abdelrahman/Wall-Painting-Robot/install/ur_msgs/share/ament_index/resource_index/packages/ur_msgs
[26.207s] -- Symlinking: /home/abdelrahman/Wall-Painting-Robot/install/ur_msgs/share/ur_msgs/cmake/rosidl_cmake-extras.cmake
[26.225s] -- Symlinking: /home/abdelrahman/Wall-Painting-Robot/install/ur_msgs/share/ur_msgs/cmake/ament_cmake_export_dependencies-extras.cmake
[26.241s] -- Symlinking: /home/abdelrahman/Wall-Painting-Robot/install/ur_msgs/share/ur_msgs/cmake/ament_cmake_export_include_directories-extras.cmake
[26.253s] -- Symlinking: /home/abdelrahman/Wall-Painting-Robot/install/ur_msgs/share/ur_msgs/cmake/ament_cmake_export_libraries-extras.cmake
[26.269s] -- Symlinking: /home/abdelrahman/Wall-Painting-Robot/install/ur_msgs/share/ur_msgs/cmake/ament_cmake_export_targets-extras.cmake
[26.281s] -- Symlinking: /home/abdelrahman/Wall-Painting-Robot/install/ur_msgs/share/ur_msgs/cmake/rosidl_cmake_export_typesupport_targets-extras.cmake
[26.295s] -- Symlinking: /home/abdelrahman/Wall-Painting-Robot/install/ur_msgs/share/ur_msgs/cmake/rosidl_cmake_export_typesupport_libraries-extras.cmake
[26.309s] -- Symlinking: /home/abdelrahman/Wall-Painting-Robot/install/ur_msgs/share/ur_msgs/cmake/ur_msgsConfig.cmake
[26.327s] -- Symlinking: /home/abdelrahman/Wall-Painting-Robot/install/ur_msgs/share/ur_msgs/cmake/ur_msgsConfig-version.cmake
[26.340s] -- Symlinking: /home/abdelrahman/Wall-Painting-Robot/install/ur_msgs/share/ur_msgs/package.xml
[26.352s] -- Installing: /home/abdelrahman/Wall-Painting-Robot/install/ur_msgs/lib/libur_msgs__rosidl_generator_c.so
[26.353s] -- Set runtime path of "/home/abdelrahman/Wall-Painting-Robot/install/ur_msgs/lib/libur_msgs__rosidl_generator_c.so" to ""
[26.353s] -- Installing: /home/abdelrahman/Wall-Painting-Robot/install/ur_msgs/lib/libur_msgs__rosidl_typesupport_fastrtps_c.so
[26.355s] -- Set runtime path of "/home/abdelrahman/Wall-Painting-Robot/install/ur_msgs/lib/libur_msgs__rosidl_typesupport_fastrtps_c.so" to ""
[26.355s] -- Installing: /home/abdelrahman/Wall-Painting-Robot/install/ur_msgs/lib/libur_msgs__rosidl_typesupport_fastrtps_cpp.so
[26.356s] -- Set runtime path of "/home/abdelrahman/Wall-Painting-Robot/install/ur_msgs/lib/libur_msgs__rosidl_typesupport_fastrtps_cpp.so" to ""
[26.356s] -- Installing: /home/abdelrahman/Wall-Painting-Robot/install/ur_msgs/lib/libur_msgs__rosidl_typesupport_introspection_c.so
[26.358s] -- Set runtime path of "/home/abdelrahman/Wall-Painting-Robot/install/ur_msgs/lib/libur_msgs__rosidl_typesupport_introspection_c.so" to ""
[26.358s] -- Installing: /home/abdelrahman/Wall-Painting-Robot/install/ur_msgs/lib/libur_msgs__rosidl_typesupport_c.so
[26.358s] -- Set runtime path of "/home/abdelrahman/Wall-Painting-Robot/install/ur_msgs/lib/libur_msgs__rosidl_typesupport_c.so" to ""
[26.359s] -- Installing: /home/abdelrahman/Wall-Painting-Robot/install/ur_msgs/lib/libur_msgs__rosidl_typesupport_introspection_cpp.so
[26.360s] -- Set runtime path of "/home/abdelrahman/Wall-Painting-Robot/install/ur_msgs/lib/libur_msgs__rosidl_typesupport_introspection_cpp.so" to ""
[26.360s] -- Installing: /home/abdelrahman/Wall-Painting-Robot/install/ur_msgs/lib/libur_msgs__rosidl_typesupport_cpp.so
[26.361s] -- Set runtime path of "/home/abdelrahman/Wall-Painting-Robot/install/ur_msgs/lib/libur_msgs__rosidl_typesupport_cpp.so" to ""
[26.464s] Listing '/home/abdelrahman/Wall-Painting-Robot/install/ur_msgs/local/lib/python3.10/dist-packages/ur_msgs'...
[26.464s] Compiling '/home/abdelrahman/Wall-Painting-Robot/install/ur_msgs/local/lib/python3.10/dist-packages/ur_msgs/__init__.py'...
[26.464s] Listing '/home/abdelrahman/Wall-Painting-Robot/install/ur_msgs/local/lib/python3.10/dist-packages/ur_msgs/action'...
[26.464s] Compiling '/home/abdelrahman/Wall-Painting-Robot/install/ur_msgs/local/lib/python3.10/dist-packages/ur_msgs/action/__init__.py'...
[26.464s] Compiling '/home/abdelrahman/Wall-Painting-Robot/install/ur_msgs/local/lib/python3.10/dist-packages/ur_msgs/action/_tool_contact.py'...
[26.464s] Listing '/home/abdelrahman/Wall-Painting-Robot/install/ur_msgs/local/lib/python3.10/dist-packages/ur_msgs/msg'...
[26.464s] Compiling '/home/abdelrahman/Wall-Painting-Robot/install/ur_msgs/local/lib/python3.10/dist-packages/ur_msgs/msg/__init__.py'...
[26.464s] Compiling '/home/abdelrahman/Wall-Painting-Robot/install/ur_msgs/local/lib/python3.10/dist-packages/ur_msgs/msg/_analog.py'...
[26.464s] Compiling '/home/abdelrahman/Wall-Painting-Robot/install/ur_msgs/local/lib/python3.10/dist-packages/ur_msgs/msg/_digital.py'...
[26.464s] Compiling '/home/abdelrahman/Wall-Painting-Robot/install/ur_msgs/local/lib/python3.10/dist-packages/ur_msgs/msg/_io_states.py'...
[26.464s] Compiling '/home/abdelrahman/Wall-Painting-Robot/install/ur_msgs/local/lib/python3.10/dist-packages/ur_msgs/msg/_masterboard_data_msg.py'...
[26.464s] Compiling '/home/abdelrahman/Wall-Painting-Robot/install/ur_msgs/local/lib/python3.10/dist-packages/ur_msgs/msg/_robot_mode_data_msg.py'...
[26.464s] Compiling '/home/abdelrahman/Wall-Painting-Robot/install/ur_msgs/local/lib/python3.10/dist-packages/ur_msgs/msg/_robot_state_rt_msg.py'...
[26.464s] Compiling '/home/abdelrahman/Wall-Painting-Robot/install/ur_msgs/local/lib/python3.10/dist-packages/ur_msgs/msg/_tool_data_msg.py'...
[26.464s] Listing '/home/abdelrahman/Wall-Painting-Robot/install/ur_msgs/local/lib/python3.10/dist-packages/ur_msgs/srv'...
[26.464s] Compiling '/home/abdelrahman/Wall-Painting-Robot/install/ur_msgs/local/lib/python3.10/dist-packages/ur_msgs/srv/__init__.py'...
[26.465s] Compiling '/home/abdelrahman/Wall-Painting-Robot/install/ur_msgs/local/lib/python3.10/dist-packages/ur_msgs/srv/_get_robot_software_version.py'...
[26.465s] Compiling '/home/abdelrahman/Wall-Painting-Robot/install/ur_msgs/local/lib/python3.10/dist-packages/ur_msgs/srv/_set_analog_output.py'...
[26.465s] Compiling '/home/abdelrahman/Wall-Painting-Robot/install/ur_msgs/local/lib/python3.10/dist-packages/ur_msgs/srv/_set_force_mode.py'...
[26.465s] Compiling '/home/abdelrahman/Wall-Painting-Robot/install/ur_msgs/local/lib/python3.10/dist-packages/ur_msgs/srv/_set_io.py'...
[26.465s] Compiling '/home/abdelrahman/Wall-Painting-Robot/install/ur_msgs/local/lib/python3.10/dist-packages/ur_msgs/srv/_set_payload.py'...
[26.465s] Compiling '/home/abdelrahman/Wall-Painting-Robot/install/ur_msgs/local/lib/python3.10/dist-packages/ur_msgs/srv/_set_speed_slider_fraction.py'...
[26.470s] -- Installing: /home/abdelrahman/Wall-Painting-Robot/install/ur_msgs/lib/libur_msgs__rosidl_generator_py.so
[26.471s] -- Set runtime path of "/home/abdelrahman/Wall-Painting-Robot/install/ur_msgs/lib/libur_msgs__rosidl_generator_py.so" to ""
[26.471s] -- Installing: /home/abdelrahman/Wall-Painting-Robot/install/ur_msgs/share/ur_msgs/cmake/export_ur_msgs__rosidl_generator_cExport.cmake
[26.471s] -- Installing: /home/abdelrahman/Wall-Painting-Robot/install/ur_msgs/share/ur_msgs/cmake/export_ur_msgs__rosidl_generator_cExport-noconfig.cmake
[26.471s] -- Installing: /home/abdelrahman/Wall-Painting-Robot/install/ur_msgs/share/ur_msgs/cmake/export_ur_msgs__rosidl_typesupport_fastrtps_cExport.cmake
[26.472s] -- Installing: /home/abdelrahman/Wall-Painting-Robot/install/ur_msgs/share/ur_msgs/cmake/export_ur_msgs__rosidl_typesupport_fastrtps_cExport-noconfig.cmake
[26.472s] -- Installing: /home/abdelrahman/Wall-Painting-Robot/install/ur_msgs/share/ur_msgs/cmake/export_ur_msgs__rosidl_generator_cppExport.cmake
[26.472s] -- Installing: /home/abdelrahman/Wall-Painting-Robot/install/ur_msgs/share/ur_msgs/cmake/export_ur_msgs__rosidl_typesupport_fastrtps_cppExport.cmake
[26.472s] -- Installing: /home/abdelrahman/Wall-Painting-Robot/install/ur_msgs/share/ur_msgs/cmake/export_ur_msgs__rosidl_typesupport_fastrtps_cppExport-noconfig.cmake
[26.472s] -- Installing: /home/abdelrahman/Wall-Painting-Robot/install/ur_msgs/share/ur_msgs/cmake/ur_msgs__rosidl_typesupport_introspection_cExport.cmake
[26.472s] -- Installing: /home/abdelrahman/Wall-Painting-Robot/install/ur_msgs/share/ur_msgs/cmake/ur_msgs__rosidl_typesupport_introspection_cExport-noconfig.cmake
[26.472s] -- Installing: /home/abdelrahman/Wall-Painting-Robot/install/ur_msgs/share/ur_msgs/cmake/ur_msgs__rosidl_typesupport_cExport.cmake
[26.472s] -- Installing: /home/abdelrahman/Wall-Painting-Robot/install/ur_msgs/share/ur_msgs/cmake/ur_msgs__rosidl_typesupport_cExport-noconfig.cmake
[26.472s] -- Installing: /home/abdelrahman/Wall-Painting-Robot/install/ur_msgs/share/ur_msgs/cmake/ur_msgs__rosidl_typesupport_introspection_cppExport.cmake
[26.473s] -- Installing: /home/abdelrahman/Wall-Painting-Robot/install/ur_msgs/share/ur_msgs/cmake/ur_msgs__rosidl_typesupport_introspection_cppExport-noconfig.cmake
[26.473s] -- Installing: /home/abdelrahman/Wall-Painting-Robot/install/ur_msgs/share/ur_msgs/cmake/ur_msgs__rosidl_typesupport_cppExport.cmake
[26.473s] -- Installing: /home/abdelrahman/Wall-Painting-Robot/install/ur_msgs/share/ur_msgs/cmake/ur_msgs__rosidl_typesupport_cppExport-noconfig.cmake
[26.473s] -- Installing: /home/abdelrahman/Wall-Painting-Robot/install/ur_msgs/share/ur_msgs/cmake/export_ur_msgs__rosidl_generator_pyExport.cmake
[26.473s] -- Installing: /home/abdelrahman/Wall-Painting-Robot/install/ur_msgs/share/ur_msgs/cmake/export_ur_msgs__rosidl_generator_pyExport-noconfig.cmake
[26.477s] Invoked command in '/home/abdelrahman/Wall-Painting-Robot/build/ur_msgs' returned '0': CMAKE_PREFIX_PATH=${CMAKE_PREFIX_PATH}:/home/abdelrahman/Wall-Painting-Robot/install/rqt_joint_trajectory_controller:/home/abdelrahman/Wall-Painting-Robot/install/rqt_controller_manager:/home/abdelrahman/Wall-Painting-Robot/install/ros2controlcli:/home/abdelrahman/Wall-Painting-Robot/install/ros2_controllers_test_nodes:/opt/ros/humble /usr/bin/cmake --install /home/abdelrahman/Wall-Painting-Robot/build/ur_msgs
