[0.031s] Invoking command in '/home/abdelrahman/Wall-Painting-Robot/build/controller_manager': CMAKE_PREFIX_PATH=/home/abdelrahman/Wall-Painting-Robot/install/hardware_interface_testing:/home/abdelrahman/Wall-Painting-Robot/install/controller_interface:/home/abdelrahman/Wall-Painting-Robot/install/hardware_interface:/home/abdelrahman/Wall-Painting-Robot/install/ros2_control_test_assets:/home/abdelrahman/Wall-Painting-Robot/install/realtime_tools:/home/abdelrahman/Wall-Painting-Robot/install/controller_manager_msgs:/home/abdelrahman/Wall-Painting-Robot/install/control_msgs:/home/abdelrahman/Wall-Painting-Robot/install/ur:/home/abdelrahman/Wall-Painting-Robot/install/ur_calibration:/home/abdelrahman/Wall-Painting-Robot/install/ur_robot_driver:/home/abdelrahman/Wall-Painting-Robot/install/ur_bringup:/home/abdelrahman/Wall-Painting-Robot/install/ros2_controllers:/home/abdelrahman/Wall-Painting-Robot/install/velocity_controllers:/home/abdelrahman/Wall-Painting-Robot/install/ur_simulation_gz:/home/abdelrahman/Wall-Painting-Robot/install/ur_controllers:/home/abdelrahman/Wall-Painting-Robot/install/ur_msgs:/home/abdelrahman/Wall-Painting-Robot/install/ur_moveit_config:/home/abdelrahman/Wall-Painting-Robot/install/ur_description:/home/abdelrahman/Wall-Painting-Robot/install/ur_dashboard_msgs:/home/abdelrahman/Wall-Painting-Robot/install/ur_client_library:/home/abdelrahman/Wall-Painting-Robot/install/tricycle_steering_controller:/home/abdelrahman/Wall-Painting-Robot/install/tricycle_controller:/home/abdelrahman/Wall-Painting-Robot/install/ros2_control:/home/abdelrahman/Wall-Painting-Robot/install/transmission_interface:/home/abdelrahman/Wall-Painting-Robot/install/bicycle_steering_controller:/home/abdelrahman/Wall-Painting-Robot/install/ackermann_steering_controller:/home/abdelrahman/Wall-Painting-Robot/install/steering_controllers_library:/home/abdelrahman/Wall-Painting-Robot/install/ros2_livox_simulation:/home/abdelrahman/Wall-Painting-Robot/install/controller_manager:/home/abdelrahman/Wall-Painting-Robot/install/range_sensor_broadcaster:/home/abdelrahman/Wall-Painting-Robot/install/position_controllers:/home/abdelrahman/Wall-Painting-Robot/install/pose_broadcaster:/home/abdelrahman/Wall-Painting-Robot/install/pid_controller:/home/abdelrahman/Wall-Painting-Robot/install/mecanum_drive_controller:/home/abdelrahman/Wall-Painting-Robot/install/joint_trajectory_controller:/home/abdelrahman/Wall-Painting-Robot/install/joint_state_broadcaster:/home/abdelrahman/Wall-Painting-Robot/install/imu_sensor_broadcaster:/home/abdelrahman/Wall-Painting-Robot/install/gripper_controllers:/home/abdelrahman/Wall-Painting-Robot/install/gpio_controllers:/home/abdelrahman/Wall-Painting-Robot/install/effort_controllers:/home/abdelrahman/Wall-Painting-Robot/install/forward_command_controller:/home/abdelrahman/Wall-Painting-Robot/install/force_torque_sensor_broadcaster:/home/abdelrahman/Wall-Painting-Robot/install/diff_drive_controller:/home/abdelrahman/Wall-Painting-Robot/install/admittance_controller:/home/abdelrahman/Wall-Painting-Robot/install/control_toolbox:/home/abdelrahman/Wall-Painting-Robot/install/kinematics_interface_kdl:/home/abdelrahman/Wall-Painting-Robot/install/kinematics_interface:/home/abdelrahman/Wall-Painting-Robot/install/joint_limits:/home/abdelrahman/ws_livox/install/livox_ros_driver2:/home/abdelrahman/Wall-Painting-Robot/install/rqt_joint_trajectory_controller:/home/abdelrahman/Wall-Painting-Robot/install/rqt_controller_manager:/home/abdelrahman/Wall-Painting-Robot/install/ros2controlcli:/home/abdelrahman/Wall-Painting-Robot/install/ros2_controllers_test_nodes:/opt/ros/humble LD_LIBRARY_PATH=/home/abdelrahman/Wall-Painting-Robot/install/hardware_interface_testing/lib:/home/abdelrahman/Wall-Painting-Robot/install/controller_interface/lib:/home/abdelrahman/Wall-Painting-Robot/install/hardware_interface/lib:/home/abdelrahman/Wall-Painting-Robot/install/realtime_tools/lib:/home/abdelrahman/Wall-Painting-Robot/install/controller_manager_msgs/lib:/home/abdelrahman/Wall-Painting-Robot/install/control_msgs/lib:/home/abdelrahman/Wall-Painting-Robot/install/ur_robot_driver/lib:/home/abdelrahman/Wall-Painting-Robot/install/velocity_controllers/lib:/home/abdelrahman/Wall-Painting-Robot/install/ur_controllers/lib:/home/abdelrahman/Wall-Painting-Robot/install/ur_msgs/lib:/home/abdelrahman/Wall-Painting-Robot/install/ur_dashboard_msgs/lib:/home/abdelrahman/Wall-Painting-Robot/install/ur_client_library/lib:/home/abdelrahman/Wall-Painting-Robot/install/tricycle_steering_controller/lib:/home/abdelrahman/Wall-Painting-Robot/install/tricycle_controller/lib:/home/abdelrahman/Wall-Painting-Robot/install/transmission_interface/lib:/home/abdelrahman/Wall-Painting-Robot/install/bicycle_steering_controller/lib:/home/abdelrahman/Wall-Painting-Robot/install/ackermann_steering_controller/lib:/home/abdelrahman/Wall-Painting-Robot/install/steering_controllers_library/lib:/home/abdelrahman/Wall-Painting-Robot/install/ros2_livox_simulation/lib:/home/abdelrahman/Wall-Painting-Robot/install/controller_manager/lib:/home/abdelrahman/Wall-Painting-Robot/install/range_sensor_broadcaster/lib:/home/abdelrahman/Wall-Painting-Robot/install/position_controllers/lib:/home/abdelrahman/Wall-Painting-Robot/install/pose_broadcaster/lib:/home/abdelrahman/Wall-Painting-Robot/install/pid_controller/lib:/home/abdelrahman/Wall-Painting-Robot/install/mecanum_drive_controller/lib:/home/abdelrahman/Wall-Painting-Robot/install/joint_trajectory_controller/lib:/home/abdelrahman/Wall-Painting-Robot/install/joint_state_broadcaster/lib:/home/abdelrahman/Wall-Painting-Robot/install/imu_sensor_broadcaster/lib:/home/abdelrahman/Wall-Painting-Robot/install/gripper_controllers/lib:/home/abdelrahman/Wall-Painting-Robot/install/gpio_controllers/lib:/home/abdelrahman/Wall-Painting-Robot/install/effort_controllers/lib:/home/abdelrahman/Wall-Painting-Robot/install/forward_command_controller/lib:/home/abdelrahman/Wall-Painting-Robot/install/force_torque_sensor_broadcaster/lib:/home/abdelrahman/Wall-Painting-Robot/install/diff_drive_controller/lib:/home/abdelrahman/Wall-Painting-Robot/install/admittance_controller/lib:/home/abdelrahman/Wall-Painting-Robot/install/control_toolbox/lib:/home/abdelrahman/Wall-Painting-Robot/install/kinematics_interface_kdl/lib:/home/abdelrahman/Wall-Painting-Robot/install/kinematics_interface/lib:/home/abdelrahman/Wall-Painting-Robot/install/joint_limits/lib:/home/abdelrahman/ws_livox/install/livox_ros_driver2/lib:/home/abdelrahman/Livox-SDK2/build/sdk_core:/usr/lib/x86_64-linux-gnu/gazebo-11/plugins:/opt/ros/humble/opt/rviz_ogre_vendor/lib:/opt/ros/humble/lib/x86_64-linux-gnu:/opt/ros/humble/lib /usr/bin/cmake /home/abdelrahman/Wall-Painting-Robot/src/ros_ur_driver/src/ros2_control/controller_manager -DAMENT_CMAKE_SYMLINK_INSTALL=1 -DCMAKE_INSTALL_PREFIX=/home/abdelrahman/Wall-Painting-Robot/install/controller_manager
[0.159s] -- The C compiler identification is GNU 11.4.0
[0.211s] -- The CXX compiler identification is GNU 11.4.0
[0.219s] -- Detecting C compiler ABI info
[0.334s] -- Detecting C compiler ABI info - done
[0.341s] -- Check for working C compiler: /usr/bin/cc - skipped
[0.341s] -- Detecting C compile features
[0.341s] -- Detecting C compile features - done
[0.343s] -- Detecting CXX compiler ABI info
[0.504s] -- Detecting CXX compiler ABI info - done
[0.509s] -- Check for working CXX compiler: /usr/bin/c++ - skipped
[0.510s] -- Detecting CXX compile features
[0.510s] -- Detecting CXX compile features - done
[0.513s] -- Found ament_cmake: 1.3.11 (/opt/ros/humble/share/ament_cmake/cmake)
[0.644s] -- Found Python3: /usr/bin/python3 (found version "3.10.12") found components: Interpreter 
[0.692s] -- Override CMake install command with custom implementation using symlinks instead of copying resources
[0.736s] -- Found ament_index_cpp: 1.4.0 (/opt/ros/humble/share/ament_index_cpp/cmake)
[0.736s] -- Found controller_interface: 2.50.0 (/home/abdelrahman/Wall-Painting-Robot/install/controller_interface/share/controller_interface/cmake)
[0.771s] -- Found rosidl_generator_c: 3.1.6 (/opt/ros/humble/share/rosidl_generator_c/cmake)
[0.776s] -- Found rosidl_adapter: 3.1.6 (/opt/ros/humble/share/rosidl_adapter/cmake)
[0.783s] -- Found rosidl_generator_cpp: 3.1.6 (/opt/ros/humble/share/rosidl_generator_cpp/cmake)
[0.793s] -- Using all available rosidl_typesupport_c: rosidl_typesupport_fastrtps_c;rosidl_typesupport_introspection_c
[0.808s] -- Using all available rosidl_typesupport_cpp: rosidl_typesupport_fastrtps_cpp;rosidl_typesupport_introspection_cpp
[0.960s] -- Found rmw_implementation_cmake: 6.1.2 (/opt/ros/humble/share/rmw_implementation_cmake/cmake)
[0.964s] -- Found rmw_fastrtps_cpp: 6.2.7 (/opt/ros/humble/share/rmw_fastrtps_cpp/cmake)
[0.983s] -- Found TinyXML2 via Config file: TinyXML2_DIR-NOTFOUND
[1.051s] -- Found OpenSSL: /usr/lib/x86_64-linux-gnu/libcrypto.so (found version "3.0.2")  
[1.054s] -- Found TinyXML2 via Config file: TinyXML2_DIR-NOTFOUND
[1.076s] -- Found FastRTPS: /opt/ros/humble/include  
[1.078s] -- Found TinyXML2 via Config file: TinyXML2_DIR-NOTFOUND
[1.084s] -- Found TinyXML2 via Config file: TinyXML2_DIR-NOTFOUND
[1.092s] -- Using RMW implementation 'rmw_fastrtps_cpp' as default
[1.100s] -- Looking for pthread.h
[1.176s] -- Looking for pthread.h - found
[1.176s] -- Performing Test CMAKE_HAVE_LIBC_PTHREAD
[1.350s] -- Performing Test CMAKE_HAVE_LIBC_PTHREAD - Success
[1.351s] -- Found Threads: TRUE  
[1.382s] -- Found controller_manager_msgs: 2.50.0 (/home/abdelrahman/Wall-Painting-Robot/install/controller_manager_msgs/share/controller_manager_msgs/cmake)
[1.390s] -- Found realtime_tools: 2.13.0 (/home/abdelrahman/Wall-Painting-Robot/install/realtime_tools/share/realtime_tools/cmake)
[1.438s] -- Found ament_cmake_gmock: 1.3.11 (/opt/ros/humble/share/ament_cmake_gmock/cmake)
[1.438s] -- Found ros2_control_test_assets: 2.50.0 (/home/abdelrahman/Wall-Painting-Robot/install/ros2_control_test_assets/share/ros2_control_test_assets/cmake)
[1.442s] -- Found gmock sources under '/opt/ros/humble/src/gmock_vendor': C++ tests using 'Google Mock' will be built
[1.446s] -- Found ament_cmake_gtest: 1.3.11 (/opt/ros/humble/share/ament_cmake_gtest/cmake)
[1.447s] -- Found gtest sources under '/opt/ros/humble/src/gtest_vendor': C++ tests using 'Google Test' will be built
[1.462s] -- Found ament_cmake_pytest: 1.3.11 (/opt/ros/humble/share/ament_cmake_pytest/cmake)
[1.840s] -- Configuring done
[1.979s] -- Generating done
[2.002s] -- Build files have been written to: /home/abdelrahman/Wall-Painting-Robot/build/controller_manager
[2.013s] Invoked command in '/home/abdelrahman/Wall-Painting-Robot/build/controller_manager' returned '0': CMAKE_PREFIX_PATH=/home/abdelrahman/Wall-Painting-Robot/install/hardware_interface_testing:/home/abdelrahman/Wall-Painting-Robot/install/controller_interface:/home/abdelrahman/Wall-Painting-Robot/install/hardware_interface:/home/abdelrahman/Wall-Painting-Robot/install/ros2_control_test_assets:/home/abdelrahman/Wall-Painting-Robot/install/realtime_tools:/home/abdelrahman/Wall-Painting-Robot/install/controller_manager_msgs:/home/abdelrahman/Wall-Painting-Robot/install/control_msgs:/home/abdelrahman/Wall-Painting-Robot/install/ur:/home/abdelrahman/Wall-Painting-Robot/install/ur_calibration:/home/abdelrahman/Wall-Painting-Robot/install/ur_robot_driver:/home/abdelrahman/Wall-Painting-Robot/install/ur_bringup:/home/abdelrahman/Wall-Painting-Robot/install/ros2_controllers:/home/abdelrahman/Wall-Painting-Robot/install/velocity_controllers:/home/abdelrahman/Wall-Painting-Robot/install/ur_simulation_gz:/home/abdelrahman/Wall-Painting-Robot/install/ur_controllers:/home/abdelrahman/Wall-Painting-Robot/install/ur_msgs:/home/abdelrahman/Wall-Painting-Robot/install/ur_moveit_config:/home/abdelrahman/Wall-Painting-Robot/install/ur_description:/home/abdelrahman/Wall-Painting-Robot/install/ur_dashboard_msgs:/home/abdelrahman/Wall-Painting-Robot/install/ur_client_library:/home/abdelrahman/Wall-Painting-Robot/install/tricycle_steering_controller:/home/abdelrahman/Wall-Painting-Robot/install/tricycle_controller:/home/abdelrahman/Wall-Painting-Robot/install/ros2_control:/home/abdelrahman/Wall-Painting-Robot/install/transmission_interface:/home/abdelrahman/Wall-Painting-Robot/install/bicycle_steering_controller:/home/abdelrahman/Wall-Painting-Robot/install/ackermann_steering_controller:/home/abdelrahman/Wall-Painting-Robot/install/steering_controllers_library:/home/abdelrahman/Wall-Painting-Robot/install/ros2_livox_simulation:/home/abdelrahman/Wall-Painting-Robot/install/controller_manager:/home/abdelrahman/Wall-Painting-Robot/install/range_sensor_broadcaster:/home/abdelrahman/Wall-Painting-Robot/install/position_controllers:/home/abdelrahman/Wall-Painting-Robot/install/pose_broadcaster:/home/abdelrahman/Wall-Painting-Robot/install/pid_controller:/home/abdelrahman/Wall-Painting-Robot/install/mecanum_drive_controller:/home/abdelrahman/Wall-Painting-Robot/install/joint_trajectory_controller:/home/abdelrahman/Wall-Painting-Robot/install/joint_state_broadcaster:/home/abdelrahman/Wall-Painting-Robot/install/imu_sensor_broadcaster:/home/abdelrahman/Wall-Painting-Robot/install/gripper_controllers:/home/abdelrahman/Wall-Painting-Robot/install/gpio_controllers:/home/abdelrahman/Wall-Painting-Robot/install/effort_controllers:/home/abdelrahman/Wall-Painting-Robot/install/forward_command_controller:/home/abdelrahman/Wall-Painting-Robot/install/force_torque_sensor_broadcaster:/home/abdelrahman/Wall-Painting-Robot/install/diff_drive_controller:/home/abdelrahman/Wall-Painting-Robot/install/admittance_controller:/home/abdelrahman/Wall-Painting-Robot/install/control_toolbox:/home/abdelrahman/Wall-Painting-Robot/install/kinematics_interface_kdl:/home/abdelrahman/Wall-Painting-Robot/install/kinematics_interface:/home/abdelrahman/Wall-Painting-Robot/install/joint_limits:/home/abdelrahman/ws_livox/install/livox_ros_driver2:/home/abdelrahman/Wall-Painting-Robot/install/rqt_joint_trajectory_controller:/home/abdelrahman/Wall-Painting-Robot/install/rqt_controller_manager:/home/abdelrahman/Wall-Painting-Robot/install/ros2controlcli:/home/abdelrahman/Wall-Painting-Robot/install/ros2_controllers_test_nodes:/opt/ros/humble LD_LIBRARY_PATH=/home/abdelrahman/Wall-Painting-Robot/install/hardware_interface_testing/lib:/home/abdelrahman/Wall-Painting-Robot/install/controller_interface/lib:/home/abdelrahman/Wall-Painting-Robot/install/hardware_interface/lib:/home/abdelrahman/Wall-Painting-Robot/install/realtime_tools/lib:/home/abdelrahman/Wall-Painting-Robot/install/controller_manager_msgs/lib:/home/abdelrahman/Wall-Painting-Robot/install/control_msgs/lib:/home/abdelrahman/Wall-Painting-Robot/install/ur_robot_driver/lib:/home/abdelrahman/Wall-Painting-Robot/install/velocity_controllers/lib:/home/abdelrahman/Wall-Painting-Robot/install/ur_controllers/lib:/home/abdelrahman/Wall-Painting-Robot/install/ur_msgs/lib:/home/abdelrahman/Wall-Painting-Robot/install/ur_dashboard_msgs/lib:/home/abdelrahman/Wall-Painting-Robot/install/ur_client_library/lib:/home/abdelrahman/Wall-Painting-Robot/install/tricycle_steering_controller/lib:/home/abdelrahman/Wall-Painting-Robot/install/tricycle_controller/lib:/home/abdelrahman/Wall-Painting-Robot/install/transmission_interface/lib:/home/abdelrahman/Wall-Painting-Robot/install/bicycle_steering_controller/lib:/home/abdelrahman/Wall-Painting-Robot/install/ackermann_steering_controller/lib:/home/abdelrahman/Wall-Painting-Robot/install/steering_controllers_library/lib:/home/abdelrahman/Wall-Painting-Robot/install/ros2_livox_simulation/lib:/home/abdelrahman/Wall-Painting-Robot/install/controller_manager/lib:/home/abdelrahman/Wall-Painting-Robot/install/range_sensor_broadcaster/lib:/home/abdelrahman/Wall-Painting-Robot/install/position_controllers/lib:/home/abdelrahman/Wall-Painting-Robot/install/pose_broadcaster/lib:/home/abdelrahman/Wall-Painting-Robot/install/pid_controller/lib:/home/abdelrahman/Wall-Painting-Robot/install/mecanum_drive_controller/lib:/home/abdelrahman/Wall-Painting-Robot/install/joint_trajectory_controller/lib:/home/abdelrahman/Wall-Painting-Robot/install/joint_state_broadcaster/lib:/home/abdelrahman/Wall-Painting-Robot/install/imu_sensor_broadcaster/lib:/home/abdelrahman/Wall-Painting-Robot/install/gripper_controllers/lib:/home/abdelrahman/Wall-Painting-Robot/install/gpio_controllers/lib:/home/abdelrahman/Wall-Painting-Robot/install/effort_controllers/lib:/home/abdelrahman/Wall-Painting-Robot/install/forward_command_controller/lib:/home/abdelrahman/Wall-Painting-Robot/install/force_torque_sensor_broadcaster/lib:/home/abdelrahman/Wall-Painting-Robot/install/diff_drive_controller/lib:/home/abdelrahman/Wall-Painting-Robot/install/admittance_controller/lib:/home/abdelrahman/Wall-Painting-Robot/install/control_toolbox/lib:/home/abdelrahman/Wall-Painting-Robot/install/kinematics_interface_kdl/lib:/home/abdelrahman/Wall-Painting-Robot/install/kinematics_interface/lib:/home/abdelrahman/Wall-Painting-Robot/install/joint_limits/lib:/home/abdelrahman/ws_livox/install/livox_ros_driver2/lib:/home/abdelrahman/Livox-SDK2/build/sdk_core:/usr/lib/x86_64-linux-gnu/gazebo-11/plugins:/opt/ros/humble/opt/rviz_ogre_vendor/lib:/opt/ros/humble/lib/x86_64-linux-gnu:/opt/ros/humble/lib /usr/bin/cmake /home/abdelrahman/Wall-Painting-Robot/src/ros_ur_driver/src/ros2_control/controller_manager -DAMENT_CMAKE_SYMLINK_INSTALL=1 -DCMAKE_INSTALL_PREFIX=/home/abdelrahman/Wall-Painting-Robot/install/controller_manager
[2.014s] Invoking command in '/home/abdelrahman/Wall-Painting-Robot/build/controller_manager': CMAKE_PREFIX_PATH=/home/abdelrahman/Wall-Painting-Robot/install/hardware_interface_testing:/home/abdelrahman/Wall-Painting-Robot/install/controller_interface:/home/abdelrahman/Wall-Painting-Robot/install/hardware_interface:/home/abdelrahman/Wall-Painting-Robot/install/ros2_control_test_assets:/home/abdelrahman/Wall-Painting-Robot/install/realtime_tools:/home/abdelrahman/Wall-Painting-Robot/install/controller_manager_msgs:/home/abdelrahman/Wall-Painting-Robot/install/control_msgs:/home/abdelrahman/Wall-Painting-Robot/install/ur:/home/abdelrahman/Wall-Painting-Robot/install/ur_calibration:/home/abdelrahman/Wall-Painting-Robot/install/ur_robot_driver:/home/abdelrahman/Wall-Painting-Robot/install/ur_bringup:/home/abdelrahman/Wall-Painting-Robot/install/ros2_controllers:/home/abdelrahman/Wall-Painting-Robot/install/velocity_controllers:/home/abdelrahman/Wall-Painting-Robot/install/ur_simulation_gz:/home/abdelrahman/Wall-Painting-Robot/install/ur_controllers:/home/abdelrahman/Wall-Painting-Robot/install/ur_msgs:/home/abdelrahman/Wall-Painting-Robot/install/ur_moveit_config:/home/abdelrahman/Wall-Painting-Robot/install/ur_description:/home/abdelrahman/Wall-Painting-Robot/install/ur_dashboard_msgs:/home/abdelrahman/Wall-Painting-Robot/install/ur_client_library:/home/abdelrahman/Wall-Painting-Robot/install/tricycle_steering_controller:/home/abdelrahman/Wall-Painting-Robot/install/tricycle_controller:/home/abdelrahman/Wall-Painting-Robot/install/ros2_control:/home/abdelrahman/Wall-Painting-Robot/install/transmission_interface:/home/abdelrahman/Wall-Painting-Robot/install/bicycle_steering_controller:/home/abdelrahman/Wall-Painting-Robot/install/ackermann_steering_controller:/home/abdelrahman/Wall-Painting-Robot/install/steering_controllers_library:/home/abdelrahman/Wall-Painting-Robot/install/ros2_livox_simulation:/home/abdelrahman/Wall-Painting-Robot/install/controller_manager:/home/abdelrahman/Wall-Painting-Robot/install/range_sensor_broadcaster:/home/abdelrahman/Wall-Painting-Robot/install/position_controllers:/home/abdelrahman/Wall-Painting-Robot/install/pose_broadcaster:/home/abdelrahman/Wall-Painting-Robot/install/pid_controller:/home/abdelrahman/Wall-Painting-Robot/install/mecanum_drive_controller:/home/abdelrahman/Wall-Painting-Robot/install/joint_trajectory_controller:/home/abdelrahman/Wall-Painting-Robot/install/joint_state_broadcaster:/home/abdelrahman/Wall-Painting-Robot/install/imu_sensor_broadcaster:/home/abdelrahman/Wall-Painting-Robot/install/gripper_controllers:/home/abdelrahman/Wall-Painting-Robot/install/gpio_controllers:/home/abdelrahman/Wall-Painting-Robot/install/effort_controllers:/home/abdelrahman/Wall-Painting-Robot/install/forward_command_controller:/home/abdelrahman/Wall-Painting-Robot/install/force_torque_sensor_broadcaster:/home/abdelrahman/Wall-Painting-Robot/install/diff_drive_controller:/home/abdelrahman/Wall-Painting-Robot/install/admittance_controller:/home/abdelrahman/Wall-Painting-Robot/install/control_toolbox:/home/abdelrahman/Wall-Painting-Robot/install/kinematics_interface_kdl:/home/abdelrahman/Wall-Painting-Robot/install/kinematics_interface:/home/abdelrahman/Wall-Painting-Robot/install/joint_limits:/home/abdelrahman/ws_livox/install/livox_ros_driver2:/home/abdelrahman/Wall-Painting-Robot/install/rqt_joint_trajectory_controller:/home/abdelrahman/Wall-Painting-Robot/install/rqt_controller_manager:/home/abdelrahman/Wall-Painting-Robot/install/ros2controlcli:/home/abdelrahman/Wall-Painting-Robot/install/ros2_controllers_test_nodes:/opt/ros/humble LD_LIBRARY_PATH=/home/abdelrahman/Wall-Painting-Robot/install/hardware_interface_testing/lib:/home/abdelrahman/Wall-Painting-Robot/install/controller_interface/lib:/home/abdelrahman/Wall-Painting-Robot/install/hardware_interface/lib:/home/abdelrahman/Wall-Painting-Robot/install/realtime_tools/lib:/home/abdelrahman/Wall-Painting-Robot/install/controller_manager_msgs/lib:/home/abdelrahman/Wall-Painting-Robot/install/control_msgs/lib:/home/abdelrahman/Wall-Painting-Robot/install/ur_robot_driver/lib:/home/abdelrahman/Wall-Painting-Robot/install/velocity_controllers/lib:/home/abdelrahman/Wall-Painting-Robot/install/ur_controllers/lib:/home/abdelrahman/Wall-Painting-Robot/install/ur_msgs/lib:/home/abdelrahman/Wall-Painting-Robot/install/ur_dashboard_msgs/lib:/home/abdelrahman/Wall-Painting-Robot/install/ur_client_library/lib:/home/abdelrahman/Wall-Painting-Robot/install/tricycle_steering_controller/lib:/home/abdelrahman/Wall-Painting-Robot/install/tricycle_controller/lib:/home/abdelrahman/Wall-Painting-Robot/install/transmission_interface/lib:/home/abdelrahman/Wall-Painting-Robot/install/bicycle_steering_controller/lib:/home/abdelrahman/Wall-Painting-Robot/install/ackermann_steering_controller/lib:/home/abdelrahman/Wall-Painting-Robot/install/steering_controllers_library/lib:/home/abdelrahman/Wall-Painting-Robot/install/ros2_livox_simulation/lib:/home/abdelrahman/Wall-Painting-Robot/install/controller_manager/lib:/home/abdelrahman/Wall-Painting-Robot/install/range_sensor_broadcaster/lib:/home/abdelrahman/Wall-Painting-Robot/install/position_controllers/lib:/home/abdelrahman/Wall-Painting-Robot/install/pose_broadcaster/lib:/home/abdelrahman/Wall-Painting-Robot/install/pid_controller/lib:/home/abdelrahman/Wall-Painting-Robot/install/mecanum_drive_controller/lib:/home/abdelrahman/Wall-Painting-Robot/install/joint_trajectory_controller/lib:/home/abdelrahman/Wall-Painting-Robot/install/joint_state_broadcaster/lib:/home/abdelrahman/Wall-Painting-Robot/install/imu_sensor_broadcaster/lib:/home/abdelrahman/Wall-Painting-Robot/install/gripper_controllers/lib:/home/abdelrahman/Wall-Painting-Robot/install/gpio_controllers/lib:/home/abdelrahman/Wall-Painting-Robot/install/effort_controllers/lib:/home/abdelrahman/Wall-Painting-Robot/install/forward_command_controller/lib:/home/abdelrahman/Wall-Painting-Robot/install/force_torque_sensor_broadcaster/lib:/home/abdelrahman/Wall-Painting-Robot/install/diff_drive_controller/lib:/home/abdelrahman/Wall-Painting-Robot/install/admittance_controller/lib:/home/abdelrahman/Wall-Painting-Robot/install/control_toolbox/lib:/home/abdelrahman/Wall-Painting-Robot/install/kinematics_interface_kdl/lib:/home/abdelrahman/Wall-Painting-Robot/install/kinematics_interface/lib:/home/abdelrahman/Wall-Painting-Robot/install/joint_limits/lib:/home/abdelrahman/ws_livox/install/livox_ros_driver2/lib:/home/abdelrahman/Livox-SDK2/build/sdk_core:/usr/lib/x86_64-linux-gnu/gazebo-11/plugins:/opt/ros/humble/opt/rviz_ogre_vendor/lib:/opt/ros/humble/lib/x86_64-linux-gnu:/opt/ros/humble/lib /usr/bin/cmake --build /home/abdelrahman/Wall-Painting-Robot/build/controller_manager -- -j22 -l22
[2.059s] [  2%] [34m[1mGenerating controller_manager/version.h[0m
[2.059s] [  5%] [32mBuilding CXX object gmock/CMakeFiles/gmock.dir/src/gmock-all.cc.o[0m
[2.059s] [  7%] [32mBuilding CXX object gmock/CMakeFiles/gmock_main.dir/src/gmock_main.cc.o[0m
[2.060s] [ 10%] [32mBuilding CXX object gmock/CMakeFiles/gmock.dir/opt/ros/humble/src/gtest_vendor/src/gtest-all.cc.o[0m
[2.065s] [ 10%] Built target ament_cmake_python_symlink_controller_manager_setup
[2.066s] [ 10%] Built target ament_cmake_python_symlink_controller_manager
[2.076s] [ 10%] Built target ament_generate_version_header__controller_manager
[2.099s] [ 13%] [32mBuilding CXX object CMakeFiles/controller_manager.dir/src/controller_manager.cpp.o[0m
[2.245s] running install_scripts
[2.246s] running egg_info
[2.247s] creating controller_manager.egg-info
[2.247s] /usr/lib/python3/dist-packages/setuptools/command/install.py:34: SetuptoolsDeprecationWarning: setup.py install is deprecated. Use build and pip and other standards-based tools.
[2.247s]   warnings.warn(
[2.247s] writing controller_manager.egg-info/PKG-INFO
[2.248s] writing dependency_links to controller_manager.egg-info/dependency_links.txt
[2.248s] writing entry points to controller_manager.egg-info/entry_points.txt
[2.248s] writing top-level names to controller_manager.egg-info/top_level.txt
[2.248s] writing manifest file 'controller_manager.egg-info/SOURCES.txt'
[2.249s] reading manifest file 'controller_manager.egg-info/SOURCES.txt'
[2.249s] writing manifest file 'controller_manager.egg-info/SOURCES.txt'
[2.264s] running egg_info
[2.265s] writing controller_manager.egg-info/PKG-INFO
[2.266s] writing dependency_links to controller_manager.egg-info/dependency_links.txt
[2.266s] writing entry points to controller_manager.egg-info/entry_points.txt
[2.266s] writing top-level names to controller_manager.egg-info/top_level.txt
[2.267s] reading manifest file 'controller_manager.egg-info/SOURCES.txt'
[2.267s] writing manifest file 'controller_manager.egg-info/SOURCES.txt'
[2.269s] Installing hardware_spawner script to scripts
[2.269s] Installing spawner script to scripts
[2.269s] Installing unspawner script to scripts
[2.275s] [ 13%] Built target ament_cmake_python_build_controller_manager_egg
[2.296s] [ 13%] Built target ament_cmake_python_build_controller_manager_scripts
[2.968s] [ 15%] [32m[1mLinking CXX static library libgmock_main.a[0m
[3.086s] [ 15%] Built target gmock_main
[4.683s] [ 18%] [32m[1mLinking CXX static library libgmock.a[0m
[4.764s] [ 18%] Built target gmock
[14.026s] [ 21%] [32m[1mLinking CXX shared library libcontroller_manager.so[0m
[14.821s] [ 21%] Built target controller_manager
[14.840s] [ 28%] [32mBuilding CXX object CMakeFiles/ros2_control_node.dir/src/ros2_control_node.cpp.o[0m
[14.840s] [ 28%] [32mBuilding CXX object CMakeFiles/test_chainable_controller.dir/test/test_chainable_controller/test_chainable_controller.cpp.o[0m
[14.840s] [ 28%] [32mBuilding CXX object CMakeFiles/test_controller.dir/test/test_controller/test_controller.cpp.o[0m
[14.842s] [ 31%] [32mBuilding CXX object CMakeFiles/test_controller_manager_urdf_passing.dir/test/test_controller_manager_urdf_passing.cpp.o[0m
[14.842s] [ 34%] [32mBuilding CXX object CMakeFiles/test_hardware_spawner.dir/test/test_hardware_spawner.cpp.o[0m
[14.844s] [ 39%] [32mBuilding CXX object CMakeFiles/test_controller_failed_init.dir/test/test_controller_failed_init/test_controller_failed_init.cpp.o[0m
[14.844s] [ 39%] [32mBuilding CXX object CMakeFiles/test_controller_with_interfaces.dir/test/test_controller_with_interfaces/test_controller_with_interfaces.cpp.o[0m
[18.513s] [ 42%] [32m[1mLinking CXX shared library libtest_controller.so[0m
[18.895s] [ 42%] Built target test_controller
[18.944s] [ 52%] [32mBuilding CXX object CMakeFiles/test_controller_manager.dir/test/test_controller_manager.cpp.o[0m
[18.944s] [ 52%] [32mBuilding CXX object CMakeFiles/test_hardware_management_srvs.dir/test/test_hardware_management_srvs.cpp.o[0m
[18.944s] [ 52%] [32mBuilding CXX object CMakeFiles/test_spawner_unspawner.dir/test/test_spawner_unspawner.cpp.o[0m
[18.944s] [ 52%] [32mBuilding CXX object CMakeFiles/test_controller_manager_with_namespace.cpp.dir/test/test_controller_manager_with_namespace.cpp.o[0m
[19.597s] [ 55%] [32m[1mLinking CXX shared library libtest_controller_failed_init.so[0m
[19.733s] [ 57%] [32m[1mLinking CXX shared library libtest_controller_with_interfaces.so[0m
[19.876s] [ 57%] Built target test_controller_failed_init
[19.930s] [ 60%] [32mBuilding CXX object CMakeFiles/test_load_controller.dir/test/test_load_controller.cpp.o[0m
[20.090s] [ 60%] Built target test_controller_with_interfaces
[20.150s] [ 63%] [32mBuilding CXX object CMakeFiles/test_release_interfaces.dir/test/test_release_interfaces.cpp.o[0m
[20.392s] [ 65%] [32m[1mLinking CXX executable ros2_control_node[0m
[21.366s] [ 65%] Built target ros2_control_node
[21.433s] [ 68%] [32m[1mLinking CXX executable test_controller_manager_urdf_passing[0m
[23.974s] [ 68%] Built target test_controller_manager_urdf_passing
[25.415s] [ 71%] [32m[1mLinking CXX executable test_hardware_spawner[0m
[26.227s] [ 73%] [32m[1mLinking CXX shared library libtest_chainable_controller.so[0m
[26.691s] [ 73%] Built target test_hardware_spawner
[27.182s] [ 73%] Built target test_chainable_controller
[27.226s] [ 76%] [32mBuilding CXX object CMakeFiles/test_controller_manager_srvs.dir/test/test_controller_manager_srvs.cpp.o[0m
[27.237s] [ 78%] [32mBuilding CXX object CMakeFiles/test_controllers_chaining_with_controller_manager.dir/test/test_controllers_chaining_with_controller_manager.cpp.o[0m
[28.069s] [ 81%] [32m[1mLinking CXX executable test_controller_manager_with_namespace.cpp[0m
[29.275s] [ 81%] Built target test_controller_manager_with_namespace.cpp
[29.318s] [ 84%] [32m[1mLinking CXX executable test_release_interfaces[0m
[30.201s] [ 86%] [32m[1mLinking CXX executable test_hardware_management_srvs[0m
[30.334s] [ 89%] [32m[1mLinking CXX executable test_load_controller[0m
[30.533s] [ 89%] Built target test_release_interfaces
[31.005s] [ 92%] [32m[1mLinking CXX executable test_spawner_unspawner[0m
[31.702s] [ 92%] Built target test_hardware_management_srvs
[31.820s] [ 92%] Built target test_load_controller
[32.300s] [ 92%] Built target test_spawner_unspawner
[33.037s] [ 94%] [32m[1mLinking CXX executable test_controller_manager[0m
[33.974s] [ 94%] Built target test_controller_manager
[35.096s] [ 97%] [32m[1mLinking CXX executable test_controllers_chaining_with_controller_manager[0m
[35.779s] [ 97%] Built target test_controllers_chaining_with_controller_manager
[38.408s] [100%] [32m[1mLinking CXX executable test_controller_manager_srvs[0m
[39.131s] [100%] Built target test_controller_manager_srvs
[39.144s] Invoked command in '/home/abdelrahman/Wall-Painting-Robot/build/controller_manager' returned '0': CMAKE_PREFIX_PATH=/home/abdelrahman/Wall-Painting-Robot/install/hardware_interface_testing:/home/abdelrahman/Wall-Painting-Robot/install/controller_interface:/home/abdelrahman/Wall-Painting-Robot/install/hardware_interface:/home/abdelrahman/Wall-Painting-Robot/install/ros2_control_test_assets:/home/abdelrahman/Wall-Painting-Robot/install/realtime_tools:/home/abdelrahman/Wall-Painting-Robot/install/controller_manager_msgs:/home/abdelrahman/Wall-Painting-Robot/install/control_msgs:/home/abdelrahman/Wall-Painting-Robot/install/ur:/home/abdelrahman/Wall-Painting-Robot/install/ur_calibration:/home/abdelrahman/Wall-Painting-Robot/install/ur_robot_driver:/home/abdelrahman/Wall-Painting-Robot/install/ur_bringup:/home/abdelrahman/Wall-Painting-Robot/install/ros2_controllers:/home/abdelrahman/Wall-Painting-Robot/install/velocity_controllers:/home/abdelrahman/Wall-Painting-Robot/install/ur_simulation_gz:/home/abdelrahman/Wall-Painting-Robot/install/ur_controllers:/home/abdelrahman/Wall-Painting-Robot/install/ur_msgs:/home/abdelrahman/Wall-Painting-Robot/install/ur_moveit_config:/home/abdelrahman/Wall-Painting-Robot/install/ur_description:/home/abdelrahman/Wall-Painting-Robot/install/ur_dashboard_msgs:/home/abdelrahman/Wall-Painting-Robot/install/ur_client_library:/home/abdelrahman/Wall-Painting-Robot/install/tricycle_steering_controller:/home/abdelrahman/Wall-Painting-Robot/install/tricycle_controller:/home/abdelrahman/Wall-Painting-Robot/install/ros2_control:/home/abdelrahman/Wall-Painting-Robot/install/transmission_interface:/home/abdelrahman/Wall-Painting-Robot/install/bicycle_steering_controller:/home/abdelrahman/Wall-Painting-Robot/install/ackermann_steering_controller:/home/abdelrahman/Wall-Painting-Robot/install/steering_controllers_library:/home/abdelrahman/Wall-Painting-Robot/install/ros2_livox_simulation:/home/abdelrahman/Wall-Painting-Robot/install/controller_manager:/home/abdelrahman/Wall-Painting-Robot/install/range_sensor_broadcaster:/home/abdelrahman/Wall-Painting-Robot/install/position_controllers:/home/abdelrahman/Wall-Painting-Robot/install/pose_broadcaster:/home/abdelrahman/Wall-Painting-Robot/install/pid_controller:/home/abdelrahman/Wall-Painting-Robot/install/mecanum_drive_controller:/home/abdelrahman/Wall-Painting-Robot/install/joint_trajectory_controller:/home/abdelrahman/Wall-Painting-Robot/install/joint_state_broadcaster:/home/abdelrahman/Wall-Painting-Robot/install/imu_sensor_broadcaster:/home/abdelrahman/Wall-Painting-Robot/install/gripper_controllers:/home/abdelrahman/Wall-Painting-Robot/install/gpio_controllers:/home/abdelrahman/Wall-Painting-Robot/install/effort_controllers:/home/abdelrahman/Wall-Painting-Robot/install/forward_command_controller:/home/abdelrahman/Wall-Painting-Robot/install/force_torque_sensor_broadcaster:/home/abdelrahman/Wall-Painting-Robot/install/diff_drive_controller:/home/abdelrahman/Wall-Painting-Robot/install/admittance_controller:/home/abdelrahman/Wall-Painting-Robot/install/control_toolbox:/home/abdelrahman/Wall-Painting-Robot/install/kinematics_interface_kdl:/home/abdelrahman/Wall-Painting-Robot/install/kinematics_interface:/home/abdelrahman/Wall-Painting-Robot/install/joint_limits:/home/abdelrahman/ws_livox/install/livox_ros_driver2:/home/abdelrahman/Wall-Painting-Robot/install/rqt_joint_trajectory_controller:/home/abdelrahman/Wall-Painting-Robot/install/rqt_controller_manager:/home/abdelrahman/Wall-Painting-Robot/install/ros2controlcli:/home/abdelrahman/Wall-Painting-Robot/install/ros2_controllers_test_nodes:/opt/ros/humble LD_LIBRARY_PATH=/home/abdelrahman/Wall-Painting-Robot/install/hardware_interface_testing/lib:/home/abdelrahman/Wall-Painting-Robot/install/controller_interface/lib:/home/abdelrahman/Wall-Painting-Robot/install/hardware_interface/lib:/home/abdelrahman/Wall-Painting-Robot/install/realtime_tools/lib:/home/abdelrahman/Wall-Painting-Robot/install/controller_manager_msgs/lib:/home/abdelrahman/Wall-Painting-Robot/install/control_msgs/lib:/home/abdelrahman/Wall-Painting-Robot/install/ur_robot_driver/lib:/home/abdelrahman/Wall-Painting-Robot/install/velocity_controllers/lib:/home/abdelrahman/Wall-Painting-Robot/install/ur_controllers/lib:/home/abdelrahman/Wall-Painting-Robot/install/ur_msgs/lib:/home/abdelrahman/Wall-Painting-Robot/install/ur_dashboard_msgs/lib:/home/abdelrahman/Wall-Painting-Robot/install/ur_client_library/lib:/home/abdelrahman/Wall-Painting-Robot/install/tricycle_steering_controller/lib:/home/abdelrahman/Wall-Painting-Robot/install/tricycle_controller/lib:/home/abdelrahman/Wall-Painting-Robot/install/transmission_interface/lib:/home/abdelrahman/Wall-Painting-Robot/install/bicycle_steering_controller/lib:/home/abdelrahman/Wall-Painting-Robot/install/ackermann_steering_controller/lib:/home/abdelrahman/Wall-Painting-Robot/install/steering_controllers_library/lib:/home/abdelrahman/Wall-Painting-Robot/install/ros2_livox_simulation/lib:/home/abdelrahman/Wall-Painting-Robot/install/controller_manager/lib:/home/abdelrahman/Wall-Painting-Robot/install/range_sensor_broadcaster/lib:/home/abdelrahman/Wall-Painting-Robot/install/position_controllers/lib:/home/abdelrahman/Wall-Painting-Robot/install/pose_broadcaster/lib:/home/abdelrahman/Wall-Painting-Robot/install/pid_controller/lib:/home/abdelrahman/Wall-Painting-Robot/install/mecanum_drive_controller/lib:/home/abdelrahman/Wall-Painting-Robot/install/joint_trajectory_controller/lib:/home/abdelrahman/Wall-Painting-Robot/install/joint_state_broadcaster/lib:/home/abdelrahman/Wall-Painting-Robot/install/imu_sensor_broadcaster/lib:/home/abdelrahman/Wall-Painting-Robot/install/gripper_controllers/lib:/home/abdelrahman/Wall-Painting-Robot/install/gpio_controllers/lib:/home/abdelrahman/Wall-Painting-Robot/install/effort_controllers/lib:/home/abdelrahman/Wall-Painting-Robot/install/forward_command_controller/lib:/home/abdelrahman/Wall-Painting-Robot/install/force_torque_sensor_broadcaster/lib:/home/abdelrahman/Wall-Painting-Robot/install/diff_drive_controller/lib:/home/abdelrahman/Wall-Painting-Robot/install/admittance_controller/lib:/home/abdelrahman/Wall-Painting-Robot/install/control_toolbox/lib:/home/abdelrahman/Wall-Painting-Robot/install/kinematics_interface_kdl/lib:/home/abdelrahman/Wall-Painting-Robot/install/kinematics_interface/lib:/home/abdelrahman/Wall-Painting-Robot/install/joint_limits/lib:/home/abdelrahman/ws_livox/install/livox_ros_driver2/lib:/home/abdelrahman/Livox-SDK2/build/sdk_core:/usr/lib/x86_64-linux-gnu/gazebo-11/plugins:/opt/ros/humble/opt/rviz_ogre_vendor/lib:/opt/ros/humble/lib/x86_64-linux-gnu:/opt/ros/humble/lib /usr/bin/cmake --build /home/abdelrahman/Wall-Painting-Robot/build/controller_manager -- -j22 -l22
[39.145s] Invoking command in '/home/abdelrahman/Wall-Painting-Robot/build/controller_manager': CMAKE_PREFIX_PATH=/home/abdelrahman/Wall-Painting-Robot/install/hardware_interface_testing:/home/abdelrahman/Wall-Painting-Robot/install/controller_interface:/home/abdelrahman/Wall-Painting-Robot/install/hardware_interface:/home/abdelrahman/Wall-Painting-Robot/install/ros2_control_test_assets:/home/abdelrahman/Wall-Painting-Robot/install/realtime_tools:/home/abdelrahman/Wall-Painting-Robot/install/controller_manager_msgs:/home/abdelrahman/Wall-Painting-Robot/install/control_msgs:/home/abdelrahman/Wall-Painting-Robot/install/ur:/home/abdelrahman/Wall-Painting-Robot/install/ur_calibration:/home/abdelrahman/Wall-Painting-Robot/install/ur_robot_driver:/home/abdelrahman/Wall-Painting-Robot/install/ur_bringup:/home/abdelrahman/Wall-Painting-Robot/install/ros2_controllers:/home/abdelrahman/Wall-Painting-Robot/install/velocity_controllers:/home/abdelrahman/Wall-Painting-Robot/install/ur_simulation_gz:/home/abdelrahman/Wall-Painting-Robot/install/ur_controllers:/home/abdelrahman/Wall-Painting-Robot/install/ur_msgs:/home/abdelrahman/Wall-Painting-Robot/install/ur_moveit_config:/home/abdelrahman/Wall-Painting-Robot/install/ur_description:/home/abdelrahman/Wall-Painting-Robot/install/ur_dashboard_msgs:/home/abdelrahman/Wall-Painting-Robot/install/ur_client_library:/home/abdelrahman/Wall-Painting-Robot/install/tricycle_steering_controller:/home/abdelrahman/Wall-Painting-Robot/install/tricycle_controller:/home/abdelrahman/Wall-Painting-Robot/install/ros2_control:/home/abdelrahman/Wall-Painting-Robot/install/transmission_interface:/home/abdelrahman/Wall-Painting-Robot/install/bicycle_steering_controller:/home/abdelrahman/Wall-Painting-Robot/install/ackermann_steering_controller:/home/abdelrahman/Wall-Painting-Robot/install/steering_controllers_library:/home/abdelrahman/Wall-Painting-Robot/install/ros2_livox_simulation:/home/abdelrahman/Wall-Painting-Robot/install/controller_manager:/home/abdelrahman/Wall-Painting-Robot/install/range_sensor_broadcaster:/home/abdelrahman/Wall-Painting-Robot/install/position_controllers:/home/abdelrahman/Wall-Painting-Robot/install/pose_broadcaster:/home/abdelrahman/Wall-Painting-Robot/install/pid_controller:/home/abdelrahman/Wall-Painting-Robot/install/mecanum_drive_controller:/home/abdelrahman/Wall-Painting-Robot/install/joint_trajectory_controller:/home/abdelrahman/Wall-Painting-Robot/install/joint_state_broadcaster:/home/abdelrahman/Wall-Painting-Robot/install/imu_sensor_broadcaster:/home/abdelrahman/Wall-Painting-Robot/install/gripper_controllers:/home/abdelrahman/Wall-Painting-Robot/install/gpio_controllers:/home/abdelrahman/Wall-Painting-Robot/install/effort_controllers:/home/abdelrahman/Wall-Painting-Robot/install/forward_command_controller:/home/abdelrahman/Wall-Painting-Robot/install/force_torque_sensor_broadcaster:/home/abdelrahman/Wall-Painting-Robot/install/diff_drive_controller:/home/abdelrahman/Wall-Painting-Robot/install/admittance_controller:/home/abdelrahman/Wall-Painting-Robot/install/control_toolbox:/home/abdelrahman/Wall-Painting-Robot/install/kinematics_interface_kdl:/home/abdelrahman/Wall-Painting-Robot/install/kinematics_interface:/home/abdelrahman/Wall-Painting-Robot/install/joint_limits:/home/abdelrahman/ws_livox/install/livox_ros_driver2:/home/abdelrahman/Wall-Painting-Robot/install/rqt_joint_trajectory_controller:/home/abdelrahman/Wall-Painting-Robot/install/rqt_controller_manager:/home/abdelrahman/Wall-Painting-Robot/install/ros2controlcli:/home/abdelrahman/Wall-Painting-Robot/install/ros2_controllers_test_nodes:/opt/ros/humble LD_LIBRARY_PATH=/home/abdelrahman/Wall-Painting-Robot/install/hardware_interface_testing/lib:/home/abdelrahman/Wall-Painting-Robot/install/controller_interface/lib:/home/abdelrahman/Wall-Painting-Robot/install/hardware_interface/lib:/home/abdelrahman/Wall-Painting-Robot/install/realtime_tools/lib:/home/abdelrahman/Wall-Painting-Robot/install/controller_manager_msgs/lib:/home/abdelrahman/Wall-Painting-Robot/install/control_msgs/lib:/home/abdelrahman/Wall-Painting-Robot/install/ur_robot_driver/lib:/home/abdelrahman/Wall-Painting-Robot/install/velocity_controllers/lib:/home/abdelrahman/Wall-Painting-Robot/install/ur_controllers/lib:/home/abdelrahman/Wall-Painting-Robot/install/ur_msgs/lib:/home/abdelrahman/Wall-Painting-Robot/install/ur_dashboard_msgs/lib:/home/abdelrahman/Wall-Painting-Robot/install/ur_client_library/lib:/home/abdelrahman/Wall-Painting-Robot/install/tricycle_steering_controller/lib:/home/abdelrahman/Wall-Painting-Robot/install/tricycle_controller/lib:/home/abdelrahman/Wall-Painting-Robot/install/transmission_interface/lib:/home/abdelrahman/Wall-Painting-Robot/install/bicycle_steering_controller/lib:/home/abdelrahman/Wall-Painting-Robot/install/ackermann_steering_controller/lib:/home/abdelrahman/Wall-Painting-Robot/install/steering_controllers_library/lib:/home/abdelrahman/Wall-Painting-Robot/install/ros2_livox_simulation/lib:/home/abdelrahman/Wall-Painting-Robot/install/controller_manager/lib:/home/abdelrahman/Wall-Painting-Robot/install/range_sensor_broadcaster/lib:/home/abdelrahman/Wall-Painting-Robot/install/position_controllers/lib:/home/abdelrahman/Wall-Painting-Robot/install/pose_broadcaster/lib:/home/abdelrahman/Wall-Painting-Robot/install/pid_controller/lib:/home/abdelrahman/Wall-Painting-Robot/install/mecanum_drive_controller/lib:/home/abdelrahman/Wall-Painting-Robot/install/joint_trajectory_controller/lib:/home/abdelrahman/Wall-Painting-Robot/install/joint_state_broadcaster/lib:/home/abdelrahman/Wall-Painting-Robot/install/imu_sensor_broadcaster/lib:/home/abdelrahman/Wall-Painting-Robot/install/gripper_controllers/lib:/home/abdelrahman/Wall-Painting-Robot/install/gpio_controllers/lib:/home/abdelrahman/Wall-Painting-Robot/install/effort_controllers/lib:/home/abdelrahman/Wall-Painting-Robot/install/forward_command_controller/lib:/home/abdelrahman/Wall-Painting-Robot/install/force_torque_sensor_broadcaster/lib:/home/abdelrahman/Wall-Painting-Robot/install/diff_drive_controller/lib:/home/abdelrahman/Wall-Painting-Robot/install/admittance_controller/lib:/home/abdelrahman/Wall-Painting-Robot/install/control_toolbox/lib:/home/abdelrahman/Wall-Painting-Robot/install/kinematics_interface_kdl/lib:/home/abdelrahman/Wall-Painting-Robot/install/kinematics_interface/lib:/home/abdelrahman/Wall-Painting-Robot/install/joint_limits/lib:/home/abdelrahman/ws_livox/install/livox_ros_driver2/lib:/home/abdelrahman/Livox-SDK2/build/sdk_core:/usr/lib/x86_64-linux-gnu/gazebo-11/plugins:/opt/ros/humble/opt/rviz_ogre_vendor/lib:/opt/ros/humble/lib/x86_64-linux-gnu:/opt/ros/humble/lib /usr/bin/cmake --install /home/abdelrahman/Wall-Painting-Robot/build/controller_manager
[39.152s] -- Install configuration: ""
[39.152s] -- Execute custom install script
[39.152s] -- Symlinking: /home/abdelrahman/Wall-Painting-Robot/install/controller_manager/lib/libcontroller_manager.so
[39.158s] -- Symlinking: /home/abdelrahman/Wall-Painting-Robot/install/controller_manager/lib/controller_manager/ros2_control_node
[39.167s] -- Symlinking: /home/abdelrahman/Wall-Painting-Robot/install/controller_manager/include/controller_manager/controller_manager.hpp
[39.174s] -- Symlinking: /home/abdelrahman/Wall-Painting-Robot/install/controller_manager/include/controller_manager/controller_spec.hpp
[39.181s] -- Symlinking: /home/abdelrahman/Wall-Painting-Robot/install/controller_manager/include/controller_manager/visibility_control.h
[39.189s] -- Symlinking: /home/abdelrahman/Wall-Painting-Robot/install/controller_manager/share/controller_manager/test/test_controller/test_controller.xml
[39.198s] -- Symlinking: /home/abdelrahman/Wall-Painting-Robot/install/controller_manager/lib/libtest_controller.so
[39.203s] -- Symlinking: /home/abdelrahman/Wall-Painting-Robot/install/controller_manager/share/controller_manager/test/test_controller_failed_init/test_controller_failed_init.xml
[39.211s] -- Symlinking: /home/abdelrahman/Wall-Painting-Robot/install/controller_manager/lib/libtest_controller_failed_init.so
[39.217s] -- Symlinking: /home/abdelrahman/Wall-Painting-Robot/install/controller_manager/share/controller_manager/test/test_chainable_controller/test_chainable_controller.xml
[39.223s] -- Symlinking: /home/abdelrahman/Wall-Painting-Robot/install/controller_manager/lib/libtest_chainable_controller.so
[39.231s] -- Symlinking: /home/abdelrahman/Wall-Painting-Robot/install/controller_manager/share/controller_manager/test/test_controller_with_interfaces/test_controller_with_interfaces.xml
[39.237s] -- Symlinking: /home/abdelrahman/Wall-Painting-Robot/install/controller_manager/lib/libtest_controller_with_interfaces.so
[39.242s] -- Symlinking: /home/abdelrahman/Wall-Painting-Robot/install/controller_manager/test/test_controller_spawner_with_type.yaml
[39.250s] -- Symlinking: /home/abdelrahman/Wall-Painting-Robot/install/controller_manager/test/test_controller_spawner_with_basic_controllers.yaml
[39.256s] -- Symlinking: /home/abdelrahman/Wall-Painting-Robot/install/controller_manager/test/test_controller_overriding_parameters.yaml
[39.261s] -- Symlinking: /home/abdelrahman/Wall-Painting-Robot/install/controller_manager/test/test_controller_spawner_wildcard_entries.yaml
[39.268s] -- Symlinking: /home/abdelrahman/Wall-Painting-Robot/install/controller_manager/test/test_controller_spawner_with_interfaces.yaml
[39.274s] -- Symlinking: /home/abdelrahman/Wall-Painting-Robot/install/controller_manager/test/test_ros2_control_node.yaml
[39.280s] -- Symlinking: /home/abdelrahman/Wall-Painting-Robot/install/controller_manager/share/controller_manager/environment/pythonpath.sh
[39.288s] -- Symlinking: /home/abdelrahman/Wall-Painting-Robot/install/controller_manager/share/controller_manager/environment/pythonpath.dsv
[39.295s] -- Symlinking: /home/abdelrahman/Wall-Painting-Robot/install/controller_manager/local/lib/python3.10/dist-packages/controller_manager-2.50.0-py3.10.egg-info/PKG-INFO
[39.301s] -- Symlinking: /home/abdelrahman/Wall-Painting-Robot/install/controller_manager/local/lib/python3.10/dist-packages/controller_manager-2.50.0-py3.10.egg-info/SOURCES.txt
[39.308s] -- Symlinking: /home/abdelrahman/Wall-Painting-Robot/install/controller_manager/local/lib/python3.10/dist-packages/controller_manager-2.50.0-py3.10.egg-info/dependency_links.txt
[39.314s] -- Symlinking: /home/abdelrahman/Wall-Painting-Robot/install/controller_manager/local/lib/python3.10/dist-packages/controller_manager-2.50.0-py3.10.egg-info/entry_points.txt
[39.319s] -- Symlinking: /home/abdelrahman/Wall-Painting-Robot/install/controller_manager/local/lib/python3.10/dist-packages/controller_manager-2.50.0-py3.10.egg-info/top_level.txt
[39.327s] -- Symlinking: /home/abdelrahman/Wall-Painting-Robot/install/controller_manager/lib/controller_manager//hardware_spawner
[39.333s] -- Symlinking: /home/abdelrahman/Wall-Painting-Robot/install/controller_manager/lib/controller_manager//spawner
[39.338s] -- Symlinking: /home/abdelrahman/Wall-Painting-Robot/install/controller_manager/lib/controller_manager//unspawner
[39.346s] -- Symlinking: /home/abdelrahman/Wall-Painting-Robot/install/controller_manager/local/lib/python3.10/dist-packages/controller_manager/__init__.py
[39.353s] -- Symlinking: /home/abdelrahman/Wall-Painting-Robot/install/controller_manager/local/lib/python3.10/dist-packages/controller_manager/controller_manager_services.py
[39.359s] -- Symlinking: /home/abdelrahman/Wall-Painting-Robot/install/controller_manager/local/lib/python3.10/dist-packages/controller_manager/hardware_spawner.py
[39.365s] -- Symlinking: /home/abdelrahman/Wall-Painting-Robot/install/controller_manager/local/lib/python3.10/dist-packages/controller_manager/launch_utils.py
[39.371s] -- Symlinking: /home/abdelrahman/Wall-Painting-Robot/install/controller_manager/local/lib/python3.10/dist-packages/controller_manager/spawner.py
[39.376s] -- Symlinking: /home/abdelrahman/Wall-Painting-Robot/install/controller_manager/local/lib/python3.10/dist-packages/controller_manager/test_utils.py
[39.383s] -- Symlinking: /home/abdelrahman/Wall-Painting-Robot/install/controller_manager/local/lib/python3.10/dist-packages/controller_manager/unspawner.py
[39.392s] -- Symlinking: /home/abdelrahman/Wall-Painting-Robot/install/controller_manager/share/controller_manager/environment/library_path.sh
[39.399s] -- Symlinking: /home/abdelrahman/Wall-Painting-Robot/install/controller_manager/share/controller_manager/environment/library_path.dsv
[39.406s] -- Symlinking: /home/abdelrahman/Wall-Painting-Robot/install/controller_manager/share/ament_index/resource_index/package_run_dependencies/controller_manager
[39.414s] -- Symlinking: /home/abdelrahman/Wall-Painting-Robot/install/controller_manager/share/ament_index/resource_index/parent_prefix_path/controller_manager
[39.420s] -- Symlinking: /home/abdelrahman/Wall-Painting-Robot/install/controller_manager/share/controller_manager/environment/ament_prefix_path.sh
[39.428s] -- Symlinking: /home/abdelrahman/Wall-Painting-Robot/install/controller_manager/share/controller_manager/environment/ament_prefix_path.dsv
[39.433s] -- Symlinking: /home/abdelrahman/Wall-Painting-Robot/install/controller_manager/share/controller_manager/environment/path.sh
[39.439s] -- Symlinking: /home/abdelrahman/Wall-Painting-Robot/install/controller_manager/share/controller_manager/environment/path.dsv
[39.447s] -- Symlinking: /home/abdelrahman/Wall-Painting-Robot/install/controller_manager/share/controller_manager/local_setup.bash
[39.454s] -- Symlinking: /home/abdelrahman/Wall-Painting-Robot/install/controller_manager/share/controller_manager/local_setup.sh
[39.460s] -- Symlinking: /home/abdelrahman/Wall-Painting-Robot/install/controller_manager/share/controller_manager/local_setup.zsh
[39.466s] -- Symlinking: /home/abdelrahman/Wall-Painting-Robot/install/controller_manager/share/controller_manager/local_setup.dsv
[39.472s] -- Symlinking: /home/abdelrahman/Wall-Painting-Robot/install/controller_manager/share/controller_manager/package.dsv
[39.478s] -- Symlinking: /home/abdelrahman/Wall-Painting-Robot/install/controller_manager/share/ament_index/resource_index/packages/controller_manager
[39.485s] -- Symlinking: /home/abdelrahman/Wall-Painting-Robot/install/controller_manager/share/ament_index/resource_index/controller_interface__pluginlib__plugin/controller_manager
[39.491s] -- Symlinking: /home/abdelrahman/Wall-Painting-Robot/install/controller_manager/share/controller_manager/cmake/ament_cmake_export_libraries-extras.cmake
[39.498s] -- Symlinking: /home/abdelrahman/Wall-Painting-Robot/install/controller_manager/share/controller_manager/cmake/ament_cmake_export_include_directories-extras.cmake
[39.504s] -- Symlinking: /home/abdelrahman/Wall-Painting-Robot/install/controller_manager/share/controller_manager/cmake/ament_cmake_export_dependencies-extras.cmake
[39.509s] -- Symlinking: /home/abdelrahman/Wall-Painting-Robot/install/controller_manager/share/controller_manager/cmake/controller_managerConfig.cmake
[39.514s] -- Symlinking: /home/abdelrahman/Wall-Painting-Robot/install/controller_manager/share/controller_manager/cmake/controller_managerConfig-version.cmake
[39.522s] -- Symlinking: /home/abdelrahman/Wall-Painting-Robot/install/controller_manager/share/controller_manager/package.xml
[39.527s] -- Symlinking: /home/abdelrahman/Wall-Painting-Robot/install/controller_manager/include/controller_manager/controller_manager/version.h
[39.558s] Listing '/home/abdelrahman/Wall-Painting-Robot/install/controller_manager/local/lib/python3.10/dist-packages/controller_manager'...
[39.558s] Compiling '/home/abdelrahman/Wall-Painting-Robot/install/controller_manager/local/lib/python3.10/dist-packages/controller_manager/__init__.py'...
[39.558s] Compiling '/home/abdelrahman/Wall-Painting-Robot/install/controller_manager/local/lib/python3.10/dist-packages/controller_manager/controller_manager_services.py'...
[39.558s] Compiling '/home/abdelrahman/Wall-Painting-Robot/install/controller_manager/local/lib/python3.10/dist-packages/controller_manager/hardware_spawner.py'...
[39.558s] Compiling '/home/abdelrahman/Wall-Painting-Robot/install/controller_manager/local/lib/python3.10/dist-packages/controller_manager/launch_utils.py'...
[39.558s] Compiling '/home/abdelrahman/Wall-Painting-Robot/install/controller_manager/local/lib/python3.10/dist-packages/controller_manager/spawner.py'...
[39.558s] Compiling '/home/abdelrahman/Wall-Painting-Robot/install/controller_manager/local/lib/python3.10/dist-packages/controller_manager/test_utils.py'...
[39.559s] Compiling '/home/abdelrahman/Wall-Painting-Robot/install/controller_manager/local/lib/python3.10/dist-packages/controller_manager/unspawner.py'...
[39.564s] Invoked command in '/home/abdelrahman/Wall-Painting-Robot/build/controller_manager' returned '0': CMAKE_PREFIX_PATH=/home/abdelrahman/Wall-Painting-Robot/install/hardware_interface_testing:/home/abdelrahman/Wall-Painting-Robot/install/controller_interface:/home/abdelrahman/Wall-Painting-Robot/install/hardware_interface:/home/abdelrahman/Wall-Painting-Robot/install/ros2_control_test_assets:/home/abdelrahman/Wall-Painting-Robot/install/realtime_tools:/home/abdelrahman/Wall-Painting-Robot/install/controller_manager_msgs:/home/abdelrahman/Wall-Painting-Robot/install/control_msgs:/home/abdelrahman/Wall-Painting-Robot/install/ur:/home/abdelrahman/Wall-Painting-Robot/install/ur_calibration:/home/abdelrahman/Wall-Painting-Robot/install/ur_robot_driver:/home/abdelrahman/Wall-Painting-Robot/install/ur_bringup:/home/abdelrahman/Wall-Painting-Robot/install/ros2_controllers:/home/abdelrahman/Wall-Painting-Robot/install/velocity_controllers:/home/abdelrahman/Wall-Painting-Robot/install/ur_simulation_gz:/home/abdelrahman/Wall-Painting-Robot/install/ur_controllers:/home/abdelrahman/Wall-Painting-Robot/install/ur_msgs:/home/abdelrahman/Wall-Painting-Robot/install/ur_moveit_config:/home/abdelrahman/Wall-Painting-Robot/install/ur_description:/home/abdelrahman/Wall-Painting-Robot/install/ur_dashboard_msgs:/home/abdelrahman/Wall-Painting-Robot/install/ur_client_library:/home/abdelrahman/Wall-Painting-Robot/install/tricycle_steering_controller:/home/abdelrahman/Wall-Painting-Robot/install/tricycle_controller:/home/abdelrahman/Wall-Painting-Robot/install/ros2_control:/home/abdelrahman/Wall-Painting-Robot/install/transmission_interface:/home/abdelrahman/Wall-Painting-Robot/install/bicycle_steering_controller:/home/abdelrahman/Wall-Painting-Robot/install/ackermann_steering_controller:/home/abdelrahman/Wall-Painting-Robot/install/steering_controllers_library:/home/abdelrahman/Wall-Painting-Robot/install/ros2_livox_simulation:/home/abdelrahman/Wall-Painting-Robot/install/controller_manager:/home/abdelrahman/Wall-Painting-Robot/install/range_sensor_broadcaster:/home/abdelrahman/Wall-Painting-Robot/install/position_controllers:/home/abdelrahman/Wall-Painting-Robot/install/pose_broadcaster:/home/abdelrahman/Wall-Painting-Robot/install/pid_controller:/home/abdelrahman/Wall-Painting-Robot/install/mecanum_drive_controller:/home/abdelrahman/Wall-Painting-Robot/install/joint_trajectory_controller:/home/abdelrahman/Wall-Painting-Robot/install/joint_state_broadcaster:/home/abdelrahman/Wall-Painting-Robot/install/imu_sensor_broadcaster:/home/abdelrahman/Wall-Painting-Robot/install/gripper_controllers:/home/abdelrahman/Wall-Painting-Robot/install/gpio_controllers:/home/abdelrahman/Wall-Painting-Robot/install/effort_controllers:/home/abdelrahman/Wall-Painting-Robot/install/forward_command_controller:/home/abdelrahman/Wall-Painting-Robot/install/force_torque_sensor_broadcaster:/home/abdelrahman/Wall-Painting-Robot/install/diff_drive_controller:/home/abdelrahman/Wall-Painting-Robot/install/admittance_controller:/home/abdelrahman/Wall-Painting-Robot/install/control_toolbox:/home/abdelrahman/Wall-Painting-Robot/install/kinematics_interface_kdl:/home/abdelrahman/Wall-Painting-Robot/install/kinematics_interface:/home/abdelrahman/Wall-Painting-Robot/install/joint_limits:/home/abdelrahman/ws_livox/install/livox_ros_driver2:/home/abdelrahman/Wall-Painting-Robot/install/rqt_joint_trajectory_controller:/home/abdelrahman/Wall-Painting-Robot/install/rqt_controller_manager:/home/abdelrahman/Wall-Painting-Robot/install/ros2controlcli:/home/abdelrahman/Wall-Painting-Robot/install/ros2_controllers_test_nodes:/opt/ros/humble LD_LIBRARY_PATH=/home/abdelrahman/Wall-Painting-Robot/install/hardware_interface_testing/lib:/home/abdelrahman/Wall-Painting-Robot/install/controller_interface/lib:/home/abdelrahman/Wall-Painting-Robot/install/hardware_interface/lib:/home/abdelrahman/Wall-Painting-Robot/install/realtime_tools/lib:/home/abdelrahman/Wall-Painting-Robot/install/controller_manager_msgs/lib:/home/abdelrahman/Wall-Painting-Robot/install/control_msgs/lib:/home/abdelrahman/Wall-Painting-Robot/install/ur_robot_driver/lib:/home/abdelrahman/Wall-Painting-Robot/install/velocity_controllers/lib:/home/abdelrahman/Wall-Painting-Robot/install/ur_controllers/lib:/home/abdelrahman/Wall-Painting-Robot/install/ur_msgs/lib:/home/abdelrahman/Wall-Painting-Robot/install/ur_dashboard_msgs/lib:/home/abdelrahman/Wall-Painting-Robot/install/ur_client_library/lib:/home/abdelrahman/Wall-Painting-Robot/install/tricycle_steering_controller/lib:/home/abdelrahman/Wall-Painting-Robot/install/tricycle_controller/lib:/home/abdelrahman/Wall-Painting-Robot/install/transmission_interface/lib:/home/abdelrahman/Wall-Painting-Robot/install/bicycle_steering_controller/lib:/home/abdelrahman/Wall-Painting-Robot/install/ackermann_steering_controller/lib:/home/abdelrahman/Wall-Painting-Robot/install/steering_controllers_library/lib:/home/abdelrahman/Wall-Painting-Robot/install/ros2_livox_simulation/lib:/home/abdelrahman/Wall-Painting-Robot/install/controller_manager/lib:/home/abdelrahman/Wall-Painting-Robot/install/range_sensor_broadcaster/lib:/home/abdelrahman/Wall-Painting-Robot/install/position_controllers/lib:/home/abdelrahman/Wall-Painting-Robot/install/pose_broadcaster/lib:/home/abdelrahman/Wall-Painting-Robot/install/pid_controller/lib:/home/abdelrahman/Wall-Painting-Robot/install/mecanum_drive_controller/lib:/home/abdelrahman/Wall-Painting-Robot/install/joint_trajectory_controller/lib:/home/abdelrahman/Wall-Painting-Robot/install/joint_state_broadcaster/lib:/home/abdelrahman/Wall-Painting-Robot/install/imu_sensor_broadcaster/lib:/home/abdelrahman/Wall-Painting-Robot/install/gripper_controllers/lib:/home/abdelrahman/Wall-Painting-Robot/install/gpio_controllers/lib:/home/abdelrahman/Wall-Painting-Robot/install/effort_controllers/lib:/home/abdelrahman/Wall-Painting-Robot/install/forward_command_controller/lib:/home/abdelrahman/Wall-Painting-Robot/install/force_torque_sensor_broadcaster/lib:/home/abdelrahman/Wall-Painting-Robot/install/diff_drive_controller/lib:/home/abdelrahman/Wall-Painting-Robot/install/admittance_controller/lib:/home/abdelrahman/Wall-Painting-Robot/install/control_toolbox/lib:/home/abdelrahman/Wall-Painting-Robot/install/kinematics_interface_kdl/lib:/home/abdelrahman/Wall-Painting-Robot/install/kinematics_interface/lib:/home/abdelrahman/Wall-Painting-Robot/install/joint_limits/lib:/home/abdelrahman/ws_livox/install/livox_ros_driver2/lib:/home/abdelrahman/Livox-SDK2/build/sdk_core:/usr/lib/x86_64-linux-gnu/gazebo-11/plugins:/opt/ros/humble/opt/rviz_ogre_vendor/lib:/opt/ros/humble/lib/x86_64-linux-gnu:/opt/ros/humble/lib /usr/bin/cmake --install /home/abdelrahman/Wall-Painting-Robot/build/controller_manager
