[0.033s] Invoking command in '/home/abdelrahman/Wall-Painting-Robot/build/ur_dashboard_msgs': CMAKE_PREFIX_PATH=${CMAKE_PREFIX_PATH}:/home/abdelrahman/Wall-Painting-Robot/install/rqt_joint_trajectory_controller:/home/abdelrahman/Wall-Painting-Robot/install/rqt_controller_manager:/home/abdelrahman/Wall-Painting-Robot/install/ros2controlcli:/home/abdelrahman/Wall-Painting-Robot/install/ros2_controllers_test_nodes:/opt/ros/humble /usr/bin/cmake /home/abdelrahman/Wall-Painting-Robot/src/ros_ur_driver/src/Universal_Robots_ROS2_Driver/ur_dashboard_msgs -DAMENT_CMAKE_SYMLINK_INSTALL=1 -DCMAKE_INSTALL_PREFIX=/home/abdelrahman/Wall-Painting-Robot/install/ur_dashboard_msgs
[0.214s] -- The C compiler identification is GNU 11.4.0
[0.215s] -- The CXX compiler identification is GNU 11.4.0
[0.215s] -- Detecting C compiler ABI info
[0.215s] -- Detecting C compiler ABI info - done
[0.215s] -- Check for working C compiler: /usr/bin/cc - skipped
[0.216s] -- Detecting C compile features
[0.216s] -- Detecting C compile features - done
[0.216s] -- Detecting CXX compiler ABI info
[0.245s] -- Detecting CXX compiler ABI info - done
[0.250s] -- Check for working CXX compiler: /usr/bin/c++ - skipped
[0.250s] -- Detecting CXX compile features
[0.250s] -- Detecting CXX compile features - done
[0.252s] -- Found ament_cmake: 1.3.11 (/opt/ros/humble/share/ament_cmake/cmake)
[0.376s] -- Found Python3: /usr/bin/python3 (found version "3.10.12") found components: Interpreter 
[0.418s] -- Override CMake install command with custom implementation using symlinks instead of copying resources
[0.487s] -- Found rosidl_default_generators: 1.2.0 (/opt/ros/humble/share/rosidl_default_generators/cmake)
[0.498s] -- Using all available rosidl_typesupport_c: rosidl_typesupport_fastrtps_c;rosidl_typesupport_introspection_c
[0.506s] -- Found rosidl_adapter: 3.1.6 (/opt/ros/humble/share/rosidl_adapter/cmake)
[0.555s] -- Using all available rosidl_typesupport_cpp: rosidl_typesupport_fastrtps_cpp;rosidl_typesupport_introspection_cpp
[0.581s] -- Found action_msgs: 1.2.1 (/opt/ros/humble/share/action_msgs/cmake)
[1.598s] -- Found ament_cmake_ros: 0.10.0 (/opt/ros/humble/share/ament_cmake_ros/cmake)
[2.051s] -- Using all available rosidl_typesupport_c: rosidl_typesupport_fastrtps_c;rosidl_typesupport_introspection_c
[2.683s] -- Using all available rosidl_typesupport_cpp: rosidl_typesupport_fastrtps_cpp;rosidl_typesupport_introspection_cpp
[2.711s] -- Found PythonInterp: /usr/bin/python3 (found suitable version "3.10.12", minimum required is "3.6") 
[2.712s] -- Found python_cmake_module: 0.10.0 (/opt/ros/humble/share/python_cmake_module/cmake)
[2.784s] -- Found PythonLibs: /usr/lib/x86_64-linux-gnu/libpython3.10.so (found suitable version "3.10.12", minimum required is "3.5") 
[2.784s] -- Using PYTHON_EXECUTABLE: /usr/bin/python3
[2.784s] -- Using PYTHON_INCLUDE_DIRS: /usr/include/python3.10
[2.784s] -- Using PYTHON_LIBRARIES: /usr/lib/x86_64-linux-gnu/libpython3.10.so
[2.827s] -- Found PythonExtra: .so  
[2.932s] -- Configuring done
[2.996s] -- Generating done
[3.027s] -- Build files have been written to: /home/abdelrahman/Wall-Painting-Robot/build/ur_dashboard_msgs
[3.042s] Invoked command in '/home/abdelrahman/Wall-Painting-Robot/build/ur_dashboard_msgs' returned '0': CMAKE_PREFIX_PATH=${CMAKE_PREFIX_PATH}:/home/abdelrahman/Wall-Painting-Robot/install/rqt_joint_trajectory_controller:/home/abdelrahman/Wall-Painting-Robot/install/rqt_controller_manager:/home/abdelrahman/Wall-Painting-Robot/install/ros2controlcli:/home/abdelrahman/Wall-Painting-Robot/install/ros2_controllers_test_nodes:/opt/ros/humble /usr/bin/cmake /home/abdelrahman/Wall-Painting-Robot/src/ros_ur_driver/src/Universal_Robots_ROS2_Driver/ur_dashboard_msgs -DAMENT_CMAKE_SYMLINK_INSTALL=1 -DCMAKE_INSTALL_PREFIX=/home/abdelrahman/Wall-Painting-Robot/install/ur_dashboard_msgs
[3.043s] Invoking command in '/home/abdelrahman/Wall-Painting-Robot/build/ur_dashboard_msgs': CMAKE_PREFIX_PATH=${CMAKE_PREFIX_PATH}:/home/abdelrahman/Wall-Painting-Robot/install/rqt_joint_trajectory_controller:/home/abdelrahman/Wall-Painting-Robot/install/rqt_controller_manager:/home/abdelrahman/Wall-Painting-Robot/install/ros2controlcli:/home/abdelrahman/Wall-Painting-Robot/install/ros2_controllers_test_nodes:/opt/ros/humble /usr/bin/cmake --build /home/abdelrahman/Wall-Painting-Robot/build/ur_dashboard_msgs -- -j22 -l22
[3.115s] [  1%] [34m[1mGenerating C code for ROS interfaces[0m
[3.137s] [  1%] [34m[1mGenerating C++ code for ROS interfaces[0m
[3.217s] [  1%] Built target ament_cmake_python_symlink_ur_dashboard_msgs
[3.538s] running egg_info
[3.539s] creating ur_dashboard_msgs.egg-info
[3.539s] writing ur_dashboard_msgs.egg-info/PKG-INFO
[3.539s] writing dependency_links to ur_dashboard_msgs.egg-info/dependency_links.txt
[3.539s] writing top-level names to ur_dashboard_msgs.egg-info/top_level.txt
[3.539s] writing manifest file 'ur_dashboard_msgs.egg-info/SOURCES.txt'
[3.542s] reading manifest file 'ur_dashboard_msgs.egg-info/SOURCES.txt'
[3.544s] writing manifest file 'ur_dashboard_msgs.egg-info/SOURCES.txt'
[3.584s] [  1%] Built target ament_cmake_python_build_ur_dashboard_msgs_egg
[5.252s] [  1%] Built target ur_dashboard_msgs__cpp
[5.253s] [  1%] [32mBuilding C object CMakeFiles/ur_dashboard_msgs__rosidl_generator_c.dir/rosidl_generator_c/ur_dashboard_msgs/msg/detail/program_state__functions.c.o[0m
[5.254s] [  2%] [32mBuilding C object CMakeFiles/ur_dashboard_msgs__rosidl_generator_c.dir/rosidl_generator_c/ur_dashboard_msgs/msg/detail/robot_mode__functions.c.o[0m
[5.258s] [  3%] [32mBuilding C object CMakeFiles/ur_dashboard_msgs__rosidl_generator_c.dir/rosidl_generator_c/ur_dashboard_msgs/srv/detail/add_to_log__functions.c.o[0m
[5.259s] [  4%] [32mBuilding C object CMakeFiles/ur_dashboard_msgs__rosidl_generator_c.dir/rosidl_generator_c/ur_dashboard_msgs/srv/detail/get_program_state__functions.c.o[0m
[5.259s] [  5%] [32mBuilding C object CMakeFiles/ur_dashboard_msgs__rosidl_generator_c.dir/rosidl_generator_c/ur_dashboard_msgs/srv/detail/get_robot_mode__functions.c.o[0m
[5.262s] [  6%] [32mBuilding C object CMakeFiles/ur_dashboard_msgs__rosidl_generator_c.dir/rosidl_generator_c/ur_dashboard_msgs/msg/detail/safety_mode__functions.c.o[0m
[5.273s] [  6%] [32mBuilding C object CMakeFiles/ur_dashboard_msgs__rosidl_generator_c.dir/rosidl_generator_c/ur_dashboard_msgs/srv/detail/get_loaded_program__functions.c.o[0m
[5.277s] [  7%] [32mBuilding C object CMakeFiles/ur_dashboard_msgs__rosidl_generator_c.dir/rosidl_generator_c/ur_dashboard_msgs/srv/detail/get_safety_mode__functions.c.o[0m
[5.292s] [  8%] [34m[1mGenerating C++ type support for eProsima Fast-RTPS[0m
[5.299s] [  9%] [34m[1mGenerating C++ type support dispatch for ROS interfaces[0m
[5.305s] [ 10%] [32mBuilding C object CMakeFiles/ur_dashboard_msgs__rosidl_generator_c.dir/rosidl_generator_c/ur_dashboard_msgs/srv/detail/is_program_saved__functions.c.o[0m
[5.307s] [ 10%] [34m[1mGenerating C++ introspection for ROS interfaces[0m
[5.327s] [ 10%] [32mBuilding C object CMakeFiles/ur_dashboard_msgs__rosidl_generator_c.dir/rosidl_generator_c/ur_dashboard_msgs/srv/detail/raw_request__functions.c.o[0m
[5.327s] [ 11%] [32mBuilding C object CMakeFiles/ur_dashboard_msgs__rosidl_generator_c.dir/rosidl_generator_c/ur_dashboard_msgs/srv/detail/popup__functions.c.o[0m
[5.327s] [ 12%] [32mBuilding C object CMakeFiles/ur_dashboard_msgs__rosidl_generator_c.dir/rosidl_generator_c/ur_dashboard_msgs/srv/detail/load__functions.c.o[0m
[5.337s] [ 12%] [32mBuilding C object CMakeFiles/ur_dashboard_msgs__rosidl_generator_c.dir/rosidl_generator_c/ur_dashboard_msgs/srv/detail/is_program_running__functions.c.o[0m
[5.367s] [ 13%] [32mBuilding C object CMakeFiles/ur_dashboard_msgs__rosidl_generator_c.dir/rosidl_generator_c/ur_dashboard_msgs/action/detail/set_mode__functions.c.o[0m
[5.497s] [ 14%] [32m[1mLinking C shared library libur_dashboard_msgs__rosidl_generator_c.so[0m
[5.571s] [ 14%] Built target ur_dashboard_msgs__rosidl_generator_c
[5.593s] [ 15%] [34m[1mGenerating C type support for eProsima Fast-RTPS[0m
[5.594s] [ 16%] [34m[1mGenerating C type support dispatch for ROS interfaces[0m
[5.597s] [ 17%] [34m[1mGenerating C introspection for ROS interfaces[0m
[6.894s] [ 18%] [32mBuilding CXX object CMakeFiles/ur_dashboard_msgs__rosidl_typesupport_cpp.dir/rosidl_typesupport_cpp/ur_dashboard_msgs/msg/program_state__type_support.cpp.o[0m
[6.931s] [ 19%] [32mBuilding CXX object CMakeFiles/ur_dashboard_msgs__rosidl_typesupport_cpp.dir/rosidl_typesupport_cpp/ur_dashboard_msgs/srv/get_loaded_program__type_support.cpp.o[0m
[6.953s] [ 20%] [32mBuilding CXX object CMakeFiles/ur_dashboard_msgs__rosidl_typesupport_cpp.dir/rosidl_typesupport_cpp/ur_dashboard_msgs/srv/add_to_log__type_support.cpp.o[0m
[6.953s] [ 21%] [32mBuilding CXX object CMakeFiles/ur_dashboard_msgs__rosidl_typesupport_cpp.dir/rosidl_typesupport_cpp/ur_dashboard_msgs/msg/robot_mode__type_support.cpp.o[0m
[6.971s] [ 20%] [32mBuilding CXX object CMakeFiles/ur_dashboard_msgs__rosidl_typesupport_cpp.dir/rosidl_typesupport_cpp/ur_dashboard_msgs/msg/safety_mode__type_support.cpp.o[0m
[6.979s] [ 22%] [32mBuilding CXX object CMakeFiles/ur_dashboard_msgs__rosidl_typesupport_cpp.dir/rosidl_typesupport_cpp/ur_dashboard_msgs/srv/get_safety_mode__type_support.cpp.o[0m
[6.987s] [ 22%] [32mBuilding CXX object CMakeFiles/ur_dashboard_msgs__rosidl_typesupport_cpp.dir/rosidl_typesupport_cpp/ur_dashboard_msgs/srv/get_program_state__type_support.cpp.o[0m
[7.027s] [ 23%] [32mBuilding CXX object CMakeFiles/ur_dashboard_msgs__rosidl_typesupport_cpp.dir/rosidl_typesupport_cpp/ur_dashboard_msgs/srv/is_program_running__type_support.cpp.o[0m
[7.031s] [ 24%] [32mBuilding CXX object CMakeFiles/ur_dashboard_msgs__rosidl_typesupport_cpp.dir/rosidl_typesupport_cpp/ur_dashboard_msgs/srv/load__type_support.cpp.o[0m
[7.035s] [ 25%] [32mBuilding CXX object CMakeFiles/ur_dashboard_msgs__rosidl_typesupport_cpp.dir/rosidl_typesupport_cpp/ur_dashboard_msgs/srv/get_robot_mode__type_support.cpp.o[0m
[7.042s] [ 26%] [32mBuilding CXX object CMakeFiles/ur_dashboard_msgs__rosidl_typesupport_introspection_cpp.dir/rosidl_typesupport_introspection_cpp/ur_dashboard_msgs/msg/detail/robot_mode__type_support.cpp.o[0m
[7.063s] [ 26%] [32mBuilding CXX object CMakeFiles/ur_dashboard_msgs__rosidl_typesupport_cpp.dir/rosidl_typesupport_cpp/ur_dashboard_msgs/action/set_mode__type_support.cpp.o[0m
[7.064s] [ 27%] [32mBuilding CXX object CMakeFiles/ur_dashboard_msgs__rosidl_typesupport_introspection_cpp.dir/rosidl_typesupport_introspection_cpp/ur_dashboard_msgs/msg/detail/safety_mode__type_support.cpp.o[0m
[7.074s] [ 28%] [32mBuilding CXX object CMakeFiles/ur_dashboard_msgs__rosidl_typesupport_cpp.dir/rosidl_typesupport_cpp/ur_dashboard_msgs/srv/raw_request__type_support.cpp.o[0m
[7.088s] [ 28%] [32mBuilding CXX object CMakeFiles/ur_dashboard_msgs__rosidl_typesupport_cpp.dir/rosidl_typesupport_cpp/ur_dashboard_msgs/srv/is_program_saved__type_support.cpp.o[0m
[7.105s] [ 29%] [32mBuilding CXX object CMakeFiles/ur_dashboard_msgs__rosidl_typesupport_introspection_cpp.dir/rosidl_typesupport_introspection_cpp/ur_dashboard_msgs/msg/detail/program_state__type_support.cpp.o[0m
[7.105s] [ 30%] [32mBuilding CXX object CMakeFiles/ur_dashboard_msgs__rosidl_typesupport_cpp.dir/rosidl_typesupport_cpp/ur_dashboard_msgs/srv/popup__type_support.cpp.o[0m
[7.136s] [ 30%] [32mBuilding CXX object CMakeFiles/ur_dashboard_msgs__rosidl_typesupport_introspection_cpp.dir/rosidl_typesupport_introspection_cpp/ur_dashboard_msgs/srv/detail/add_to_log__type_support.cpp.o[0m
[7.964s] [ 30%] [32mBuilding CXX object CMakeFiles/ur_dashboard_msgs__rosidl_typesupport_c.dir/rosidl_typesupport_c/ur_dashboard_msgs/msg/program_state__type_support.cpp.o[0m
[8.045s] [ 31%] [32mBuilding CXX object CMakeFiles/ur_dashboard_msgs__rosidl_typesupport_introspection_cpp.dir/rosidl_typesupport_introspection_cpp/ur_dashboard_msgs/srv/detail/get_loaded_program__type_support.cpp.o[0m
[8.116s] [ 32%] [32mBuilding CXX object CMakeFiles/ur_dashboard_msgs__rosidl_typesupport_c.dir/rosidl_typesupport_c/ur_dashboard_msgs/msg/robot_mode__type_support.cpp.o[0m
[8.147s] [ 33%] [32mBuilding CXX object CMakeFiles/ur_dashboard_msgs__rosidl_typesupport_introspection_cpp.dir/rosidl_typesupport_introspection_cpp/ur_dashboard_msgs/srv/detail/get_program_state__type_support.cpp.o[0m
[8.157s] [ 34%] [32mBuilding CXX object CMakeFiles/ur_dashboard_msgs__rosidl_typesupport_introspection_cpp.dir/rosidl_typesupport_introspection_cpp/ur_dashboard_msgs/srv/detail/get_robot_mode__type_support.cpp.o[0m
[8.288s] [ 34%] [32mBuilding CXX object CMakeFiles/ur_dashboard_msgs__rosidl_typesupport_introspection_cpp.dir/rosidl_typesupport_introspection_cpp/ur_dashboard_msgs/srv/detail/get_safety_mode__type_support.cpp.o[0m
[8.303s] [ 35%] [32mBuilding CXX object CMakeFiles/ur_dashboard_msgs__rosidl_typesupport_c.dir/rosidl_typesupport_c/ur_dashboard_msgs/msg/safety_mode__type_support.cpp.o[0m
[8.306s] [ 36%] [32mBuilding CXX object CMakeFiles/ur_dashboard_msgs__rosidl_typesupport_introspection_cpp.dir/rosidl_typesupport_introspection_cpp/ur_dashboard_msgs/srv/detail/is_program_running__type_support.cpp.o[0m
[8.385s] [ 37%] [32mBuilding CXX object CMakeFiles/ur_dashboard_msgs__rosidl_typesupport_c.dir/rosidl_typesupport_c/ur_dashboard_msgs/srv/add_to_log__type_support.cpp.o[0m
[8.510s] [ 37%] [32mBuilding CXX object CMakeFiles/ur_dashboard_msgs__rosidl_typesupport_c.dir/rosidl_typesupport_c/ur_dashboard_msgs/srv/get_loaded_program__type_support.cpp.o[0m
[8.628s] [ 38%] [32mBuilding CXX object CMakeFiles/ur_dashboard_msgs__rosidl_typesupport_introspection_cpp.dir/rosidl_typesupport_introspection_cpp/ur_dashboard_msgs/srv/detail/load__type_support.cpp.o[0m
[8.718s] [ 39%] [32mBuilding CXX object CMakeFiles/ur_dashboard_msgs__rosidl_typesupport_c.dir/rosidl_typesupport_c/ur_dashboard_msgs/srv/get_program_state__type_support.cpp.o[0m
[8.754s] [ 40%] [32mBuilding CXX object CMakeFiles/ur_dashboard_msgs__rosidl_typesupport_introspection_cpp.dir/rosidl_typesupport_introspection_cpp/ur_dashboard_msgs/srv/detail/is_program_saved__type_support.cpp.o[0m
[8.754s] [ 41%] [32mBuilding CXX object CMakeFiles/ur_dashboard_msgs__rosidl_typesupport_fastrtps_c.dir/rosidl_typesupport_fastrtps_c/ur_dashboard_msgs/msg/detail/program_state__type_support_c.cpp.o[0m
[8.763s] [ 42%] [32mBuilding CXX object CMakeFiles/ur_dashboard_msgs__rosidl_typesupport_c.dir/rosidl_typesupport_c/ur_dashboard_msgs/srv/get_robot_mode__type_support.cpp.o[0m
[8.767s] [ 42%] [32mBuilding CXX object CMakeFiles/ur_dashboard_msgs__rosidl_typesupport_fastrtps_c.dir/rosidl_typesupport_fastrtps_c/ur_dashboard_msgs/msg/detail/robot_mode__type_support_c.cpp.o[0m
[8.780s] [ 43%] [32mBuilding CXX object CMakeFiles/ur_dashboard_msgs__rosidl_typesupport_fastrtps_c.dir/rosidl_typesupport_fastrtps_c/ur_dashboard_msgs/msg/detail/safety_mode__type_support_c.cpp.o[0m
[8.824s] [ 43%] [32mBuilding CXX object CMakeFiles/ur_dashboard_msgs__rosidl_typesupport_introspection_cpp.dir/rosidl_typesupport_introspection_cpp/ur_dashboard_msgs/srv/detail/popup__type_support.cpp.o[0m
[8.958s] [ 44%] [32mBuilding CXX object CMakeFiles/ur_dashboard_msgs__rosidl_typesupport_fastrtps_c.dir/rosidl_typesupport_fastrtps_c/ur_dashboard_msgs/srv/detail/add_to_log__type_support_c.cpp.o[0m
[9.009s] [ 45%] [32mBuilding CXX object CMakeFiles/ur_dashboard_msgs__rosidl_typesupport_introspection_cpp.dir/rosidl_typesupport_introspection_cpp/ur_dashboard_msgs/srv/detail/raw_request__type_support.cpp.o[0m
[9.011s] [ 46%] [32mBuilding CXX object CMakeFiles/ur_dashboard_msgs__rosidl_typesupport_fastrtps_cpp.dir/rosidl_typesupport_fastrtps_cpp/ur_dashboard_msgs/msg/detail/dds_fastrtps/program_state__type_support.cpp.o[0m
[9.045s] [ 47%] [32mBuilding CXX object CMakeFiles/ur_dashboard_msgs__rosidl_typesupport_introspection_cpp.dir/rosidl_typesupport_introspection_cpp/ur_dashboard_msgs/action/detail/set_mode__type_support.cpp.o[0m
[9.064s] [ 48%] [32mBuilding CXX object CMakeFiles/ur_dashboard_msgs__rosidl_typesupport_c.dir/rosidl_typesupport_c/ur_dashboard_msgs/srv/get_safety_mode__type_support.cpp.o[0m
[9.088s] [ 49%] [32mBuilding CXX object CMakeFiles/ur_dashboard_msgs__rosidl_typesupport_fastrtps_c.dir/rosidl_typesupport_fastrtps_c/ur_dashboard_msgs/srv/detail/get_loaded_program__type_support_c.cpp.o[0m
[9.256s] [ 49%] [32mBuilding CXX object CMakeFiles/ur_dashboard_msgs__rosidl_typesupport_c.dir/rosidl_typesupport_c/ur_dashboard_msgs/srv/is_program_running__type_support.cpp.o[0m
[9.354s] [ 50%] [32mBuilding CXX object CMakeFiles/ur_dashboard_msgs__rosidl_typesupport_c.dir/rosidl_typesupport_c/ur_dashboard_msgs/srv/is_program_saved__type_support.cpp.o[0m
[9.442s] [ 51%] [32mBuilding C object CMakeFiles/ur_dashboard_msgs__rosidl_typesupport_introspection_c.dir/rosidl_typesupport_introspection_c/ur_dashboard_msgs/msg/detail/program_state__type_support.c.o[0m
[9.492s] [ 52%] [32mBuilding C object CMakeFiles/ur_dashboard_msgs__rosidl_typesupport_introspection_c.dir/rosidl_typesupport_introspection_c/ur_dashboard_msgs/msg/detail/robot_mode__type_support.c.o[0m
[9.496s] [ 53%] [32mBuilding CXX object CMakeFiles/ur_dashboard_msgs__rosidl_typesupport_c.dir/rosidl_typesupport_c/ur_dashboard_msgs/srv/load__type_support.cpp.o[0m
[9.499s] [ 53%] [32mBuilding CXX object CMakeFiles/ur_dashboard_msgs__rosidl_typesupport_fastrtps_c.dir/rosidl_typesupport_fastrtps_c/ur_dashboard_msgs/srv/detail/get_program_state__type_support_c.cpp.o[0m
[9.504s] [ 54%] [32mBuilding CXX object CMakeFiles/ur_dashboard_msgs__rosidl_typesupport_fastrtps_cpp.dir/rosidl_typesupport_fastrtps_cpp/ur_dashboard_msgs/msg/detail/dds_fastrtps/robot_mode__type_support.cpp.o[0m
[9.510s] [ 55%] [32mBuilding CXX object CMakeFiles/ur_dashboard_msgs__rosidl_typesupport_c.dir/rosidl_typesupport_c/ur_dashboard_msgs/srv/popup__type_support.cpp.o[0m
[9.696s] [ 55%] [32mBuilding C object CMakeFiles/ur_dashboard_msgs__rosidl_typesupport_introspection_c.dir/rosidl_typesupport_introspection_c/ur_dashboard_msgs/msg/detail/safety_mode__type_support.c.o[0m
[9.698s] [ 55%] [32mBuilding CXX object CMakeFiles/ur_dashboard_msgs__rosidl_typesupport_c.dir/rosidl_typesupport_c/ur_dashboard_msgs/srv/raw_request__type_support.cpp.o[0m
[9.701s] [ 55%] [32mBuilding CXX object CMakeFiles/ur_dashboard_msgs__rosidl_typesupport_fastrtps_cpp.dir/rosidl_typesupport_fastrtps_cpp/ur_dashboard_msgs/msg/detail/dds_fastrtps/safety_mode__type_support.cpp.o[0m
[9.710s] [ 56%] [32mBuilding CXX object CMakeFiles/ur_dashboard_msgs__rosidl_typesupport_fastrtps_c.dir/rosidl_typesupport_fastrtps_c/ur_dashboard_msgs/srv/detail/get_robot_mode__type_support_c.cpp.o[0m
[9.784s] [ 57%] [32mBuilding CXX object CMakeFiles/ur_dashboard_msgs__rosidl_typesupport_c.dir/rosidl_typesupport_c/ur_dashboard_msgs/action/set_mode__type_support.cpp.o[0m
[9.790s] [ 58%] [32mBuilding C object CMakeFiles/ur_dashboard_msgs__rosidl_typesupport_introspection_c.dir/rosidl_typesupport_introspection_c/ur_dashboard_msgs/srv/detail/add_to_log__type_support.c.o[0m
[9.823s] [ 59%] [32mBuilding C object CMakeFiles/ur_dashboard_msgs__rosidl_typesupport_introspection_c.dir/rosidl_typesupport_introspection_c/ur_dashboard_msgs/srv/detail/get_loaded_program__type_support.c.o[0m
[9.950s] [ 60%] [32mBuilding C object CMakeFiles/ur_dashboard_msgs__rosidl_typesupport_introspection_c.dir/rosidl_typesupport_introspection_c/ur_dashboard_msgs/srv/detail/get_program_state__type_support.c.o[0m
[10.056s] [ 61%] [32mBuilding CXX object CMakeFiles/ur_dashboard_msgs__rosidl_typesupport_fastrtps_c.dir/rosidl_typesupport_fastrtps_c/ur_dashboard_msgs/srv/detail/get_safety_mode__type_support_c.cpp.o[0m
[10.083s] [ 62%] [32mBuilding CXX object CMakeFiles/ur_dashboard_msgs__rosidl_typesupport_fastrtps_c.dir/rosidl_typesupport_fastrtps_c/ur_dashboard_msgs/srv/detail/is_program_running__type_support_c.cpp.o[0m
[10.095s] [ 62%] [32mBuilding C object CMakeFiles/ur_dashboard_msgs__rosidl_typesupport_introspection_c.dir/rosidl_typesupport_introspection_c/ur_dashboard_msgs/srv/detail/get_robot_mode__type_support.c.o[0m
[10.100s] [ 63%] [32m[1mLinking CXX shared library libur_dashboard_msgs__rosidl_typesupport_c.so[0m
[10.115s] [ 64%] [32mBuilding CXX object CMakeFiles/ur_dashboard_msgs__rosidl_typesupport_fastrtps_cpp.dir/rosidl_typesupport_fastrtps_cpp/ur_dashboard_msgs/srv/detail/dds_fastrtps/add_to_log__type_support.cpp.o[0m
[10.124s] [ 65%] [32mBuilding CXX object CMakeFiles/ur_dashboard_msgs__rosidl_typesupport_fastrtps_cpp.dir/rosidl_typesupport_fastrtps_cpp/ur_dashboard_msgs/srv/detail/dds_fastrtps/get_loaded_program__type_support.cpp.o[0m
[10.272s] [ 66%] [32mBuilding C object CMakeFiles/ur_dashboard_msgs__rosidl_typesupport_introspection_c.dir/rosidl_typesupport_introspection_c/ur_dashboard_msgs/srv/detail/get_safety_mode__type_support.c.o[0m
[10.281s] [ 67%] [32mBuilding CXX object CMakeFiles/ur_dashboard_msgs__rosidl_typesupport_fastrtps_cpp.dir/rosidl_typesupport_fastrtps_cpp/ur_dashboard_msgs/srv/detail/dds_fastrtps/get_program_state__type_support.cpp.o[0m
[10.287s] [ 67%] [32mBuilding CXX object CMakeFiles/ur_dashboard_msgs__rosidl_typesupport_fastrtps_c.dir/rosidl_typesupport_fastrtps_c/ur_dashboard_msgs/srv/detail/is_program_saved__type_support_c.cpp.o[0m
[10.344s] [ 68%] [32mBuilding CXX object CMakeFiles/ur_dashboard_msgs__rosidl_typesupport_fastrtps_c.dir/rosidl_typesupport_fastrtps_c/ur_dashboard_msgs/srv/detail/load__type_support_c.cpp.o[0m
[10.344s] [ 68%] Built target ur_dashboard_msgs__rosidl_typesupport_c
[10.376s] [ 69%] [32mBuilding C object CMakeFiles/ur_dashboard_msgs__rosidl_typesupport_introspection_c.dir/rosidl_typesupport_introspection_c/ur_dashboard_msgs/srv/detail/is_program_running__type_support.c.o[0m
[10.470s] [ 69%] [32mBuilding CXX object CMakeFiles/ur_dashboard_msgs__rosidl_typesupport_fastrtps_cpp.dir/rosidl_typesupport_fastrtps_cpp/ur_dashboard_msgs/srv/detail/dds_fastrtps/get_robot_mode__type_support.cpp.o[0m
[10.474s] [ 70%] [32mBuilding CXX object CMakeFiles/ur_dashboard_msgs__rosidl_typesupport_fastrtps_cpp.dir/rosidl_typesupport_fastrtps_cpp/ur_dashboard_msgs/srv/detail/dds_fastrtps/get_safety_mode__type_support.cpp.o[0m
[10.477s] [ 70%] [32mBuilding C object CMakeFiles/ur_dashboard_msgs__rosidl_typesupport_introspection_c.dir/rosidl_typesupport_introspection_c/ur_dashboard_msgs/srv/detail/is_program_saved__type_support.c.o[0m
[10.571s] [ 72%] [32mBuilding C object CMakeFiles/ur_dashboard_msgs__rosidl_typesupport_introspection_c.dir/rosidl_typesupport_introspection_c/ur_dashboard_msgs/srv/detail/load__type_support.c.o[0m
[10.577s] [ 72%] [32mBuilding CXX object CMakeFiles/ur_dashboard_msgs__rosidl_typesupport_fastrtps_cpp.dir/rosidl_typesupport_fastrtps_cpp/ur_dashboard_msgs/srv/detail/dds_fastrtps/is_program_running__type_support.cpp.o[0m
[10.713s] [ 73%] [32mBuilding CXX object CMakeFiles/ur_dashboard_msgs__rosidl_typesupport_fastrtps_c.dir/rosidl_typesupport_fastrtps_c/ur_dashboard_msgs/srv/detail/popup__type_support_c.cpp.o[0m
[10.723s] [ 74%] [32mBuilding C object CMakeFiles/ur_dashboard_msgs__rosidl_typesupport_introspection_c.dir/rosidl_typesupport_introspection_c/ur_dashboard_msgs/srv/detail/raw_request__type_support.c.o[0m
[10.728s] [ 75%] [32mBuilding CXX object CMakeFiles/ur_dashboard_msgs__rosidl_typesupport_fastrtps_cpp.dir/rosidl_typesupport_fastrtps_cpp/ur_dashboard_msgs/srv/detail/dds_fastrtps/is_program_saved__type_support.cpp.o[0m
[10.730s] [ 76%] [32mBuilding C object CMakeFiles/ur_dashboard_msgs__rosidl_typesupport_introspection_c.dir/rosidl_typesupport_introspection_c/ur_dashboard_msgs/srv/detail/popup__type_support.c.o[0m
[10.794s] [ 76%] [32mBuilding CXX object CMakeFiles/ur_dashboard_msgs__rosidl_typesupport_fastrtps_cpp.dir/rosidl_typesupport_fastrtps_cpp/ur_dashboard_msgs/srv/detail/dds_fastrtps/load__type_support.cpp.o[0m
[10.816s] [ 77%] [32mBuilding CXX object CMakeFiles/ur_dashboard_msgs__rosidl_typesupport_fastrtps_c.dir/rosidl_typesupport_fastrtps_c/ur_dashboard_msgs/srv/detail/raw_request__type_support_c.cpp.o[0m
[10.882s] [ 78%] [32mBuilding CXX object CMakeFiles/ur_dashboard_msgs__rosidl_typesupport_fastrtps_cpp.dir/rosidl_typesupport_fastrtps_cpp/ur_dashboard_msgs/srv/detail/dds_fastrtps/popup__type_support.cpp.o[0m
[10.898s] [ 78%] [32mBuilding C object CMakeFiles/ur_dashboard_msgs__rosidl_typesupport_introspection_c.dir/rosidl_typesupport_introspection_c/ur_dashboard_msgs/action/detail/set_mode__type_support.c.o[0m
[10.980s] [ 78%] [32mBuilding CXX object CMakeFiles/ur_dashboard_msgs__rosidl_typesupport_fastrtps_c.dir/rosidl_typesupport_fastrtps_c/ur_dashboard_msgs/action/detail/set_mode__type_support_c.cpp.o[0m
[11.058s] [ 79%] [32mBuilding CXX object CMakeFiles/ur_dashboard_msgs__rosidl_typesupport_fastrtps_cpp.dir/rosidl_typesupport_fastrtps_cpp/ur_dashboard_msgs/srv/detail/dds_fastrtps/raw_request__type_support.cpp.o[0m
[11.168s] [ 81%] [32mBuilding CXX object CMakeFiles/ur_dashboard_msgs__rosidl_typesupport_fastrtps_cpp.dir/rosidl_typesupport_fastrtps_cpp/ur_dashboard_msgs/action/detail/dds_fastrtps/set_mode__type_support.cpp.o[0m
[11.169s] [ 81%] [32m[1mLinking C shared library libur_dashboard_msgs__rosidl_typesupport_introspection_c.so[0m
[11.352s] [ 81%] Built target ur_dashboard_msgs__rosidl_typesupport_introspection_c
[11.597s] [ 82%] [32m[1mLinking CXX shared library libur_dashboard_msgs__rosidl_typesupport_cpp.so[0m
[11.779s] [ 82%] Built target ur_dashboard_msgs__rosidl_typesupport_cpp
[12.231s] [ 83%] [32m[1mLinking CXX shared library libur_dashboard_msgs__rosidl_typesupport_introspection_cpp.so[0m
[12.561s] [ 83%] Built target ur_dashboard_msgs__rosidl_typesupport_introspection_cpp
[12.691s] [ 84%] [32m[1mLinking CXX shared library libur_dashboard_msgs__rosidl_typesupport_fastrtps_c.so[0m
[12.840s] [ 84%] Built target ur_dashboard_msgs__rosidl_typesupport_fastrtps_c
[13.177s] [ 84%] [32m[1mLinking CXX shared library libur_dashboard_msgs__rosidl_typesupport_fastrtps_cpp.so[0m
[13.498s] [ 84%] Built target ur_dashboard_msgs__rosidl_typesupport_fastrtps_cpp
[13.562s] [ 84%] Built target ur_dashboard_msgs
[13.633s] [ 85%] [34m[1mGenerating Python code for ROS interfaces[0m
[19.056s] [ 85%] Built target ur_dashboard_msgs__py
[19.123s] [ 86%] [32mBuilding C object CMakeFiles/ur_dashboard_msgs__rosidl_generator_py.dir/rosidl_generator_py/ur_dashboard_msgs/msg/_program_state_s.c.o[0m
[19.135s] [ 86%] [32mBuilding C object CMakeFiles/ur_dashboard_msgs__rosidl_generator_py.dir/rosidl_generator_py/ur_dashboard_msgs/msg/_robot_mode_s.c.o[0m
[19.136s] [ 87%] [32mBuilding C object CMakeFiles/ur_dashboard_msgs__rosidl_generator_py.dir/rosidl_generator_py/ur_dashboard_msgs/msg/_safety_mode_s.c.o[0m
[19.136s] [ 88%] [32mBuilding C object CMakeFiles/ur_dashboard_msgs__rosidl_generator_py.dir/rosidl_generator_py/ur_dashboard_msgs/srv/_add_to_log_s.c.o[0m
[19.138s] [ 89%] [32mBuilding C object CMakeFiles/ur_dashboard_msgs__rosidl_generator_py.dir/rosidl_generator_py/ur_dashboard_msgs/srv/_get_loaded_program_s.c.o[0m
[19.139s] [ 90%] [32mBuilding C object CMakeFiles/ur_dashboard_msgs__rosidl_generator_py.dir/rosidl_generator_py/ur_dashboard_msgs/srv/_get_robot_mode_s.c.o[0m
[19.152s] [ 91%] [32mBuilding C object CMakeFiles/ur_dashboard_msgs__rosidl_generator_py.dir/rosidl_generator_py/ur_dashboard_msgs/srv/_is_program_running_s.c.o[0m
[19.156s] [ 92%] [32mBuilding C object CMakeFiles/ur_dashboard_msgs__rosidl_generator_py.dir/rosidl_generator_py/ur_dashboard_msgs/srv/_get_safety_mode_s.c.o[0m
[19.160s] [ 92%] [32mBuilding C object CMakeFiles/ur_dashboard_msgs__rosidl_generator_py.dir/rosidl_generator_py/ur_dashboard_msgs/srv/_is_program_saved_s.c.o[0m
[19.165s] [ 92%] [32mBuilding C object CMakeFiles/ur_dashboard_msgs__rosidl_generator_py.dir/rosidl_generator_py/ur_dashboard_msgs/srv/_get_program_state_s.c.o[0m
[19.187s] [ 93%] [32mBuilding C object CMakeFiles/ur_dashboard_msgs__rosidl_generator_py.dir/rosidl_generator_py/ur_dashboard_msgs/srv/_load_s.c.o[0m
[19.197s] [ 94%] [32mBuilding C object CMakeFiles/ur_dashboard_msgs__rosidl_generator_py.dir/rosidl_generator_py/ur_dashboard_msgs/srv/_popup_s.c.o[0m
[19.213s] [ 94%] [32mBuilding C object CMakeFiles/ur_dashboard_msgs__rosidl_generator_py.dir/rosidl_generator_py/ur_dashboard_msgs/srv/_raw_request_s.c.o[0m
[19.246s] [ 95%] [32mBuilding C object CMakeFiles/ur_dashboard_msgs__rosidl_generator_py.dir/rosidl_generator_py/ur_dashboard_msgs/action/_set_mode_s.c.o[0m
[19.760s] [ 96%] [32m[1mLinking C shared library rosidl_generator_py/ur_dashboard_msgs/libur_dashboard_msgs__rosidl_generator_py.so[0m
[19.868s] [ 96%] Built target ur_dashboard_msgs__rosidl_generator_py
[19.927s] [ 97%] [32mBuilding C object CMakeFiles/ur_dashboard_msgs__rosidl_typesupport_introspection_c__pyext.dir/rosidl_generator_py/ur_dashboard_msgs/_ur_dashboard_msgs_s.ep.rosidl_typesupport_introspection_c.c.o[0m
[19.940s] [ 98%] [32mBuilding C object CMakeFiles/ur_dashboard_msgs__rosidl_typesupport_c__pyext.dir/rosidl_generator_py/ur_dashboard_msgs/_ur_dashboard_msgs_s.ep.rosidl_typesupport_c.c.o[0m
[19.941s] [ 99%] [32mBuilding C object CMakeFiles/ur_dashboard_msgs__rosidl_typesupport_fastrtps_c__pyext.dir/rosidl_generator_py/ur_dashboard_msgs/_ur_dashboard_msgs_s.ep.rosidl_typesupport_fastrtps_c.c.o[0m
[20.200s] [ 99%] [32m[1mLinking C shared library rosidl_generator_py/ur_dashboard_msgs/ur_dashboard_msgs_s__rosidl_typesupport_fastrtps_c.cpython-310-x86_64-linux-gnu.so[0m
[20.280s] [ 99%] [32m[1mLinking C shared library rosidl_generator_py/ur_dashboard_msgs/ur_dashboard_msgs_s__rosidl_typesupport_c.cpython-310-x86_64-linux-gnu.so[0m
[20.342s] [100%] [32m[1mLinking C shared library rosidl_generator_py/ur_dashboard_msgs/ur_dashboard_msgs_s__rosidl_typesupport_introspection_c.cpython-310-x86_64-linux-gnu.so[0m
[20.356s] [100%] Built target ur_dashboard_msgs__rosidl_typesupport_fastrtps_c__pyext
[20.373s] [100%] Built target ur_dashboard_msgs__rosidl_typesupport_c__pyext
[20.447s] [100%] Built target ur_dashboard_msgs__rosidl_typesupport_introspection_c__pyext
[20.577s] Invoked command in '/home/abdelrahman/Wall-Painting-Robot/build/ur_dashboard_msgs' returned '0': CMAKE_PREFIX_PATH=${CMAKE_PREFIX_PATH}:/home/abdelrahman/Wall-Painting-Robot/install/rqt_joint_trajectory_controller:/home/abdelrahman/Wall-Painting-Robot/install/rqt_controller_manager:/home/abdelrahman/Wall-Painting-Robot/install/ros2controlcli:/home/abdelrahman/Wall-Painting-Robot/install/ros2_controllers_test_nodes:/opt/ros/humble /usr/bin/cmake --build /home/abdelrahman/Wall-Painting-Robot/build/ur_dashboard_msgs -- -j22 -l22
[20.577s] Invoking command in '/home/abdelrahman/Wall-Painting-Robot/build/ur_dashboard_msgs': CMAKE_PREFIX_PATH=${CMAKE_PREFIX_PATH}:/home/abdelrahman/Wall-Painting-Robot/install/rqt_joint_trajectory_controller:/home/abdelrahman/Wall-Painting-Robot/install/rqt_controller_manager:/home/abdelrahman/Wall-Painting-Robot/install/ros2controlcli:/home/abdelrahman/Wall-Painting-Robot/install/ros2_controllers_test_nodes:/opt/ros/humble /usr/bin/cmake --install /home/abdelrahman/Wall-Painting-Robot/build/ur_dashboard_msgs
[20.585s] -- Install configuration: ""
[20.585s] -- Execute custom install script
[20.586s] -- Symlinking: /home/abdelrahman/Wall-Painting-Robot/install/ur_dashboard_msgs/share/ament_index/resource_index/rosidl_interfaces/ur_dashboard_msgs
[20.635s] -- Symlinking: /home/abdelrahman/Wall-Painting-Robot/install/ur_dashboard_msgs/include/ur_dashboard_msgs/ur_dashboard_msgs/action/detail/set_mode__functions.h
[20.661s] -- Symlinking: /home/abdelrahman/Wall-Painting-Robot/install/ur_dashboard_msgs/include/ur_dashboard_msgs/ur_dashboard_msgs/action/detail/set_mode__struct.h
[20.719s] -- Symlinking: /home/abdelrahman/Wall-Painting-Robot/install/ur_dashboard_msgs/include/ur_dashboard_msgs/ur_dashboard_msgs/action/detail/set_mode__type_support.h
[20.746s] -- Symlinking: /home/abdelrahman/Wall-Painting-Robot/install/ur_dashboard_msgs/include/ur_dashboard_msgs/ur_dashboard_msgs/action/set_mode.h
[20.777s] -- Symlinking: /home/abdelrahman/Wall-Painting-Robot/install/ur_dashboard_msgs/include/ur_dashboard_msgs/ur_dashboard_msgs/msg/detail/program_state__functions.h
[20.802s] -- Symlinking: /home/abdelrahman/Wall-Painting-Robot/install/ur_dashboard_msgs/include/ur_dashboard_msgs/ur_dashboard_msgs/msg/detail/program_state__struct.h
[20.834s] -- Symlinking: /home/abdelrahman/Wall-Painting-Robot/install/ur_dashboard_msgs/include/ur_dashboard_msgs/ur_dashboard_msgs/msg/detail/program_state__type_support.h
[20.902s] -- Symlinking: /home/abdelrahman/Wall-Painting-Robot/install/ur_dashboard_msgs/include/ur_dashboard_msgs/ur_dashboard_msgs/msg/detail/robot_mode__functions.h
[20.931s] -- Symlinking: /home/abdelrahman/Wall-Painting-Robot/install/ur_dashboard_msgs/include/ur_dashboard_msgs/ur_dashboard_msgs/msg/detail/robot_mode__struct.h
[20.955s] -- Symlinking: /home/abdelrahman/Wall-Painting-Robot/install/ur_dashboard_msgs/include/ur_dashboard_msgs/ur_dashboard_msgs/msg/detail/robot_mode__type_support.h
[20.980s] -- Symlinking: /home/abdelrahman/Wall-Painting-Robot/install/ur_dashboard_msgs/include/ur_dashboard_msgs/ur_dashboard_msgs/msg/detail/safety_mode__functions.h
[21.011s] -- Symlinking: /home/abdelrahman/Wall-Painting-Robot/install/ur_dashboard_msgs/include/ur_dashboard_msgs/ur_dashboard_msgs/msg/detail/safety_mode__struct.h
[21.030s] -- Symlinking: /home/abdelrahman/Wall-Painting-Robot/install/ur_dashboard_msgs/include/ur_dashboard_msgs/ur_dashboard_msgs/msg/detail/safety_mode__type_support.h
[21.048s] -- Symlinking: /home/abdelrahman/Wall-Painting-Robot/install/ur_dashboard_msgs/include/ur_dashboard_msgs/ur_dashboard_msgs/msg/program_state.h
[21.067s] -- Symlinking: /home/abdelrahman/Wall-Painting-Robot/install/ur_dashboard_msgs/include/ur_dashboard_msgs/ur_dashboard_msgs/msg/robot_mode.h
[21.096s] -- Symlinking: /home/abdelrahman/Wall-Painting-Robot/install/ur_dashboard_msgs/include/ur_dashboard_msgs/ur_dashboard_msgs/msg/rosidl_generator_c__visibility_control.h
[21.116s] -- Symlinking: /home/abdelrahman/Wall-Painting-Robot/install/ur_dashboard_msgs/include/ur_dashboard_msgs/ur_dashboard_msgs/msg/safety_mode.h
[21.138s] -- Symlinking: /home/abdelrahman/Wall-Painting-Robot/install/ur_dashboard_msgs/include/ur_dashboard_msgs/ur_dashboard_msgs/srv/add_to_log.h
[21.156s] -- Symlinking: /home/abdelrahman/Wall-Painting-Robot/install/ur_dashboard_msgs/include/ur_dashboard_msgs/ur_dashboard_msgs/srv/detail/add_to_log__functions.h
[21.166s] -- Symlinking: /home/abdelrahman/Wall-Painting-Robot/install/ur_dashboard_msgs/include/ur_dashboard_msgs/ur_dashboard_msgs/srv/detail/add_to_log__struct.h
[21.178s] -- Symlinking: /home/abdelrahman/Wall-Painting-Robot/install/ur_dashboard_msgs/include/ur_dashboard_msgs/ur_dashboard_msgs/srv/detail/add_to_log__type_support.h
[21.189s] -- Symlinking: /home/abdelrahman/Wall-Painting-Robot/install/ur_dashboard_msgs/include/ur_dashboard_msgs/ur_dashboard_msgs/srv/detail/get_loaded_program__functions.h
[21.198s] -- Symlinking: /home/abdelrahman/Wall-Painting-Robot/install/ur_dashboard_msgs/include/ur_dashboard_msgs/ur_dashboard_msgs/srv/detail/get_loaded_program__struct.h
[21.208s] -- Symlinking: /home/abdelrahman/Wall-Painting-Robot/install/ur_dashboard_msgs/include/ur_dashboard_msgs/ur_dashboard_msgs/srv/detail/get_loaded_program__type_support.h
[21.218s] -- Symlinking: /home/abdelrahman/Wall-Painting-Robot/install/ur_dashboard_msgs/include/ur_dashboard_msgs/ur_dashboard_msgs/srv/detail/get_program_state__functions.h
[21.230s] -- Symlinking: /home/abdelrahman/Wall-Painting-Robot/install/ur_dashboard_msgs/include/ur_dashboard_msgs/ur_dashboard_msgs/srv/detail/get_program_state__struct.h
[21.238s] -- Symlinking: /home/abdelrahman/Wall-Painting-Robot/install/ur_dashboard_msgs/include/ur_dashboard_msgs/ur_dashboard_msgs/srv/detail/get_program_state__type_support.h
[21.248s] -- Symlinking: /home/abdelrahman/Wall-Painting-Robot/install/ur_dashboard_msgs/include/ur_dashboard_msgs/ur_dashboard_msgs/srv/detail/get_robot_mode__functions.h
[21.260s] -- Symlinking: /home/abdelrahman/Wall-Painting-Robot/install/ur_dashboard_msgs/include/ur_dashboard_msgs/ur_dashboard_msgs/srv/detail/get_robot_mode__struct.h
[21.268s] -- Symlinking: /home/abdelrahman/Wall-Painting-Robot/install/ur_dashboard_msgs/include/ur_dashboard_msgs/ur_dashboard_msgs/srv/detail/get_robot_mode__type_support.h
[21.278s] -- Symlinking: /home/abdelrahman/Wall-Painting-Robot/install/ur_dashboard_msgs/include/ur_dashboard_msgs/ur_dashboard_msgs/srv/detail/get_safety_mode__functions.h
[21.285s] -- Symlinking: /home/abdelrahman/Wall-Painting-Robot/install/ur_dashboard_msgs/include/ur_dashboard_msgs/ur_dashboard_msgs/srv/detail/get_safety_mode__struct.h
[21.296s] -- Symlinking: /home/abdelrahman/Wall-Painting-Robot/install/ur_dashboard_msgs/include/ur_dashboard_msgs/ur_dashboard_msgs/srv/detail/get_safety_mode__type_support.h
[21.306s] -- Symlinking: /home/abdelrahman/Wall-Painting-Robot/install/ur_dashboard_msgs/include/ur_dashboard_msgs/ur_dashboard_msgs/srv/detail/is_program_running__functions.h
[21.370s] -- Symlinking: /home/abdelrahman/Wall-Painting-Robot/install/ur_dashboard_msgs/include/ur_dashboard_msgs/ur_dashboard_msgs/srv/detail/is_program_running__struct.h
[21.383s] -- Symlinking: /home/abdelrahman/Wall-Painting-Robot/install/ur_dashboard_msgs/include/ur_dashboard_msgs/ur_dashboard_msgs/srv/detail/is_program_running__type_support.h
[21.405s] -- Symlinking: /home/abdelrahman/Wall-Painting-Robot/install/ur_dashboard_msgs/include/ur_dashboard_msgs/ur_dashboard_msgs/srv/detail/is_program_saved__functions.h
[21.422s] -- Symlinking: /home/abdelrahman/Wall-Painting-Robot/install/ur_dashboard_msgs/include/ur_dashboard_msgs/ur_dashboard_msgs/srv/detail/is_program_saved__struct.h
[21.439s] -- Symlinking: /home/abdelrahman/Wall-Painting-Robot/install/ur_dashboard_msgs/include/ur_dashboard_msgs/ur_dashboard_msgs/srv/detail/is_program_saved__type_support.h
[21.453s] -- Symlinking: /home/abdelrahman/Wall-Painting-Robot/install/ur_dashboard_msgs/include/ur_dashboard_msgs/ur_dashboard_msgs/srv/detail/load__functions.h
[21.468s] -- Symlinking: /home/abdelrahman/Wall-Painting-Robot/install/ur_dashboard_msgs/include/ur_dashboard_msgs/ur_dashboard_msgs/srv/detail/load__struct.h
[21.490s] -- Symlinking: /home/abdelrahman/Wall-Painting-Robot/install/ur_dashboard_msgs/include/ur_dashboard_msgs/ur_dashboard_msgs/srv/detail/load__type_support.h
[21.507s] -- Symlinking: /home/abdelrahman/Wall-Painting-Robot/install/ur_dashboard_msgs/include/ur_dashboard_msgs/ur_dashboard_msgs/srv/detail/popup__functions.h
[21.526s] -- Symlinking: /home/abdelrahman/Wall-Painting-Robot/install/ur_dashboard_msgs/include/ur_dashboard_msgs/ur_dashboard_msgs/srv/detail/popup__struct.h
[21.536s] -- Symlinking: /home/abdelrahman/Wall-Painting-Robot/install/ur_dashboard_msgs/include/ur_dashboard_msgs/ur_dashboard_msgs/srv/detail/popup__type_support.h
[21.549s] -- Symlinking: /home/abdelrahman/Wall-Painting-Robot/install/ur_dashboard_msgs/include/ur_dashboard_msgs/ur_dashboard_msgs/srv/detail/raw_request__functions.h
[21.559s] -- Symlinking: /home/abdelrahman/Wall-Painting-Robot/install/ur_dashboard_msgs/include/ur_dashboard_msgs/ur_dashboard_msgs/srv/detail/raw_request__struct.h
[21.570s] -- Symlinking: /home/abdelrahman/Wall-Painting-Robot/install/ur_dashboard_msgs/include/ur_dashboard_msgs/ur_dashboard_msgs/srv/detail/raw_request__type_support.h
[21.580s] -- Symlinking: /home/abdelrahman/Wall-Painting-Robot/install/ur_dashboard_msgs/include/ur_dashboard_msgs/ur_dashboard_msgs/srv/get_loaded_program.h
[21.589s] -- Symlinking: /home/abdelrahman/Wall-Painting-Robot/install/ur_dashboard_msgs/include/ur_dashboard_msgs/ur_dashboard_msgs/srv/get_program_state.h
[21.601s] -- Symlinking: /home/abdelrahman/Wall-Painting-Robot/install/ur_dashboard_msgs/include/ur_dashboard_msgs/ur_dashboard_msgs/srv/get_robot_mode.h
[21.614s] -- Symlinking: /home/abdelrahman/Wall-Painting-Robot/install/ur_dashboard_msgs/include/ur_dashboard_msgs/ur_dashboard_msgs/srv/get_safety_mode.h
[21.627s] -- Symlinking: /home/abdelrahman/Wall-Painting-Robot/install/ur_dashboard_msgs/include/ur_dashboard_msgs/ur_dashboard_msgs/srv/is_program_running.h
[21.637s] -- Symlinking: /home/abdelrahman/Wall-Painting-Robot/install/ur_dashboard_msgs/include/ur_dashboard_msgs/ur_dashboard_msgs/srv/is_program_saved.h
[21.647s] -- Symlinking: /home/abdelrahman/Wall-Painting-Robot/install/ur_dashboard_msgs/include/ur_dashboard_msgs/ur_dashboard_msgs/srv/load.h
[21.659s] -- Symlinking: /home/abdelrahman/Wall-Painting-Robot/install/ur_dashboard_msgs/include/ur_dashboard_msgs/ur_dashboard_msgs/srv/popup.h
[21.674s] -- Symlinking: /home/abdelrahman/Wall-Painting-Robot/install/ur_dashboard_msgs/include/ur_dashboard_msgs/ur_dashboard_msgs/srv/raw_request.h
[21.688s] -- Symlinking: /home/abdelrahman/Wall-Painting-Robot/install/ur_dashboard_msgs/share/ur_dashboard_msgs/environment/library_path.sh
[21.702s] -- Symlinking: /home/abdelrahman/Wall-Painting-Robot/install/ur_dashboard_msgs/share/ur_dashboard_msgs/environment/library_path.dsv
[21.713s] -- Symlinking: /home/abdelrahman/Wall-Painting-Robot/install/ur_dashboard_msgs/include/ur_dashboard_msgs/ur_dashboard_msgs/action/detail/set_mode__rosidl_typesupport_fastrtps_c.h
[21.726s] -- Symlinking: /home/abdelrahman/Wall-Painting-Robot/install/ur_dashboard_msgs/include/ur_dashboard_msgs/ur_dashboard_msgs/msg/detail/program_state__rosidl_typesupport_fastrtps_c.h
[21.736s] -- Symlinking: /home/abdelrahman/Wall-Painting-Robot/install/ur_dashboard_msgs/include/ur_dashboard_msgs/ur_dashboard_msgs/msg/detail/robot_mode__rosidl_typesupport_fastrtps_c.h
[21.747s] -- Symlinking: /home/abdelrahman/Wall-Painting-Robot/install/ur_dashboard_msgs/include/ur_dashboard_msgs/ur_dashboard_msgs/msg/detail/safety_mode__rosidl_typesupport_fastrtps_c.h
[21.760s] -- Symlinking: /home/abdelrahman/Wall-Painting-Robot/install/ur_dashboard_msgs/include/ur_dashboard_msgs/ur_dashboard_msgs/msg/rosidl_typesupport_fastrtps_c__visibility_control.h
[21.769s] -- Symlinking: /home/abdelrahman/Wall-Painting-Robot/install/ur_dashboard_msgs/include/ur_dashboard_msgs/ur_dashboard_msgs/srv/detail/add_to_log__rosidl_typesupport_fastrtps_c.h
[21.781s] -- Symlinking: /home/abdelrahman/Wall-Painting-Robot/install/ur_dashboard_msgs/include/ur_dashboard_msgs/ur_dashboard_msgs/srv/detail/get_loaded_program__rosidl_typesupport_fastrtps_c.h
[21.793s] -- Symlinking: /home/abdelrahman/Wall-Painting-Robot/install/ur_dashboard_msgs/include/ur_dashboard_msgs/ur_dashboard_msgs/srv/detail/get_program_state__rosidl_typesupport_fastrtps_c.h
[21.802s] -- Symlinking: /home/abdelrahman/Wall-Painting-Robot/install/ur_dashboard_msgs/include/ur_dashboard_msgs/ur_dashboard_msgs/srv/detail/get_robot_mode__rosidl_typesupport_fastrtps_c.h
[21.811s] -- Symlinking: /home/abdelrahman/Wall-Painting-Robot/install/ur_dashboard_msgs/include/ur_dashboard_msgs/ur_dashboard_msgs/srv/detail/get_safety_mode__rosidl_typesupport_fastrtps_c.h
[21.823s] -- Symlinking: /home/abdelrahman/Wall-Painting-Robot/install/ur_dashboard_msgs/include/ur_dashboard_msgs/ur_dashboard_msgs/srv/detail/is_program_running__rosidl_typesupport_fastrtps_c.h
[21.832s] -- Symlinking: /home/abdelrahman/Wall-Painting-Robot/install/ur_dashboard_msgs/include/ur_dashboard_msgs/ur_dashboard_msgs/srv/detail/is_program_saved__rosidl_typesupport_fastrtps_c.h
[21.847s] -- Symlinking: /home/abdelrahman/Wall-Painting-Robot/install/ur_dashboard_msgs/include/ur_dashboard_msgs/ur_dashboard_msgs/srv/detail/load__rosidl_typesupport_fastrtps_c.h
[21.859s] -- Symlinking: /home/abdelrahman/Wall-Painting-Robot/install/ur_dashboard_msgs/include/ur_dashboard_msgs/ur_dashboard_msgs/srv/detail/popup__rosidl_typesupport_fastrtps_c.h
[21.876s] -- Symlinking: /home/abdelrahman/Wall-Painting-Robot/install/ur_dashboard_msgs/include/ur_dashboard_msgs/ur_dashboard_msgs/srv/detail/raw_request__rosidl_typesupport_fastrtps_c.h
[21.889s] -- Symlinking: /home/abdelrahman/Wall-Painting-Robot/install/ur_dashboard_msgs/include/ur_dashboard_msgs/ur_dashboard_msgs/action/detail/set_mode__rosidl_typesupport_introspection_c.h
[21.902s] -- Symlinking: /home/abdelrahman/Wall-Painting-Robot/install/ur_dashboard_msgs/include/ur_dashboard_msgs/ur_dashboard_msgs/msg/detail/program_state__rosidl_typesupport_introspection_c.h
[21.914s] -- Symlinking: /home/abdelrahman/Wall-Painting-Robot/install/ur_dashboard_msgs/include/ur_dashboard_msgs/ur_dashboard_msgs/msg/detail/robot_mode__rosidl_typesupport_introspection_c.h
[21.931s] -- Symlinking: /home/abdelrahman/Wall-Painting-Robot/install/ur_dashboard_msgs/include/ur_dashboard_msgs/ur_dashboard_msgs/msg/detail/safety_mode__rosidl_typesupport_introspection_c.h
[21.945s] -- Symlinking: /home/abdelrahman/Wall-Painting-Robot/install/ur_dashboard_msgs/include/ur_dashboard_msgs/ur_dashboard_msgs/msg/rosidl_typesupport_introspection_c__visibility_control.h
[21.956s] -- Symlinking: /home/abdelrahman/Wall-Painting-Robot/install/ur_dashboard_msgs/include/ur_dashboard_msgs/ur_dashboard_msgs/srv/detail/add_to_log__rosidl_typesupport_introspection_c.h
[21.968s] -- Symlinking: /home/abdelrahman/Wall-Painting-Robot/install/ur_dashboard_msgs/include/ur_dashboard_msgs/ur_dashboard_msgs/srv/detail/get_loaded_program__rosidl_typesupport_introspection_c.h
[21.979s] -- Symlinking: /home/abdelrahman/Wall-Painting-Robot/install/ur_dashboard_msgs/include/ur_dashboard_msgs/ur_dashboard_msgs/srv/detail/get_program_state__rosidl_typesupport_introspection_c.h
[21.991s] -- Symlinking: /home/abdelrahman/Wall-Painting-Robot/install/ur_dashboard_msgs/include/ur_dashboard_msgs/ur_dashboard_msgs/srv/detail/get_robot_mode__rosidl_typesupport_introspection_c.h
[22.001s] -- Symlinking: /home/abdelrahman/Wall-Painting-Robot/install/ur_dashboard_msgs/include/ur_dashboard_msgs/ur_dashboard_msgs/srv/detail/get_safety_mode__rosidl_typesupport_introspection_c.h
[22.012s] -- Symlinking: /home/abdelrahman/Wall-Painting-Robot/install/ur_dashboard_msgs/include/ur_dashboard_msgs/ur_dashboard_msgs/srv/detail/is_program_running__rosidl_typesupport_introspection_c.h
[22.023s] -- Symlinking: /home/abdelrahman/Wall-Painting-Robot/install/ur_dashboard_msgs/include/ur_dashboard_msgs/ur_dashboard_msgs/srv/detail/is_program_saved__rosidl_typesupport_introspection_c.h
[22.034s] -- Symlinking: /home/abdelrahman/Wall-Painting-Robot/install/ur_dashboard_msgs/include/ur_dashboard_msgs/ur_dashboard_msgs/srv/detail/load__rosidl_typesupport_introspection_c.h
[22.045s] -- Symlinking: /home/abdelrahman/Wall-Painting-Robot/install/ur_dashboard_msgs/include/ur_dashboard_msgs/ur_dashboard_msgs/srv/detail/popup__rosidl_typesupport_introspection_c.h
[22.056s] -- Symlinking: /home/abdelrahman/Wall-Painting-Robot/install/ur_dashboard_msgs/include/ur_dashboard_msgs/ur_dashboard_msgs/srv/detail/raw_request__rosidl_typesupport_introspection_c.h
[22.068s] -- Symlinking: /home/abdelrahman/Wall-Painting-Robot/install/ur_dashboard_msgs/include/ur_dashboard_msgs/ur_dashboard_msgs/action/detail/set_mode__builder.hpp
[22.079s] -- Symlinking: /home/abdelrahman/Wall-Painting-Robot/install/ur_dashboard_msgs/include/ur_dashboard_msgs/ur_dashboard_msgs/action/detail/set_mode__struct.hpp
[22.095s] -- Symlinking: /home/abdelrahman/Wall-Painting-Robot/install/ur_dashboard_msgs/include/ur_dashboard_msgs/ur_dashboard_msgs/action/detail/set_mode__traits.hpp
[22.107s] -- Symlinking: /home/abdelrahman/Wall-Painting-Robot/install/ur_dashboard_msgs/include/ur_dashboard_msgs/ur_dashboard_msgs/action/detail/set_mode__type_support.hpp
[22.119s] -- Symlinking: /home/abdelrahman/Wall-Painting-Robot/install/ur_dashboard_msgs/include/ur_dashboard_msgs/ur_dashboard_msgs/action/set_mode.hpp
[22.133s] -- Symlinking: /home/abdelrahman/Wall-Painting-Robot/install/ur_dashboard_msgs/include/ur_dashboard_msgs/ur_dashboard_msgs/msg/detail/program_state__builder.hpp
[22.143s] -- Symlinking: /home/abdelrahman/Wall-Painting-Robot/install/ur_dashboard_msgs/include/ur_dashboard_msgs/ur_dashboard_msgs/msg/detail/program_state__struct.hpp
[22.156s] -- Symlinking: /home/abdelrahman/Wall-Painting-Robot/install/ur_dashboard_msgs/include/ur_dashboard_msgs/ur_dashboard_msgs/msg/detail/program_state__traits.hpp
[22.167s] -- Symlinking: /home/abdelrahman/Wall-Painting-Robot/install/ur_dashboard_msgs/include/ur_dashboard_msgs/ur_dashboard_msgs/msg/detail/program_state__type_support.hpp
[22.183s] -- Symlinking: /home/abdelrahman/Wall-Painting-Robot/install/ur_dashboard_msgs/include/ur_dashboard_msgs/ur_dashboard_msgs/msg/detail/robot_mode__builder.hpp
[22.196s] -- Symlinking: /home/abdelrahman/Wall-Painting-Robot/install/ur_dashboard_msgs/include/ur_dashboard_msgs/ur_dashboard_msgs/msg/detail/robot_mode__struct.hpp
[22.211s] -- Symlinking: /home/abdelrahman/Wall-Painting-Robot/install/ur_dashboard_msgs/include/ur_dashboard_msgs/ur_dashboard_msgs/msg/detail/robot_mode__traits.hpp
[22.228s] -- Symlinking: /home/abdelrahman/Wall-Painting-Robot/install/ur_dashboard_msgs/include/ur_dashboard_msgs/ur_dashboard_msgs/msg/detail/robot_mode__type_support.hpp
[22.242s] -- Symlinking: /home/abdelrahman/Wall-Painting-Robot/install/ur_dashboard_msgs/include/ur_dashboard_msgs/ur_dashboard_msgs/msg/detail/safety_mode__builder.hpp
[22.256s] -- Symlinking: /home/abdelrahman/Wall-Painting-Robot/install/ur_dashboard_msgs/include/ur_dashboard_msgs/ur_dashboard_msgs/msg/detail/safety_mode__struct.hpp
[22.267s] -- Symlinking: /home/abdelrahman/Wall-Painting-Robot/install/ur_dashboard_msgs/include/ur_dashboard_msgs/ur_dashboard_msgs/msg/detail/safety_mode__traits.hpp
[22.278s] -- Symlinking: /home/abdelrahman/Wall-Painting-Robot/install/ur_dashboard_msgs/include/ur_dashboard_msgs/ur_dashboard_msgs/msg/detail/safety_mode__type_support.hpp
[22.292s] -- Symlinking: /home/abdelrahman/Wall-Painting-Robot/install/ur_dashboard_msgs/include/ur_dashboard_msgs/ur_dashboard_msgs/msg/program_state.hpp
[22.308s] -- Symlinking: /home/abdelrahman/Wall-Painting-Robot/install/ur_dashboard_msgs/include/ur_dashboard_msgs/ur_dashboard_msgs/msg/robot_mode.hpp
[22.319s] -- Symlinking: /home/abdelrahman/Wall-Painting-Robot/install/ur_dashboard_msgs/include/ur_dashboard_msgs/ur_dashboard_msgs/msg/rosidl_generator_cpp__visibility_control.hpp
[22.332s] -- Symlinking: /home/abdelrahman/Wall-Painting-Robot/install/ur_dashboard_msgs/include/ur_dashboard_msgs/ur_dashboard_msgs/msg/safety_mode.hpp
[22.343s] -- Symlinking: /home/abdelrahman/Wall-Painting-Robot/install/ur_dashboard_msgs/include/ur_dashboard_msgs/ur_dashboard_msgs/srv/add_to_log.hpp
[22.354s] -- Symlinking: /home/abdelrahman/Wall-Painting-Robot/install/ur_dashboard_msgs/include/ur_dashboard_msgs/ur_dashboard_msgs/srv/detail/add_to_log__builder.hpp
[22.366s] -- Symlinking: /home/abdelrahman/Wall-Painting-Robot/install/ur_dashboard_msgs/include/ur_dashboard_msgs/ur_dashboard_msgs/srv/detail/add_to_log__struct.hpp
[22.377s] -- Symlinking: /home/abdelrahman/Wall-Painting-Robot/install/ur_dashboard_msgs/include/ur_dashboard_msgs/ur_dashboard_msgs/srv/detail/add_to_log__traits.hpp
[22.389s] -- Symlinking: /home/abdelrahman/Wall-Painting-Robot/install/ur_dashboard_msgs/include/ur_dashboard_msgs/ur_dashboard_msgs/srv/detail/add_to_log__type_support.hpp
[22.408s] -- Symlinking: /home/abdelrahman/Wall-Painting-Robot/install/ur_dashboard_msgs/include/ur_dashboard_msgs/ur_dashboard_msgs/srv/detail/get_loaded_program__builder.hpp
[22.424s] -- Symlinking: /home/abdelrahman/Wall-Painting-Robot/install/ur_dashboard_msgs/include/ur_dashboard_msgs/ur_dashboard_msgs/srv/detail/get_loaded_program__struct.hpp
[22.442s] -- Symlinking: /home/abdelrahman/Wall-Painting-Robot/install/ur_dashboard_msgs/include/ur_dashboard_msgs/ur_dashboard_msgs/srv/detail/get_loaded_program__traits.hpp
[22.452s] -- Symlinking: /home/abdelrahman/Wall-Painting-Robot/install/ur_dashboard_msgs/include/ur_dashboard_msgs/ur_dashboard_msgs/srv/detail/get_loaded_program__type_support.hpp
[22.465s] -- Symlinking: /home/abdelrahman/Wall-Painting-Robot/install/ur_dashboard_msgs/include/ur_dashboard_msgs/ur_dashboard_msgs/srv/detail/get_program_state__builder.hpp
[22.476s] -- Symlinking: /home/abdelrahman/Wall-Painting-Robot/install/ur_dashboard_msgs/include/ur_dashboard_msgs/ur_dashboard_msgs/srv/detail/get_program_state__struct.hpp
[22.492s] -- Symlinking: /home/abdelrahman/Wall-Painting-Robot/install/ur_dashboard_msgs/include/ur_dashboard_msgs/ur_dashboard_msgs/srv/detail/get_program_state__traits.hpp
[22.506s] -- Symlinking: /home/abdelrahman/Wall-Painting-Robot/install/ur_dashboard_msgs/include/ur_dashboard_msgs/ur_dashboard_msgs/srv/detail/get_program_state__type_support.hpp
[22.519s] -- Symlinking: /home/abdelrahman/Wall-Painting-Robot/install/ur_dashboard_msgs/include/ur_dashboard_msgs/ur_dashboard_msgs/srv/detail/get_robot_mode__builder.hpp
[22.531s] -- Symlinking: /home/abdelrahman/Wall-Painting-Robot/install/ur_dashboard_msgs/include/ur_dashboard_msgs/ur_dashboard_msgs/srv/detail/get_robot_mode__struct.hpp
[22.544s] -- Symlinking: /home/abdelrahman/Wall-Painting-Robot/install/ur_dashboard_msgs/include/ur_dashboard_msgs/ur_dashboard_msgs/srv/detail/get_robot_mode__traits.hpp
[22.556s] -- Symlinking: /home/abdelrahman/Wall-Painting-Robot/install/ur_dashboard_msgs/include/ur_dashboard_msgs/ur_dashboard_msgs/srv/detail/get_robot_mode__type_support.hpp
[22.567s] -- Symlinking: /home/abdelrahman/Wall-Painting-Robot/install/ur_dashboard_msgs/include/ur_dashboard_msgs/ur_dashboard_msgs/srv/detail/get_safety_mode__builder.hpp
[22.579s] -- Symlinking: /home/abdelrahman/Wall-Painting-Robot/install/ur_dashboard_msgs/include/ur_dashboard_msgs/ur_dashboard_msgs/srv/detail/get_safety_mode__struct.hpp
[22.600s] -- Symlinking: /home/abdelrahman/Wall-Painting-Robot/install/ur_dashboard_msgs/include/ur_dashboard_msgs/ur_dashboard_msgs/srv/detail/get_safety_mode__traits.hpp
[22.612s] -- Symlinking: /home/abdelrahman/Wall-Painting-Robot/install/ur_dashboard_msgs/include/ur_dashboard_msgs/ur_dashboard_msgs/srv/detail/get_safety_mode__type_support.hpp
[22.628s] -- Symlinking: /home/abdelrahman/Wall-Painting-Robot/install/ur_dashboard_msgs/include/ur_dashboard_msgs/ur_dashboard_msgs/srv/detail/is_program_running__builder.hpp
[22.642s] -- Symlinking: /home/abdelrahman/Wall-Painting-Robot/install/ur_dashboard_msgs/include/ur_dashboard_msgs/ur_dashboard_msgs/srv/detail/is_program_running__struct.hpp
[22.654s] -- Symlinking: /home/abdelrahman/Wall-Painting-Robot/install/ur_dashboard_msgs/include/ur_dashboard_msgs/ur_dashboard_msgs/srv/detail/is_program_running__traits.hpp
[22.668s] -- Symlinking: /home/abdelrahman/Wall-Painting-Robot/install/ur_dashboard_msgs/include/ur_dashboard_msgs/ur_dashboard_msgs/srv/detail/is_program_running__type_support.hpp
[22.679s] -- Symlinking: /home/abdelrahman/Wall-Painting-Robot/install/ur_dashboard_msgs/include/ur_dashboard_msgs/ur_dashboard_msgs/srv/detail/is_program_saved__builder.hpp
[22.691s] -- Symlinking: /home/abdelrahman/Wall-Painting-Robot/install/ur_dashboard_msgs/include/ur_dashboard_msgs/ur_dashboard_msgs/srv/detail/is_program_saved__struct.hpp
[22.702s] -- Symlinking: /home/abdelrahman/Wall-Painting-Robot/install/ur_dashboard_msgs/include/ur_dashboard_msgs/ur_dashboard_msgs/srv/detail/is_program_saved__traits.hpp
[22.714s] -- Symlinking: /home/abdelrahman/Wall-Painting-Robot/install/ur_dashboard_msgs/include/ur_dashboard_msgs/ur_dashboard_msgs/srv/detail/is_program_saved__type_support.hpp
[22.726s] -- Symlinking: /home/abdelrahman/Wall-Painting-Robot/install/ur_dashboard_msgs/include/ur_dashboard_msgs/ur_dashboard_msgs/srv/detail/load__builder.hpp
[22.736s] -- Symlinking: /home/abdelrahman/Wall-Painting-Robot/install/ur_dashboard_msgs/include/ur_dashboard_msgs/ur_dashboard_msgs/srv/detail/load__struct.hpp
[22.747s] -- Symlinking: /home/abdelrahman/Wall-Painting-Robot/install/ur_dashboard_msgs/include/ur_dashboard_msgs/ur_dashboard_msgs/srv/detail/load__traits.hpp
[22.766s] -- Symlinking: /home/abdelrahman/Wall-Painting-Robot/install/ur_dashboard_msgs/include/ur_dashboard_msgs/ur_dashboard_msgs/srv/detail/load__type_support.hpp
[22.777s] -- Symlinking: /home/abdelrahman/Wall-Painting-Robot/install/ur_dashboard_msgs/include/ur_dashboard_msgs/ur_dashboard_msgs/srv/detail/popup__builder.hpp
[22.789s] -- Symlinking: /home/abdelrahman/Wall-Painting-Robot/install/ur_dashboard_msgs/include/ur_dashboard_msgs/ur_dashboard_msgs/srv/detail/popup__struct.hpp
[22.804s] -- Symlinking: /home/abdelrahman/Wall-Painting-Robot/install/ur_dashboard_msgs/include/ur_dashboard_msgs/ur_dashboard_msgs/srv/detail/popup__traits.hpp
[22.816s] -- Symlinking: /home/abdelrahman/Wall-Painting-Robot/install/ur_dashboard_msgs/include/ur_dashboard_msgs/ur_dashboard_msgs/srv/detail/popup__type_support.hpp
[22.829s] -- Symlinking: /home/abdelrahman/Wall-Painting-Robot/install/ur_dashboard_msgs/include/ur_dashboard_msgs/ur_dashboard_msgs/srv/detail/raw_request__builder.hpp
[22.840s] -- Symlinking: /home/abdelrahman/Wall-Painting-Robot/install/ur_dashboard_msgs/include/ur_dashboard_msgs/ur_dashboard_msgs/srv/detail/raw_request__struct.hpp
[22.857s] -- Symlinking: /home/abdelrahman/Wall-Painting-Robot/install/ur_dashboard_msgs/include/ur_dashboard_msgs/ur_dashboard_msgs/srv/detail/raw_request__traits.hpp
[22.869s] -- Symlinking: /home/abdelrahman/Wall-Painting-Robot/install/ur_dashboard_msgs/include/ur_dashboard_msgs/ur_dashboard_msgs/srv/detail/raw_request__type_support.hpp
[22.891s] -- Symlinking: /home/abdelrahman/Wall-Painting-Robot/install/ur_dashboard_msgs/include/ur_dashboard_msgs/ur_dashboard_msgs/srv/get_loaded_program.hpp
[22.905s] -- Symlinking: /home/abdelrahman/Wall-Painting-Robot/install/ur_dashboard_msgs/include/ur_dashboard_msgs/ur_dashboard_msgs/srv/get_program_state.hpp
[22.916s] -- Symlinking: /home/abdelrahman/Wall-Painting-Robot/install/ur_dashboard_msgs/include/ur_dashboard_msgs/ur_dashboard_msgs/srv/get_robot_mode.hpp
[22.929s] -- Symlinking: /home/abdelrahman/Wall-Painting-Robot/install/ur_dashboard_msgs/include/ur_dashboard_msgs/ur_dashboard_msgs/srv/get_safety_mode.hpp
[22.941s] -- Symlinking: /home/abdelrahman/Wall-Painting-Robot/install/ur_dashboard_msgs/include/ur_dashboard_msgs/ur_dashboard_msgs/srv/is_program_running.hpp
[22.954s] -- Symlinking: /home/abdelrahman/Wall-Painting-Robot/install/ur_dashboard_msgs/include/ur_dashboard_msgs/ur_dashboard_msgs/srv/is_program_saved.hpp
[22.968s] -- Symlinking: /home/abdelrahman/Wall-Painting-Robot/install/ur_dashboard_msgs/include/ur_dashboard_msgs/ur_dashboard_msgs/srv/load.hpp
[22.991s] -- Symlinking: /home/abdelrahman/Wall-Painting-Robot/install/ur_dashboard_msgs/include/ur_dashboard_msgs/ur_dashboard_msgs/srv/popup.hpp
[23.014s] -- Symlinking: /home/abdelrahman/Wall-Painting-Robot/install/ur_dashboard_msgs/include/ur_dashboard_msgs/ur_dashboard_msgs/srv/raw_request.hpp
[23.028s] -- Symlinking: /home/abdelrahman/Wall-Painting-Robot/install/ur_dashboard_msgs/include/ur_dashboard_msgs/ur_dashboard_msgs/action/detail/set_mode__rosidl_typesupport_fastrtps_cpp.hpp
[23.040s] -- Symlinking: /home/abdelrahman/Wall-Painting-Robot/install/ur_dashboard_msgs/include/ur_dashboard_msgs/ur_dashboard_msgs/msg/detail/program_state__rosidl_typesupport_fastrtps_cpp.hpp
[23.053s] -- Symlinking: /home/abdelrahman/Wall-Painting-Robot/install/ur_dashboard_msgs/include/ur_dashboard_msgs/ur_dashboard_msgs/msg/detail/robot_mode__rosidl_typesupport_fastrtps_cpp.hpp
[23.076s] -- Symlinking: /home/abdelrahman/Wall-Painting-Robot/install/ur_dashboard_msgs/include/ur_dashboard_msgs/ur_dashboard_msgs/msg/detail/safety_mode__rosidl_typesupport_fastrtps_cpp.hpp
[23.094s] -- Symlinking: /home/abdelrahman/Wall-Painting-Robot/install/ur_dashboard_msgs/include/ur_dashboard_msgs/ur_dashboard_msgs/msg/rosidl_typesupport_fastrtps_cpp__visibility_control.h
[23.109s] -- Symlinking: /home/abdelrahman/Wall-Painting-Robot/install/ur_dashboard_msgs/include/ur_dashboard_msgs/ur_dashboard_msgs/srv/detail/add_to_log__rosidl_typesupport_fastrtps_cpp.hpp
[23.126s] -- Symlinking: /home/abdelrahman/Wall-Painting-Robot/install/ur_dashboard_msgs/include/ur_dashboard_msgs/ur_dashboard_msgs/srv/detail/get_loaded_program__rosidl_typesupport_fastrtps_cpp.hpp
[23.147s] -- Symlinking: /home/abdelrahman/Wall-Painting-Robot/install/ur_dashboard_msgs/include/ur_dashboard_msgs/ur_dashboard_msgs/srv/detail/get_program_state__rosidl_typesupport_fastrtps_cpp.hpp
[23.170s] -- Symlinking: /home/abdelrahman/Wall-Painting-Robot/install/ur_dashboard_msgs/include/ur_dashboard_msgs/ur_dashboard_msgs/srv/detail/get_robot_mode__rosidl_typesupport_fastrtps_cpp.hpp
[23.182s] -- Symlinking: /home/abdelrahman/Wall-Painting-Robot/install/ur_dashboard_msgs/include/ur_dashboard_msgs/ur_dashboard_msgs/srv/detail/get_safety_mode__rosidl_typesupport_fastrtps_cpp.hpp
[23.205s] -- Symlinking: /home/abdelrahman/Wall-Painting-Robot/install/ur_dashboard_msgs/include/ur_dashboard_msgs/ur_dashboard_msgs/srv/detail/is_program_running__rosidl_typesupport_fastrtps_cpp.hpp
[23.225s] -- Symlinking: /home/abdelrahman/Wall-Painting-Robot/install/ur_dashboard_msgs/include/ur_dashboard_msgs/ur_dashboard_msgs/srv/detail/is_program_saved__rosidl_typesupport_fastrtps_cpp.hpp
[23.245s] -- Symlinking: /home/abdelrahman/Wall-Painting-Robot/install/ur_dashboard_msgs/include/ur_dashboard_msgs/ur_dashboard_msgs/srv/detail/load__rosidl_typesupport_fastrtps_cpp.hpp
[23.257s] -- Symlinking: /home/abdelrahman/Wall-Painting-Robot/install/ur_dashboard_msgs/include/ur_dashboard_msgs/ur_dashboard_msgs/srv/detail/popup__rosidl_typesupport_fastrtps_cpp.hpp
[23.270s] -- Symlinking: /home/abdelrahman/Wall-Painting-Robot/install/ur_dashboard_msgs/include/ur_dashboard_msgs/ur_dashboard_msgs/srv/detail/raw_request__rosidl_typesupport_fastrtps_cpp.hpp
[23.290s] -- Symlinking: /home/abdelrahman/Wall-Painting-Robot/install/ur_dashboard_msgs/include/ur_dashboard_msgs/ur_dashboard_msgs/action/detail/set_mode__rosidl_typesupport_introspection_cpp.hpp
[23.304s] -- Symlinking: /home/abdelrahman/Wall-Painting-Robot/install/ur_dashboard_msgs/include/ur_dashboard_msgs/ur_dashboard_msgs/msg/detail/program_state__rosidl_typesupport_introspection_cpp.hpp
[23.316s] -- Symlinking: /home/abdelrahman/Wall-Painting-Robot/install/ur_dashboard_msgs/include/ur_dashboard_msgs/ur_dashboard_msgs/msg/detail/robot_mode__rosidl_typesupport_introspection_cpp.hpp
[23.328s] -- Symlinking: /home/abdelrahman/Wall-Painting-Robot/install/ur_dashboard_msgs/include/ur_dashboard_msgs/ur_dashboard_msgs/msg/detail/safety_mode__rosidl_typesupport_introspection_cpp.hpp
[23.342s] -- Symlinking: /home/abdelrahman/Wall-Painting-Robot/install/ur_dashboard_msgs/include/ur_dashboard_msgs/ur_dashboard_msgs/srv/detail/add_to_log__rosidl_typesupport_introspection_cpp.hpp
[23.354s] -- Symlinking: /home/abdelrahman/Wall-Painting-Robot/install/ur_dashboard_msgs/include/ur_dashboard_msgs/ur_dashboard_msgs/srv/detail/get_loaded_program__rosidl_typesupport_introspection_cpp.hpp
[23.371s] -- Symlinking: /home/abdelrahman/Wall-Painting-Robot/install/ur_dashboard_msgs/include/ur_dashboard_msgs/ur_dashboard_msgs/srv/detail/get_program_state__rosidl_typesupport_introspection_cpp.hpp
[23.383s] -- Symlinking: /home/abdelrahman/Wall-Painting-Robot/install/ur_dashboard_msgs/include/ur_dashboard_msgs/ur_dashboard_msgs/srv/detail/get_robot_mode__rosidl_typesupport_introspection_cpp.hpp
[23.395s] -- Symlinking: /home/abdelrahman/Wall-Painting-Robot/install/ur_dashboard_msgs/include/ur_dashboard_msgs/ur_dashboard_msgs/srv/detail/get_safety_mode__rosidl_typesupport_introspection_cpp.hpp
[23.407s] -- Symlinking: /home/abdelrahman/Wall-Painting-Robot/install/ur_dashboard_msgs/include/ur_dashboard_msgs/ur_dashboard_msgs/srv/detail/is_program_running__rosidl_typesupport_introspection_cpp.hpp
[23.421s] -- Symlinking: /home/abdelrahman/Wall-Painting-Robot/install/ur_dashboard_msgs/include/ur_dashboard_msgs/ur_dashboard_msgs/srv/detail/is_program_saved__rosidl_typesupport_introspection_cpp.hpp
[23.444s] -- Symlinking: /home/abdelrahman/Wall-Painting-Robot/install/ur_dashboard_msgs/include/ur_dashboard_msgs/ur_dashboard_msgs/srv/detail/load__rosidl_typesupport_introspection_cpp.hpp
[23.462s] -- Symlinking: /home/abdelrahman/Wall-Painting-Robot/install/ur_dashboard_msgs/include/ur_dashboard_msgs/ur_dashboard_msgs/srv/detail/popup__rosidl_typesupport_introspection_cpp.hpp
[23.486s] -- Symlinking: /home/abdelrahman/Wall-Painting-Robot/install/ur_dashboard_msgs/include/ur_dashboard_msgs/ur_dashboard_msgs/srv/detail/raw_request__rosidl_typesupport_introspection_cpp.hpp
[23.498s] -- Symlinking: /home/abdelrahman/Wall-Painting-Robot/install/ur_dashboard_msgs/share/ur_dashboard_msgs/environment/pythonpath.sh
[23.511s] -- Symlinking: /home/abdelrahman/Wall-Painting-Robot/install/ur_dashboard_msgs/share/ur_dashboard_msgs/environment/pythonpath.dsv
[23.529s] -- Symlinking: /home/abdelrahman/Wall-Painting-Robot/install/ur_dashboard_msgs/local/lib/python3.10/dist-packages/ur_dashboard_msgs-2.7.0-py3.10.egg-info/PKG-INFO
[23.542s] -- Symlinking: /home/abdelrahman/Wall-Painting-Robot/install/ur_dashboard_msgs/local/lib/python3.10/dist-packages/ur_dashboard_msgs-2.7.0-py3.10.egg-info/SOURCES.txt
[23.559s] -- Symlinking: /home/abdelrahman/Wall-Painting-Robot/install/ur_dashboard_msgs/local/lib/python3.10/dist-packages/ur_dashboard_msgs-2.7.0-py3.10.egg-info/dependency_links.txt
[23.581s] -- Symlinking: /home/abdelrahman/Wall-Painting-Robot/install/ur_dashboard_msgs/local/lib/python3.10/dist-packages/ur_dashboard_msgs-2.7.0-py3.10.egg-info/top_level.txt
[23.602s] -- Symlinking: /home/abdelrahman/Wall-Painting-Robot/install/ur_dashboard_msgs/local/lib/python3.10/dist-packages/ur_dashboard_msgs/__init__.py
[23.613s] -- Symlinking: /home/abdelrahman/Wall-Painting-Robot/install/ur_dashboard_msgs/local/lib/python3.10/dist-packages/ur_dashboard_msgs/_ur_dashboard_msgs_s.ep.rosidl_typesupport_c.c
[23.625s] -- Symlinking: /home/abdelrahman/Wall-Painting-Robot/install/ur_dashboard_msgs/local/lib/python3.10/dist-packages/ur_dashboard_msgs/_ur_dashboard_msgs_s.ep.rosidl_typesupport_fastrtps_c.c
[23.636s] -- Symlinking: /home/abdelrahman/Wall-Painting-Robot/install/ur_dashboard_msgs/local/lib/python3.10/dist-packages/ur_dashboard_msgs/_ur_dashboard_msgs_s.ep.rosidl_typesupport_introspection_c.c
[23.651s] -- Symlinking: /home/abdelrahman/Wall-Painting-Robot/install/ur_dashboard_msgs/local/lib/python3.10/dist-packages/ur_dashboard_msgs/action/__init__.py
[23.663s] -- Symlinking: /home/abdelrahman/Wall-Painting-Robot/install/ur_dashboard_msgs/local/lib/python3.10/dist-packages/ur_dashboard_msgs/action/_set_mode.py
[23.676s] -- Symlinking: /home/abdelrahman/Wall-Painting-Robot/install/ur_dashboard_msgs/local/lib/python3.10/dist-packages/ur_dashboard_msgs/action/_set_mode_s.c
[23.692s] -- Symlinking: /home/abdelrahman/Wall-Painting-Robot/install/ur_dashboard_msgs/local/lib/python3.10/dist-packages/ur_dashboard_msgs/libur_dashboard_msgs__rosidl_generator_py.so
[23.707s] -- Symlinking: /home/abdelrahman/Wall-Painting-Robot/install/ur_dashboard_msgs/local/lib/python3.10/dist-packages/ur_dashboard_msgs/msg/__init__.py
[23.722s] -- Symlinking: /home/abdelrahman/Wall-Painting-Robot/install/ur_dashboard_msgs/local/lib/python3.10/dist-packages/ur_dashboard_msgs/msg/_program_state.py
[23.738s] -- Symlinking: /home/abdelrahman/Wall-Painting-Robot/install/ur_dashboard_msgs/local/lib/python3.10/dist-packages/ur_dashboard_msgs/msg/_program_state_s.c
[23.757s] -- Symlinking: /home/abdelrahman/Wall-Painting-Robot/install/ur_dashboard_msgs/local/lib/python3.10/dist-packages/ur_dashboard_msgs/msg/_robot_mode.py
[23.771s] -- Symlinking: /home/abdelrahman/Wall-Painting-Robot/install/ur_dashboard_msgs/local/lib/python3.10/dist-packages/ur_dashboard_msgs/msg/_robot_mode_s.c
[23.793s] -- Symlinking: /home/abdelrahman/Wall-Painting-Robot/install/ur_dashboard_msgs/local/lib/python3.10/dist-packages/ur_dashboard_msgs/msg/_safety_mode.py
[23.807s] -- Symlinking: /home/abdelrahman/Wall-Painting-Robot/install/ur_dashboard_msgs/local/lib/python3.10/dist-packages/ur_dashboard_msgs/msg/_safety_mode_s.c
[23.822s] -- Symlinking: /home/abdelrahman/Wall-Painting-Robot/install/ur_dashboard_msgs/local/lib/python3.10/dist-packages/ur_dashboard_msgs/srv/__init__.py
[23.836s] -- Symlinking: /home/abdelrahman/Wall-Painting-Robot/install/ur_dashboard_msgs/local/lib/python3.10/dist-packages/ur_dashboard_msgs/srv/_add_to_log.py
[23.848s] -- Symlinking: /home/abdelrahman/Wall-Painting-Robot/install/ur_dashboard_msgs/local/lib/python3.10/dist-packages/ur_dashboard_msgs/srv/_add_to_log_s.c
[23.860s] -- Symlinking: /home/abdelrahman/Wall-Painting-Robot/install/ur_dashboard_msgs/local/lib/python3.10/dist-packages/ur_dashboard_msgs/srv/_get_loaded_program.py
[23.873s] -- Symlinking: /home/abdelrahman/Wall-Painting-Robot/install/ur_dashboard_msgs/local/lib/python3.10/dist-packages/ur_dashboard_msgs/srv/_get_loaded_program_s.c
[23.897s] -- Symlinking: /home/abdelrahman/Wall-Painting-Robot/install/ur_dashboard_msgs/local/lib/python3.10/dist-packages/ur_dashboard_msgs/srv/_get_program_state.py
[23.922s] -- Symlinking: /home/abdelrahman/Wall-Painting-Robot/install/ur_dashboard_msgs/local/lib/python3.10/dist-packages/ur_dashboard_msgs/srv/_get_program_state_s.c
[23.938s] -- Symlinking: /home/abdelrahman/Wall-Painting-Robot/install/ur_dashboard_msgs/local/lib/python3.10/dist-packages/ur_dashboard_msgs/srv/_get_robot_mode.py
[23.952s] -- Symlinking: /home/abdelrahman/Wall-Painting-Robot/install/ur_dashboard_msgs/local/lib/python3.10/dist-packages/ur_dashboard_msgs/srv/_get_robot_mode_s.c
[23.975s] -- Symlinking: /home/abdelrahman/Wall-Painting-Robot/install/ur_dashboard_msgs/local/lib/python3.10/dist-packages/ur_dashboard_msgs/srv/_get_safety_mode.py
[23.994s] -- Symlinking: /home/abdelrahman/Wall-Painting-Robot/install/ur_dashboard_msgs/local/lib/python3.10/dist-packages/ur_dashboard_msgs/srv/_get_safety_mode_s.c
[24.008s] -- Symlinking: /home/abdelrahman/Wall-Painting-Robot/install/ur_dashboard_msgs/local/lib/python3.10/dist-packages/ur_dashboard_msgs/srv/_is_program_running.py
[24.026s] -- Symlinking: /home/abdelrahman/Wall-Painting-Robot/install/ur_dashboard_msgs/local/lib/python3.10/dist-packages/ur_dashboard_msgs/srv/_is_program_running_s.c
[24.040s] -- Symlinking: /home/abdelrahman/Wall-Painting-Robot/install/ur_dashboard_msgs/local/lib/python3.10/dist-packages/ur_dashboard_msgs/srv/_is_program_saved.py
[24.054s] -- Symlinking: /home/abdelrahman/Wall-Painting-Robot/install/ur_dashboard_msgs/local/lib/python3.10/dist-packages/ur_dashboard_msgs/srv/_is_program_saved_s.c
[24.073s] -- Symlinking: /home/abdelrahman/Wall-Painting-Robot/install/ur_dashboard_msgs/local/lib/python3.10/dist-packages/ur_dashboard_msgs/srv/_load.py
[24.092s] -- Symlinking: /home/abdelrahman/Wall-Painting-Robot/install/ur_dashboard_msgs/local/lib/python3.10/dist-packages/ur_dashboard_msgs/srv/_load_s.c
[24.109s] -- Symlinking: /home/abdelrahman/Wall-Painting-Robot/install/ur_dashboard_msgs/local/lib/python3.10/dist-packages/ur_dashboard_msgs/srv/_popup.py
[24.129s] -- Symlinking: /home/abdelrahman/Wall-Painting-Robot/install/ur_dashboard_msgs/local/lib/python3.10/dist-packages/ur_dashboard_msgs/srv/_popup_s.c
[24.141s] -- Symlinking: /home/abdelrahman/Wall-Painting-Robot/install/ur_dashboard_msgs/local/lib/python3.10/dist-packages/ur_dashboard_msgs/srv/_raw_request.py
[24.156s] -- Symlinking: /home/abdelrahman/Wall-Painting-Robot/install/ur_dashboard_msgs/local/lib/python3.10/dist-packages/ur_dashboard_msgs/srv/_raw_request_s.c
[24.176s] -- Symlinking: /home/abdelrahman/Wall-Painting-Robot/install/ur_dashboard_msgs/local/lib/python3.10/dist-packages/ur_dashboard_msgs/ur_dashboard_msgs_s__rosidl_typesupport_c.cpython-310-x86_64-linux-gnu.so
[24.191s] -- Symlinking: /home/abdelrahman/Wall-Painting-Robot/install/ur_dashboard_msgs/local/lib/python3.10/dist-packages/ur_dashboard_msgs/ur_dashboard_msgs_s__rosidl_typesupport_fastrtps_c.cpython-310-x86_64-linux-gnu.so
[24.212s] -- Symlinking: /home/abdelrahman/Wall-Painting-Robot/install/ur_dashboard_msgs/local/lib/python3.10/dist-packages/ur_dashboard_msgs/ur_dashboard_msgs_s__rosidl_typesupport_introspection_c.cpython-310-x86_64-linux-gnu.so
[24.236s] -- Up-to-date symlink: /home/abdelrahman/Wall-Painting-Robot/install/ur_dashboard_msgs/local/lib/python3.10/dist-packages/ur_dashboard_msgs/ur_dashboard_msgs_s__rosidl_typesupport_fastrtps_c.cpython-310-x86_64-linux-gnu.so
[24.236s] -- Up-to-date symlink: /home/abdelrahman/Wall-Painting-Robot/install/ur_dashboard_msgs/local/lib/python3.10/dist-packages/ur_dashboard_msgs/ur_dashboard_msgs_s__rosidl_typesupport_introspection_c.cpython-310-x86_64-linux-gnu.so
[24.237s] -- Up-to-date symlink: /home/abdelrahman/Wall-Painting-Robot/install/ur_dashboard_msgs/local/lib/python3.10/dist-packages/ur_dashboard_msgs/ur_dashboard_msgs_s__rosidl_typesupport_c.cpython-310-x86_64-linux-gnu.so
[24.237s] -- Symlinking: /home/abdelrahman/Wall-Painting-Robot/install/ur_dashboard_msgs/share/ur_dashboard_msgs/msg/ProgramState.idl
[24.256s] -- Symlinking: /home/abdelrahman/Wall-Painting-Robot/install/ur_dashboard_msgs/share/ur_dashboard_msgs/msg/RobotMode.idl
[24.271s] -- Symlinking: /home/abdelrahman/Wall-Painting-Robot/install/ur_dashboard_msgs/share/ur_dashboard_msgs/msg/SafetyMode.idl
[24.288s] -- Symlinking: /home/abdelrahman/Wall-Painting-Robot/install/ur_dashboard_msgs/share/ur_dashboard_msgs/srv/AddToLog.idl
[24.305s] -- Symlinking: /home/abdelrahman/Wall-Painting-Robot/install/ur_dashboard_msgs/share/ur_dashboard_msgs/srv/GetLoadedProgram.idl
[24.319s] -- Symlinking: /home/abdelrahman/Wall-Painting-Robot/install/ur_dashboard_msgs/share/ur_dashboard_msgs/srv/GetProgramState.idl
[24.336s] -- Symlinking: /home/abdelrahman/Wall-Painting-Robot/install/ur_dashboard_msgs/share/ur_dashboard_msgs/srv/GetRobotMode.idl
[24.362s] -- Symlinking: /home/abdelrahman/Wall-Painting-Robot/install/ur_dashboard_msgs/share/ur_dashboard_msgs/srv/GetSafetyMode.idl
[24.376s] -- Symlinking: /home/abdelrahman/Wall-Painting-Robot/install/ur_dashboard_msgs/share/ur_dashboard_msgs/srv/IsProgramRunning.idl
[24.389s] -- Symlinking: /home/abdelrahman/Wall-Painting-Robot/install/ur_dashboard_msgs/share/ur_dashboard_msgs/srv/IsProgramSaved.idl
[24.406s] -- Symlinking: /home/abdelrahman/Wall-Painting-Robot/install/ur_dashboard_msgs/share/ur_dashboard_msgs/srv/Load.idl
[24.423s] -- Symlinking: /home/abdelrahman/Wall-Painting-Robot/install/ur_dashboard_msgs/share/ur_dashboard_msgs/srv/Popup.idl
[24.438s] -- Symlinking: /home/abdelrahman/Wall-Painting-Robot/install/ur_dashboard_msgs/share/ur_dashboard_msgs/srv/RawRequest.idl
[24.461s] -- Symlinking: /home/abdelrahman/Wall-Painting-Robot/install/ur_dashboard_msgs/share/ur_dashboard_msgs/action/SetMode.idl
[24.483s] -- Symlinking: /home/abdelrahman/Wall-Painting-Robot/install/ur_dashboard_msgs/share/ur_dashboard_msgs/msg/ProgramState.msg
[24.503s] -- Symlinking: /home/abdelrahman/Wall-Painting-Robot/install/ur_dashboard_msgs/share/ur_dashboard_msgs/msg/RobotMode.msg
[24.520s] -- Symlinking: /home/abdelrahman/Wall-Painting-Robot/install/ur_dashboard_msgs/share/ur_dashboard_msgs/msg/SafetyMode.msg
[24.532s] -- Symlinking: /home/abdelrahman/Wall-Painting-Robot/install/ur_dashboard_msgs/share/ur_dashboard_msgs/srv/AddToLog.srv
[24.545s] -- Symlinking: /home/abdelrahman/Wall-Painting-Robot/install/ur_dashboard_msgs/share/ur_dashboard_msgs/srv/AddToLog_Request.msg
[24.567s] -- Symlinking: /home/abdelrahman/Wall-Painting-Robot/install/ur_dashboard_msgs/share/ur_dashboard_msgs/srv/AddToLog_Response.msg
[24.583s] -- Symlinking: /home/abdelrahman/Wall-Painting-Robot/install/ur_dashboard_msgs/share/ur_dashboard_msgs/srv/GetLoadedProgram.srv
[24.605s] -- Symlinking: /home/abdelrahman/Wall-Painting-Robot/install/ur_dashboard_msgs/share/ur_dashboard_msgs/srv/GetLoadedProgram_Request.msg
[24.620s] -- Symlinking: /home/abdelrahman/Wall-Painting-Robot/install/ur_dashboard_msgs/share/ur_dashboard_msgs/srv/GetLoadedProgram_Response.msg
[24.644s] -- Symlinking: /home/abdelrahman/Wall-Painting-Robot/install/ur_dashboard_msgs/share/ur_dashboard_msgs/srv/GetProgramState.srv
[24.667s] -- Symlinking: /home/abdelrahman/Wall-Painting-Robot/install/ur_dashboard_msgs/share/ur_dashboard_msgs/srv/GetProgramState_Request.msg
[24.684s] -- Symlinking: /home/abdelrahman/Wall-Painting-Robot/install/ur_dashboard_msgs/share/ur_dashboard_msgs/srv/GetProgramState_Response.msg
[24.707s] -- Symlinking: /home/abdelrahman/Wall-Painting-Robot/install/ur_dashboard_msgs/share/ur_dashboard_msgs/srv/GetRobotMode.srv
[24.731s] -- Symlinking: /home/abdelrahman/Wall-Painting-Robot/install/ur_dashboard_msgs/share/ur_dashboard_msgs/srv/GetRobotMode_Request.msg
[24.755s] -- Symlinking: /home/abdelrahman/Wall-Painting-Robot/install/ur_dashboard_msgs/share/ur_dashboard_msgs/srv/GetRobotMode_Response.msg
[24.775s] -- Symlinking: /home/abdelrahman/Wall-Painting-Robot/install/ur_dashboard_msgs/share/ur_dashboard_msgs/srv/GetSafetyMode.srv
[24.800s] -- Symlinking: /home/abdelrahman/Wall-Painting-Robot/install/ur_dashboard_msgs/share/ur_dashboard_msgs/srv/GetSafetyMode_Request.msg
[24.818s] -- Symlinking: /home/abdelrahman/Wall-Painting-Robot/install/ur_dashboard_msgs/share/ur_dashboard_msgs/srv/GetSafetyMode_Response.msg
[24.840s] -- Symlinking: /home/abdelrahman/Wall-Painting-Robot/install/ur_dashboard_msgs/share/ur_dashboard_msgs/srv/IsProgramRunning.srv
[24.857s] -- Symlinking: /home/abdelrahman/Wall-Painting-Robot/install/ur_dashboard_msgs/share/ur_dashboard_msgs/srv/IsProgramRunning_Request.msg
[24.880s] -- Symlinking: /home/abdelrahman/Wall-Painting-Robot/install/ur_dashboard_msgs/share/ur_dashboard_msgs/srv/IsProgramRunning_Response.msg
[24.894s] -- Symlinking: /home/abdelrahman/Wall-Painting-Robot/install/ur_dashboard_msgs/share/ur_dashboard_msgs/srv/IsProgramSaved.srv
[24.918s] -- Symlinking: /home/abdelrahman/Wall-Painting-Robot/install/ur_dashboard_msgs/share/ur_dashboard_msgs/srv/IsProgramSaved_Request.msg
[24.938s] -- Symlinking: /home/abdelrahman/Wall-Painting-Robot/install/ur_dashboard_msgs/share/ur_dashboard_msgs/srv/IsProgramSaved_Response.msg
[24.949s] -- Symlinking: /home/abdelrahman/Wall-Painting-Robot/install/ur_dashboard_msgs/share/ur_dashboard_msgs/srv/Load.srv
[24.967s] -- Symlinking: /home/abdelrahman/Wall-Painting-Robot/install/ur_dashboard_msgs/share/ur_dashboard_msgs/srv/Load_Request.msg
[24.982s] -- Symlinking: /home/abdelrahman/Wall-Painting-Robot/install/ur_dashboard_msgs/share/ur_dashboard_msgs/srv/Load_Response.msg
[25.006s] -- Symlinking: /home/abdelrahman/Wall-Painting-Robot/install/ur_dashboard_msgs/share/ur_dashboard_msgs/srv/Popup.srv
[25.029s] -- Symlinking: /home/abdelrahman/Wall-Painting-Robot/install/ur_dashboard_msgs/share/ur_dashboard_msgs/srv/Popup_Request.msg
[25.052s] -- Symlinking: /home/abdelrahman/Wall-Painting-Robot/install/ur_dashboard_msgs/share/ur_dashboard_msgs/srv/Popup_Response.msg
[25.069s] -- Symlinking: /home/abdelrahman/Wall-Painting-Robot/install/ur_dashboard_msgs/share/ur_dashboard_msgs/srv/RawRequest.srv
[25.092s] -- Symlinking: /home/abdelrahman/Wall-Painting-Robot/install/ur_dashboard_msgs/share/ur_dashboard_msgs/srv/RawRequest_Request.msg
[25.105s] -- Symlinking: /home/abdelrahman/Wall-Painting-Robot/install/ur_dashboard_msgs/share/ur_dashboard_msgs/srv/RawRequest_Response.msg
[25.130s] -- Symlinking: /home/abdelrahman/Wall-Painting-Robot/install/ur_dashboard_msgs/share/ur_dashboard_msgs/action/SetMode.action
[25.154s] -- Symlinking: /home/abdelrahman/Wall-Painting-Robot/install/ur_dashboard_msgs/share/ament_index/resource_index/package_run_dependencies/ur_dashboard_msgs
[25.179s] -- Symlinking: /home/abdelrahman/Wall-Painting-Robot/install/ur_dashboard_msgs/share/ament_index/resource_index/parent_prefix_path/ur_dashboard_msgs
[25.201s] -- Symlinking: /home/abdelrahman/Wall-Painting-Robot/install/ur_dashboard_msgs/share/ur_dashboard_msgs/environment/ament_prefix_path.sh
[25.217s] -- Symlinking: /home/abdelrahman/Wall-Painting-Robot/install/ur_dashboard_msgs/share/ur_dashboard_msgs/environment/ament_prefix_path.dsv
[25.240s] -- Symlinking: /home/abdelrahman/Wall-Painting-Robot/install/ur_dashboard_msgs/share/ur_dashboard_msgs/environment/path.sh
[25.257s] -- Symlinking: /home/abdelrahman/Wall-Painting-Robot/install/ur_dashboard_msgs/share/ur_dashboard_msgs/environment/path.dsv
[25.280s] -- Symlinking: /home/abdelrahman/Wall-Painting-Robot/install/ur_dashboard_msgs/share/ur_dashboard_msgs/local_setup.bash
[25.293s] -- Symlinking: /home/abdelrahman/Wall-Painting-Robot/install/ur_dashboard_msgs/share/ur_dashboard_msgs/local_setup.sh
[25.308s] -- Symlinking: /home/abdelrahman/Wall-Painting-Robot/install/ur_dashboard_msgs/share/ur_dashboard_msgs/local_setup.zsh
[25.323s] -- Symlinking: /home/abdelrahman/Wall-Painting-Robot/install/ur_dashboard_msgs/share/ur_dashboard_msgs/local_setup.dsv
[25.338s] -- Symlinking: /home/abdelrahman/Wall-Painting-Robot/install/ur_dashboard_msgs/share/ur_dashboard_msgs/package.dsv
[25.350s] -- Symlinking: /home/abdelrahman/Wall-Painting-Robot/install/ur_dashboard_msgs/share/ament_index/resource_index/packages/ur_dashboard_msgs
[25.365s] -- Symlinking: /home/abdelrahman/Wall-Painting-Robot/install/ur_dashboard_msgs/share/ur_dashboard_msgs/cmake/rosidl_cmake-extras.cmake
[25.379s] -- Symlinking: /home/abdelrahman/Wall-Painting-Robot/install/ur_dashboard_msgs/share/ur_dashboard_msgs/cmake/ament_cmake_export_dependencies-extras.cmake
[25.401s] -- Symlinking: /home/abdelrahman/Wall-Painting-Robot/install/ur_dashboard_msgs/share/ur_dashboard_msgs/cmake/ament_cmake_export_include_directories-extras.cmake
[25.419s] -- Symlinking: /home/abdelrahman/Wall-Painting-Robot/install/ur_dashboard_msgs/share/ur_dashboard_msgs/cmake/ament_cmake_export_libraries-extras.cmake
[25.434s] -- Symlinking: /home/abdelrahman/Wall-Painting-Robot/install/ur_dashboard_msgs/share/ur_dashboard_msgs/cmake/ament_cmake_export_targets-extras.cmake
[25.450s] -- Symlinking: /home/abdelrahman/Wall-Painting-Robot/install/ur_dashboard_msgs/share/ur_dashboard_msgs/cmake/rosidl_cmake_export_typesupport_targets-extras.cmake
[25.468s] -- Symlinking: /home/abdelrahman/Wall-Painting-Robot/install/ur_dashboard_msgs/share/ur_dashboard_msgs/cmake/rosidl_cmake_export_typesupport_libraries-extras.cmake
[25.492s] -- Symlinking: /home/abdelrahman/Wall-Painting-Robot/install/ur_dashboard_msgs/share/ur_dashboard_msgs/cmake/ur_dashboard_msgsConfig.cmake
[25.516s] -- Symlinking: /home/abdelrahman/Wall-Painting-Robot/install/ur_dashboard_msgs/share/ur_dashboard_msgs/cmake/ur_dashboard_msgsConfig-version.cmake
[25.530s] -- Symlinking: /home/abdelrahman/Wall-Painting-Robot/install/ur_dashboard_msgs/share/ur_dashboard_msgs/package.xml
[25.555s] -- Installing: /home/abdelrahman/Wall-Painting-Robot/install/ur_dashboard_msgs/lib/libur_dashboard_msgs__rosidl_generator_c.so
[25.556s] -- Set runtime path of "/home/abdelrahman/Wall-Painting-Robot/install/ur_dashboard_msgs/lib/libur_dashboard_msgs__rosidl_generator_c.so" to ""
[25.556s] -- Installing: /home/abdelrahman/Wall-Painting-Robot/install/ur_dashboard_msgs/lib/libur_dashboard_msgs__rosidl_typesupport_fastrtps_c.so
[25.557s] -- Set runtime path of "/home/abdelrahman/Wall-Painting-Robot/install/ur_dashboard_msgs/lib/libur_dashboard_msgs__rosidl_typesupport_fastrtps_c.so" to ""
[25.557s] -- Installing: /home/abdelrahman/Wall-Painting-Robot/install/ur_dashboard_msgs/lib/libur_dashboard_msgs__rosidl_typesupport_introspection_c.so
[25.558s] -- Set runtime path of "/home/abdelrahman/Wall-Painting-Robot/install/ur_dashboard_msgs/lib/libur_dashboard_msgs__rosidl_typesupport_introspection_c.so" to ""
[25.559s] -- Installing: /home/abdelrahman/Wall-Painting-Robot/install/ur_dashboard_msgs/lib/libur_dashboard_msgs__rosidl_typesupport_c.so
[25.559s] -- Set runtime path of "/home/abdelrahman/Wall-Painting-Robot/install/ur_dashboard_msgs/lib/libur_dashboard_msgs__rosidl_typesupport_c.so" to ""
[25.559s] -- Installing: /home/abdelrahman/Wall-Painting-Robot/install/ur_dashboard_msgs/lib/libur_dashboard_msgs__rosidl_typesupport_fastrtps_cpp.so
[25.561s] -- Set runtime path of "/home/abdelrahman/Wall-Painting-Robot/install/ur_dashboard_msgs/lib/libur_dashboard_msgs__rosidl_typesupport_fastrtps_cpp.so" to ""
[25.561s] -- Installing: /home/abdelrahman/Wall-Painting-Robot/install/ur_dashboard_msgs/lib/libur_dashboard_msgs__rosidl_typesupport_introspection_cpp.so
[25.562s] -- Set runtime path of "/home/abdelrahman/Wall-Painting-Robot/install/ur_dashboard_msgs/lib/libur_dashboard_msgs__rosidl_typesupport_introspection_cpp.so" to ""
[25.562s] -- Installing: /home/abdelrahman/Wall-Painting-Robot/install/ur_dashboard_msgs/lib/libur_dashboard_msgs__rosidl_typesupport_cpp.so
[25.563s] -- Set runtime path of "/home/abdelrahman/Wall-Painting-Robot/install/ur_dashboard_msgs/lib/libur_dashboard_msgs__rosidl_typesupport_cpp.so" to ""
[25.656s] Listing '/home/abdelrahman/Wall-Painting-Robot/install/ur_dashboard_msgs/local/lib/python3.10/dist-packages/ur_dashboard_msgs'...
[25.656s] Compiling '/home/abdelrahman/Wall-Painting-Robot/install/ur_dashboard_msgs/local/lib/python3.10/dist-packages/ur_dashboard_msgs/__init__.py'...
[25.657s] Listing '/home/abdelrahman/Wall-Painting-Robot/install/ur_dashboard_msgs/local/lib/python3.10/dist-packages/ur_dashboard_msgs/action'...
[25.657s] Compiling '/home/abdelrahman/Wall-Painting-Robot/install/ur_dashboard_msgs/local/lib/python3.10/dist-packages/ur_dashboard_msgs/action/__init__.py'...
[25.657s] Compiling '/home/abdelrahman/Wall-Painting-Robot/install/ur_dashboard_msgs/local/lib/python3.10/dist-packages/ur_dashboard_msgs/action/_set_mode.py'...
[25.657s] Listing '/home/abdelrahman/Wall-Painting-Robot/install/ur_dashboard_msgs/local/lib/python3.10/dist-packages/ur_dashboard_msgs/msg'...
[25.657s] Compiling '/home/abdelrahman/Wall-Painting-Robot/install/ur_dashboard_msgs/local/lib/python3.10/dist-packages/ur_dashboard_msgs/msg/__init__.py'...
[25.657s] Compiling '/home/abdelrahman/Wall-Painting-Robot/install/ur_dashboard_msgs/local/lib/python3.10/dist-packages/ur_dashboard_msgs/msg/_program_state.py'...
[25.657s] Compiling '/home/abdelrahman/Wall-Painting-Robot/install/ur_dashboard_msgs/local/lib/python3.10/dist-packages/ur_dashboard_msgs/msg/_robot_mode.py'...
[25.658s] Compiling '/home/abdelrahman/Wall-Painting-Robot/install/ur_dashboard_msgs/local/lib/python3.10/dist-packages/ur_dashboard_msgs/msg/_safety_mode.py'...
[25.658s] Listing '/home/abdelrahman/Wall-Painting-Robot/install/ur_dashboard_msgs/local/lib/python3.10/dist-packages/ur_dashboard_msgs/srv'...
[25.658s] Compiling '/home/abdelrahman/Wall-Painting-Robot/install/ur_dashboard_msgs/local/lib/python3.10/dist-packages/ur_dashboard_msgs/srv/__init__.py'...
[25.658s] Compiling '/home/abdelrahman/Wall-Painting-Robot/install/ur_dashboard_msgs/local/lib/python3.10/dist-packages/ur_dashboard_msgs/srv/_add_to_log.py'...
[25.658s] Compiling '/home/abdelrahman/Wall-Painting-Robot/install/ur_dashboard_msgs/local/lib/python3.10/dist-packages/ur_dashboard_msgs/srv/_get_loaded_program.py'...
[25.658s] Compiling '/home/abdelrahman/Wall-Painting-Robot/install/ur_dashboard_msgs/local/lib/python3.10/dist-packages/ur_dashboard_msgs/srv/_get_program_state.py'...
[25.658s] Compiling '/home/abdelrahman/Wall-Painting-Robot/install/ur_dashboard_msgs/local/lib/python3.10/dist-packages/ur_dashboard_msgs/srv/_get_robot_mode.py'...
[25.659s] Compiling '/home/abdelrahman/Wall-Painting-Robot/install/ur_dashboard_msgs/local/lib/python3.10/dist-packages/ur_dashboard_msgs/srv/_get_safety_mode.py'...
[25.659s] Compiling '/home/abdelrahman/Wall-Painting-Robot/install/ur_dashboard_msgs/local/lib/python3.10/dist-packages/ur_dashboard_msgs/srv/_is_program_running.py'...
[25.659s] Compiling '/home/abdelrahman/Wall-Painting-Robot/install/ur_dashboard_msgs/local/lib/python3.10/dist-packages/ur_dashboard_msgs/srv/_is_program_saved.py'...
[25.659s] Compiling '/home/abdelrahman/Wall-Painting-Robot/install/ur_dashboard_msgs/local/lib/python3.10/dist-packages/ur_dashboard_msgs/srv/_load.py'...
[25.659s] Compiling '/home/abdelrahman/Wall-Painting-Robot/install/ur_dashboard_msgs/local/lib/python3.10/dist-packages/ur_dashboard_msgs/srv/_popup.py'...
[25.659s] Compiling '/home/abdelrahman/Wall-Painting-Robot/install/ur_dashboard_msgs/local/lib/python3.10/dist-packages/ur_dashboard_msgs/srv/_raw_request.py'...
[25.663s] -- Installing: /home/abdelrahman/Wall-Painting-Robot/install/ur_dashboard_msgs/lib/libur_dashboard_msgs__rosidl_generator_py.so
[25.664s] -- Set runtime path of "/home/abdelrahman/Wall-Painting-Robot/install/ur_dashboard_msgs/lib/libur_dashboard_msgs__rosidl_generator_py.so" to ""
[25.664s] -- Installing: /home/abdelrahman/Wall-Painting-Robot/install/ur_dashboard_msgs/share/ur_dashboard_msgs/cmake/export_ur_dashboard_msgs__rosidl_generator_cExport.cmake
[25.664s] -- Installing: /home/abdelrahman/Wall-Painting-Robot/install/ur_dashboard_msgs/share/ur_dashboard_msgs/cmake/export_ur_dashboard_msgs__rosidl_generator_cExport-noconfig.cmake
[25.664s] -- Installing: /home/abdelrahman/Wall-Painting-Robot/install/ur_dashboard_msgs/share/ur_dashboard_msgs/cmake/export_ur_dashboard_msgs__rosidl_typesupport_fastrtps_cExport.cmake
[25.665s] -- Installing: /home/abdelrahman/Wall-Painting-Robot/install/ur_dashboard_msgs/share/ur_dashboard_msgs/cmake/export_ur_dashboard_msgs__rosidl_typesupport_fastrtps_cExport-noconfig.cmake
[25.665s] -- Installing: /home/abdelrahman/Wall-Painting-Robot/install/ur_dashboard_msgs/share/ur_dashboard_msgs/cmake/ur_dashboard_msgs__rosidl_typesupport_introspection_cExport.cmake
[25.665s] -- Installing: /home/abdelrahman/Wall-Painting-Robot/install/ur_dashboard_msgs/share/ur_dashboard_msgs/cmake/ur_dashboard_msgs__rosidl_typesupport_introspection_cExport-noconfig.cmake
[25.666s] -- Installing: /home/abdelrahman/Wall-Painting-Robot/install/ur_dashboard_msgs/share/ur_dashboard_msgs/cmake/ur_dashboard_msgs__rosidl_typesupport_cExport.cmake
[25.666s] -- Installing: /home/abdelrahman/Wall-Painting-Robot/install/ur_dashboard_msgs/share/ur_dashboard_msgs/cmake/ur_dashboard_msgs__rosidl_typesupport_cExport-noconfig.cmake
[25.667s] -- Installing: /home/abdelrahman/Wall-Painting-Robot/install/ur_dashboard_msgs/share/ur_dashboard_msgs/cmake/export_ur_dashboard_msgs__rosidl_generator_cppExport.cmake
[25.667s] -- Installing: /home/abdelrahman/Wall-Painting-Robot/install/ur_dashboard_msgs/share/ur_dashboard_msgs/cmake/export_ur_dashboard_msgs__rosidl_typesupport_fastrtps_cppExport.cmake
[25.667s] -- Installing: /home/abdelrahman/Wall-Painting-Robot/install/ur_dashboard_msgs/share/ur_dashboard_msgs/cmake/export_ur_dashboard_msgs__rosidl_typesupport_fastrtps_cppExport-noconfig.cmake
[25.667s] -- Installing: /home/abdelrahman/Wall-Painting-Robot/install/ur_dashboard_msgs/share/ur_dashboard_msgs/cmake/ur_dashboard_msgs__rosidl_typesupport_introspection_cppExport.cmake
[25.667s] -- Installing: /home/abdelrahman/Wall-Painting-Robot/install/ur_dashboard_msgs/share/ur_dashboard_msgs/cmake/ur_dashboard_msgs__rosidl_typesupport_introspection_cppExport-noconfig.cmake
[25.667s] -- Installing: /home/abdelrahman/Wall-Painting-Robot/install/ur_dashboard_msgs/share/ur_dashboard_msgs/cmake/ur_dashboard_msgs__rosidl_typesupport_cppExport.cmake
[25.667s] -- Installing: /home/abdelrahman/Wall-Painting-Robot/install/ur_dashboard_msgs/share/ur_dashboard_msgs/cmake/ur_dashboard_msgs__rosidl_typesupport_cppExport-noconfig.cmake
[25.667s] -- Installing: /home/abdelrahman/Wall-Painting-Robot/install/ur_dashboard_msgs/share/ur_dashboard_msgs/cmake/export_ur_dashboard_msgs__rosidl_generator_pyExport.cmake
[25.667s] -- Installing: /home/abdelrahman/Wall-Painting-Robot/install/ur_dashboard_msgs/share/ur_dashboard_msgs/cmake/export_ur_dashboard_msgs__rosidl_generator_pyExport-noconfig.cmake
[25.670s] Invoked command in '/home/abdelrahman/Wall-Painting-Robot/build/ur_dashboard_msgs' returned '0': CMAKE_PREFIX_PATH=${CMAKE_PREFIX_PATH}:/home/abdelrahman/Wall-Painting-Robot/install/rqt_joint_trajectory_controller:/home/abdelrahman/Wall-Painting-Robot/install/rqt_controller_manager:/home/abdelrahman/Wall-Painting-Robot/install/ros2controlcli:/home/abdelrahman/Wall-Painting-Robot/install/ros2_controllers_test_nodes:/opt/ros/humble /usr/bin/cmake --install /home/abdelrahman/Wall-Painting-Robot/build/ur_dashboard_msgs
