[0.008s] Invoking command in '/home/abdelrahman/livox_laser_simulation_ros2/build/ros2_livox_simulation': CMAKE_PREFIX_PATH=${CMAKE_PREFIX_PATH}:/opt/ros/humble /usr/bin/cmake /home/abdelrahman/livox_laser_simulation_ros2 -DCMAKE_INSTALL_PREFIX=/home/abdelrahman/livox_laser_simulation_ros2/install/ros2_livox_simulation
[0.066s] -- The C compiler identification is GNU 11.4.0
[0.105s] -- The CXX compiler identification is GNU 11.4.0
[0.109s] -- Detecting C compiler ABI info
[0.157s] -- Detecting C compiler ABI info - done
[0.164s] -- Check for working C compiler: /usr/bin/cc - skipped
[0.164s] -- Detecting C compile features
[0.164s] -- Detecting C compile features - done
[0.165s] -- Detecting CXX compiler ABI info
[0.221s] -- Detecting CXX compiler ABI info - done
[0.226s] -- Check for working CXX compiler: /usr/bin/c++ - skipped
[0.226s] -- Detecting CXX compile features
[0.226s] -- Detecting CXX compile features - done
[0.228s] -- Found ament_cmake: 1.3.11 (/opt/ros/humble/share/ament_cmake/cmake)
[0.332s] -- Found Python3: /usr/bin/python3 (found version "3.10.12") found components: Interpreter 
[0.389s] -- Found rclcpp: 16.0.12 (/opt/ros/humble/share/rclcpp/cmake)
[0.412s] -- Found rosidl_generator_c: 3.1.6 (/opt/ros/humble/share/rosidl_generator_c/cmake)
[0.415s] -- Found rosidl_adapter: 3.1.6 (/opt/ros/humble/share/rosidl_adapter/cmake)
[0.420s] -- Found rosidl_generator_cpp: 3.1.6 (/opt/ros/humble/share/rosidl_generator_cpp/cmake)
[0.426s] -- Using all available rosidl_typesupport_c: rosidl_typesupport_fastrtps_c;rosidl_typesupport_introspection_c
[0.435s] -- Using all available rosidl_typesupport_cpp: rosidl_typesupport_fastrtps_cpp;rosidl_typesupport_introspection_cpp
[0.459s] -- Found rmw_implementation_cmake: 6.1.2 (/opt/ros/humble/share/rmw_implementation_cmake/cmake)
[0.461s] -- Found rmw_fastrtps_cpp: 6.2.7 (/opt/ros/humble/share/rmw_fastrtps_cpp/cmake)
[0.534s] -- Found OpenSSL: /usr/lib/x86_64-linux-gnu/libcrypto.so (found version "3.0.2")  
[0.550s] -- Found FastRTPS: /opt/ros/humble/include  
[0.574s] -- Using RMW implementation 'rmw_fastrtps_cpp' as default
[0.579s] -- Looking for pthread.h
[0.629s] -- Looking for pthread.h - found
[0.629s] -- Performing Test CMAKE_HAVE_LIBC_PTHREAD
[0.681s] -- Performing Test CMAKE_HAVE_LIBC_PTHREAD - Success
[0.683s] -- Found Threads: TRUE  
[0.714s] -- Found gazebo_dev: 3.9.0 (/opt/ros/humble/share/gazebo_dev/cmake)
[0.720s] -- Found PkgConfig: /usr/bin/pkg-config (found version "0.29.2") 
[0.721s] -- Checking for module 'bullet>=2.82'
[0.732s] --   Found bullet, version 3.05
[0.831s] -- Found fcl: /usr/include (found suitable version "0.7.0", minimum required is "0.5.0") 
[0.877s] -- Found assimp: /usr/include (found version "5.2.0") 
[0.894s] -- Found DART: /usr/include (Required is at least version "6.6") found components: dart 
[0.916s] -- Found Boost: /usr/lib/x86_64-linux-gnu/cmake/Boost-1.74.0/BoostConfig.cmake (found suitable version "1.74.0", minimum required is "1.40.0") found components: thread system filesystem program_options regex iostreams date_time 
[0.928s] -- Found Protobuf: /usr/lib/x86_64-linux-gnu/libprotobuf.so (found version "3.12.4") 
[0.932s] -- Looking for ignition-math6 -- found version 6.15.1
[0.938s] -- Searching for dependencies of ignition-math6
[0.940s] -- Looking for OGRE...
[0.940s] -- OGRE_PREFIX_WATCH changed.
[0.945s] -- Checking for module 'OGRE'
[0.958s] --   Found OGRE, version 1.9.0
[0.991s] -- Found Ogre Ghadamon (1.9.0)
[0.996s] -- Found OGRE: optimized;/usr/lib/x86_64-linux-gnu/libOgreMain.so;debug;/usr/lib/x86_64-linux-gnu/libOgreMain.so
[1.002s] -- Looking for OGRE_Paging...
[1.005s] -- Found OGRE_Paging: optimized;/usr/lib/x86_64-linux-gnu/libOgrePaging.so;debug;/usr/lib/x86_64-linux-gnu/libOgrePaging.so
[1.005s] -- Looking for OGRE_Terrain...
[1.009s] -- Found OGRE_Terrain: optimized;/usr/lib/x86_64-linux-gnu/libOgreTerrain.so;debug;/usr/lib/x86_64-linux-gnu/libOgreTerrain.so
[1.009s] -- Looking for OGRE_Property...
[1.012s] -- Found OGRE_Property: optimized;/usr/lib/x86_64-linux-gnu/libOgreProperty.so;debug;/usr/lib/x86_64-linux-gnu/libOgreProperty.so
[1.012s] -- Looking for OGRE_RTShaderSystem...
[1.015s] -- Found OGRE_RTShaderSystem: optimized;/usr/lib/x86_64-linux-gnu/libOgreRTShaderSystem.so;debug;/usr/lib/x86_64-linux-gnu/libOgreRTShaderSystem.so
[1.015s] -- Looking for OGRE_Volume...
[1.018s] -- Found OGRE_Volume: optimized;/usr/lib/x86_64-linux-gnu/libOgreVolume.so;debug;/usr/lib/x86_64-linux-gnu/libOgreVolume.so
[1.018s] -- Looking for OGRE_Overlay...
[1.020s] -- Found OGRE_Overlay: optimized;/usr/lib/x86_64-linux-gnu/libOgreOverlay.so;debug;/usr/lib/x86_64-linux-gnu/libOgreOverlay.so
[1.079s] -- Looking for ignition-math6 -- found version 6.15.1
[1.085s] -- Looking for ignition-transport8 -- found version 8.2.1
[1.086s] -- Searching for dependencies of ignition-transport8
[1.097s] -- Found Protobuf: /usr/lib/x86_64-linux-gnu/libprotobuf.so (found suitable version "3.12.4", minimum required is "3") 
[1.104s] -- Config-file not installed for ZeroMQ -- checking for pkg-config
[1.108s] -- Checking for module 'libzmq >= 4'
[1.123s] --   Found libzmq , version 4.3.4
[1.161s] -- Found ZeroMQ: TRUE (Required is at least version "4") 
[1.169s] -- Checking for module 'uuid'
[1.181s] --   Found uuid, version 2.37.2
[1.212s] -- Found UUID: TRUE  
[1.218s] -- Looking for ignition-msgs5 -- found version 5.8.1
[1.218s] -- Searching for dependencies of ignition-msgs5
[1.232s] -- Looking for ignition-math6 -- found version 6.15.1
[1.235s] -- Checking for module 'tinyxml2'
[1.246s] --   Found tinyxml2, version 9.0.0
[1.281s] -- Looking for ignition-msgs5 -- found version 5.8.1
[1.282s] -- Looking for ignition-common3 -- found version 3.14.0
[1.283s] -- Searching for dependencies of ignition-common3
[1.283s] -- Looking for dlfcn.h - found
[1.283s] -- Looking for libdl - found
[1.284s] -- Found DL: TRUE  
[1.295s] -- Found tinyobjloader: /usr/lib/x86_64-linux-gnu/cmake/tinyobjloader/tinyobjloader-config.cmake (found version "2.0.0") 
[1.295s] -- Searching for <ignition-common3> component [graphics]
[1.297s] -- Looking for ignition-common3-graphics -- found version 3.14.0
[1.297s] -- Searching for dependencies of ignition-common3-graphics
[1.297s] -- Looking for ignition-math6 -- found version 6.15.1
[1.299s] -- Looking for ignition-fuel_tools4 -- found version 4.4.0
[1.299s] -- Searching for dependencies of ignition-fuel_tools4
[1.368s] -- Found CURL: /usr/lib/x86_64-linux-gnu/libcurl.so (found version "7.81.0")  
[1.380s] -- Checking for module 'jsoncpp'
[1.393s] --   Found jsoncpp, version 1.9.5
[1.424s] -- Found JSONCPP: TRUE  
[1.431s] -- Checking for module 'libzip'
[1.442s] --   Found libzip, version 1.7.3
[1.473s] -- Found ZIP: TRUE  
[1.473s] -- Looking for ignition-common3 -- found version 3.14.0
[1.473s] -- Looking for ignition-math6 -- found version 6.15.1
[1.474s] -- Looking for ignition-msgs5 -- found version 5.8.1
[1.478s] -- Gazebo version: 11.10
[1.478s] -- Checking for module 'tbb'
[1.491s] --   Found tbb, version 2021.5.0
[1.526s] -- Found gazebo_ros: 3.9.0 (/opt/ros/humble/share/gazebo_ros/cmake)
[1.529s] -- Found sensor_msgs: 4.8.0 (/opt/ros/humble/share/sensor_msgs/cmake)
[1.546s] -- Found tf2_ros: 0.25.12 (/opt/ros/humble/share/tf2_ros/cmake)
[1.603s] -- Found rosidl_default_generators: 1.2.0 (/opt/ros/humble/share/rosidl_default_generators/cmake)
[1.613s] -- Configuring incomplete, errors occurred!
[1.613s] See also "/home/abdelrahman/livox_laser_simulation_ros2/build/ros2_livox_simulation/CMakeFiles/CMakeOutput.log".
[1.613s] [31mCMake Error at CMakeLists.txt:29 (find_package):
[1.614s]   By not providing "Findlivox_ros_driver2.cmake" in CMAKE_MODULE_PATH this
[1.614s]   project has asked CMake to find a package configuration file provided by
[1.614s]   "livox_ros_driver2", but CMake did not find one.
[1.614s] 
[1.614s]   Could not find a package configuration file provided by "livox_ros_driver2"
[1.614s]   with any of the following names:
[1.614s] 
[1.614s]     livox_ros_driver2Config.cmake
[1.614s]     livox_ros_driver2-config.cmake
[1.614s] 
[1.614s]   Add the installation prefix of "livox_ros_driver2" to CMAKE_PREFIX_PATH or
[1.614s]   set "livox_ros_driver2_DIR" to a directory containing one of the above
[1.615s]   files.  If "livox_ros_driver2" provides a separate development package or
[1.615s]   SDK, be sure it has been installed.
[1.615s] 
[1.615s] [0m
[1.621s] Invoked command in '/home/abdelrahman/livox_laser_simulation_ros2/build/ros2_livox_simulation' returned '1': CMAKE_PREFIX_PATH=${CMAKE_PREFIX_PATH}:/opt/ros/humble /usr/bin/cmake /home/abdelrahman/livox_laser_simulation_ros2 -DCMAKE_INSTALL_PREFIX=/home/abdelrahman/livox_laser_simulation_ros2/install/ros2_livox_simulation
